2023/02/06 23:21:09 - mmengine - INFO - 
------------------------------------------------------------
System environment:
    sys.platform: win32
    Python: 3.7.15 (default, Nov 24 2022, 18:44:54) [MSC v.1916 64 bit (AMD64)]
    CUDA available: True
    numpy_random_seed: 580247336
    GPU 0: NVIDIA GeForce RTX 2060
    CUDA_HOME: C:\Program Files\NVIDIA GPU Computing Toolkit\CUDA\v10.2
    NVCC: Cuda compilation tools, release 10.2, V10.2.8
    MSVC: 用于 x64 的 Microsoft (R) C/C++ 优化编译器 19.28.29915 版
    GCC: n/a
    PyTorch: 1.8.1+cu101
    PyTorch compiling details: PyTorch built with:
  - C++ Version: 199711
  - MSVC 192829913
  - Intel(R) Math Kernel Library Version 2020.0.2 Product Build 20200624 for Intel(R) 64 architecture applications
  - Intel(R) MKL-DNN v1.7.0 (Git Hash 7aed236906b1f7a05c0917e5257a1af05e9ff683)
  - OpenMP 2019
  - CPU capability usage: AVX2
  - CUDA Runtime 10.1
  - NVCC architecture flags: -gencode;arch=compute_37,code=sm_37;-gencode;arch=compute_50,code=sm_50;-gencode;arch=compute_60,code=sm_60;-gencode;arch=compute_61,code=sm_61;-gencode;arch=compute_70,code=sm_70;-gencode;arch=compute_75,code=sm_75;-gencode;arch=compute_37,code=compute_37
  - CuDNN 7.6.4
  - Magma 2.5.4
  - Build settings: BLAS_INFO=mkl, BUILD_TYPE=Release, CUDA_VERSION=10.1, CUDNN_VERSION=7.6.4, CXX_COMPILER=C:/w/b/windows/tmp_bin/sccache-cl.exe, CXX_FLAGS=/DWIN32 /D_WINDOWS /GR /EHsc /w /bigobj -DUSE_PTHREADPOOL -openmp:experimental -DNDEBUG -DUSE_FBGEMM -DUSE_XNNPACK, LAPACK_INFO=mkl, PERF_WITH_AVX=1, PERF_WITH_AVX2=1, PERF_WITH_AVX512=1, TORCH_VERSION=1.8.1, USE_CUDA=ON, USE_CUDNN=ON, USE_EXCEPTION_PTR=1, USE_GFLAGS=OFF, USE_GLOG=OFF, USE_MKL=ON, USE_MKLDNN=ON, USE_MPI=OFF, USE_NCCL=OFF, USE_NNPACK=OFF, USE_OPENMP=ON, 

    TorchVision: 0.9.1+cu101
    OpenCV: 4.6.0
    MMEngine: 0.3.2

Runtime environment:
    cudnn_benchmark: False
    mp_cfg: {'mp_start_method': 'fork', 'opencv_num_threads': 0}
    dist_cfg: {'backend': 'nccl'}
    seed: None
    deterministic: False
    Distributed launcher: none
    Distributed training: False
    GPU number: 1
------------------------------------------------------------

2023/02/06 23:21:09 - mmengine - INFO - Config:
pretrained = '../pretrain_model/efficientformer-l1_3rdparty_in1k_20220915-cc3e1ac6.pth'
model = dict(
    type='ImageClassifier',
    backbone=dict(
        type='EfficientFormer',
        arch='l1',
        drop_path_rate=0,
        init_cfg=dict(
            type='Pretrained',
            checkpoint=
            '../pretrain_model/efficientformer-l1_3rdparty_in1k_20220915-cc3e1ac6.pth',
            prefix='backbone')),
    neck=dict(type='GlobalAveragePooling', dim=1),
    head=dict(
        type='EfficientFormerClsHead',
        in_channels=448,
        num_classes=5,
        distillation=False))
dataset_type = 'ImageNet'
data_preprocessor = dict(
    num_classes=5,
    mean=[123.675, 116.28, 103.53],
    std=[58.395, 57.12, 57.375],
    to_rgb=True)
bgr_mean = [103.53, 116.28, 123.675]
bgr_std = [57.375, 57.12, 58.395]
train_pipeline = [
    dict(type='LoadImageFromFile'),
    dict(
        type='RandomResizedCrop',
        scale=224,
        backend='pillow',
        interpolation='bicubic'),
    dict(type='RandomFlip', prob=0.5, direction='horizontal'),
    dict(
        type='RandAugment',
        policies='timm_increasing',
        num_policies=2,
        total_level=10,
        magnitude_level=9,
        magnitude_std=0.5,
        hparams=dict(pad_val=[104, 116, 124], interpolation='bicubic')),
    dict(
        type='RandomErasing',
        erase_prob=0.25,
        mode='rand',
        min_area_ratio=0.02,
        max_area_ratio=0.3333333333333333,
        fill_color=[103.53, 116.28, 123.675],
        fill_std=[57.375, 57.12, 58.395]),
    dict(type='PackClsInputs')
]
test_pipeline = [
    dict(type='LoadImageFromFile'),
    dict(
        type='ResizeEdge',
        scale=248,
        edge='short',
        backend='pillow',
        interpolation='bicubic'),
    dict(type='CenterCrop', crop_size=224),
    dict(type='PackClsInputs')
]
train_dataloader = dict(
    pin_memory=True,
    persistent_workers=True,
    collate_fn=dict(type='default_collate'),
    batch_size=32,
    num_workers=2,
    dataset=dict(
        type='ImageNet',
        data_root='../flower_dataset',
        ann_file='train.txt',
        data_prefix='train',
        pipeline=[
            dict(type='LoadImageFromFile'),
            dict(
                type='RandomResizedCrop',
                scale=224,
                backend='pillow',
                interpolation='bicubic'),
            dict(type='RandomFlip', prob=0.5, direction='horizontal'),
            dict(
                type='RandAugment',
                policies='timm_increasing',
                num_policies=2,
                total_level=10,
                magnitude_level=9,
                magnitude_std=0.5,
                hparams=dict(pad_val=[104, 116, 124],
                             interpolation='bicubic')),
            dict(
                type='RandomErasing',
                erase_prob=0.25,
                mode='rand',
                min_area_ratio=0.02,
                max_area_ratio=0.3333333333333333,
                fill_color=[103.53, 116.28, 123.675],
                fill_std=[57.375, 57.12, 58.395]),
            dict(type='PackClsInputs')
        ]),
    sampler=dict(type='DefaultSampler', shuffle=True))
val_dataloader = dict(
    pin_memory=True,
    persistent_workers=True,
    collate_fn=dict(type='default_collate'),
    batch_size=32,
    num_workers=2,
    dataset=dict(
        type='ImageNet',
        data_root='../flower_dataset',
        ann_file='val.txt',
        data_prefix='val',
        pipeline=[
            dict(type='LoadImageFromFile'),
            dict(
                type='ResizeEdge',
                scale=248,
                edge='short',
                backend='pillow',
                interpolation='bicubic'),
            dict(type='CenterCrop', crop_size=224),
            dict(type='PackClsInputs')
        ]),
    sampler=dict(type='DefaultSampler', shuffle=False))
val_evaluator = dict(type='Accuracy', topk=(1, ))
test_dataloader = dict(
    pin_memory=True,
    persistent_workers=True,
    collate_fn=dict(type='default_collate'),
    batch_size=32,
    num_workers=2,
    dataset=dict(
        type='ImageNet',
        data_root='../flower_dataset',
        ann_file='val.txt',
        data_prefix='val',
        pipeline=[
            dict(type='LoadImageFromFile'),
            dict(
                type='ResizeEdge',
                scale=248,
                edge='short',
                backend='pillow',
                interpolation='bicubic'),
            dict(type='CenterCrop', crop_size=224),
            dict(type='PackClsInputs')
        ]),
    sampler=dict(type='DefaultSampler', shuffle=False))
test_evaluator = dict(type='Accuracy', topk=(1, ))
optim_wrapper = dict(
    optimizer=dict(
        type='AdamW',
        lr=3.125e-05,
        weight_decay=0.05,
        eps=1e-08,
        betas=(0.9, 0.999)),
    paramwise_cfg=dict(
        norm_decay_mult=0.0,
        bias_decay_mult=0.0,
        custom_keys=dict({
            '.absolute_pos_embed': dict(decay_mult=0.0),
            '.relative_position_bias_table': dict(decay_mult=0.0)
        })))
param_scheduler = [
    dict(
        type='LinearLR',
        start_factor=0.001,
        by_epoch=False,
        end=100,
        convert_to_iter_based=False),
    dict(type='CosineAnnealingLR', eta_min=1e-05, by_epoch=True, begin=5)
]
train_cfg = dict(by_epoch=True, max_epochs=100, val_interval=1)
val_cfg = dict()
test_cfg = dict()
auto_scale_lr = dict(base_batch_size=32)
default_scope = 'mmcls'
default_hooks = dict(
    timer=dict(type='IterTimerHook'),
    logger=dict(type='LoggerHook', interval=40),
    param_scheduler=dict(type='ParamSchedulerHook'),
    checkpoint=dict(type='CheckpointHook', interval=1),
    sampler_seed=dict(type='DistSamplerSeedHook'),
    visualization=dict(type='VisualizationHook', enable=False))
env_cfg = dict(
    cudnn_benchmark=False,
    mp_cfg=dict(mp_start_method='fork', opencv_num_threads=0),
    dist_cfg=dict(backend='nccl'))
vis_backends = [dict(type='LocalVisBackend')]
visualizer = dict(
    type='ClsVisualizer', vis_backends=[dict(type='LocalVisBackend')])
log_level = 'INFO'
load_from = None
resume = False
randomness = dict(seed=None, deterministic=False)
launcher = 'none'
work_dir = './work_dirs\\efficientformer-l1_inflower'

2023/02/06 23:21:09 - mmengine - INFO - Result has been saved to E:\mmclassification\tools\work_dirs\efficientformer-l1_inflower\modules_statistic_results.json
2023/02/06 23:21:13 - mmengine - INFO - Distributed training is not used, all SyncBatchNorm (SyncBN) layers in the model will be automatically reverted to BatchNormXd layers if they are used.
2023/02/06 23:21:13 - mmengine - INFO - Hooks will be executed in the following order:
before_run:
(VERY_HIGH   ) RuntimeInfoHook                    
(BELOW_NORMAL) LoggerHook                         
 -------------------- 
before_train:
(VERY_HIGH   ) RuntimeInfoHook                    
(NORMAL      ) IterTimerHook                      
(VERY_LOW    ) CheckpointHook                     
 -------------------- 
before_train_epoch:
(VERY_HIGH   ) RuntimeInfoHook                    
(NORMAL      ) IterTimerHook                      
(NORMAL      ) DistSamplerSeedHook                
 -------------------- 
before_train_iter:
(VERY_HIGH   ) RuntimeInfoHook                    
(NORMAL      ) IterTimerHook                      
 -------------------- 
after_train_iter:
(VERY_HIGH   ) RuntimeInfoHook                    
(NORMAL      ) IterTimerHook                      
(BELOW_NORMAL) LoggerHook                         
(LOW         ) ParamSchedulerHook                 
(VERY_LOW    ) CheckpointHook                     
 -------------------- 
after_train_epoch:
(NORMAL      ) IterTimerHook                      
(LOW         ) ParamSchedulerHook                 
(VERY_LOW    ) CheckpointHook                     
 -------------------- 
before_val_epoch:
(NORMAL      ) IterTimerHook                      
 -------------------- 
before_val_iter:
(NORMAL      ) IterTimerHook                      
 -------------------- 
after_val_iter:
(NORMAL      ) IterTimerHook                      
(NORMAL      ) VisualizationHook                  
(BELOW_NORMAL) LoggerHook                         
 -------------------- 
after_val_epoch:
(VERY_HIGH   ) RuntimeInfoHook                    
(NORMAL      ) IterTimerHook                      
(BELOW_NORMAL) LoggerHook                         
(VERY_LOW    ) CheckpointHook                     
 -------------------- 
before_test_epoch:
(NORMAL      ) IterTimerHook                      
 -------------------- 
before_test_iter:
(NORMAL      ) IterTimerHook                      
 -------------------- 
after_test_iter:
(NORMAL      ) IterTimerHook                      
(NORMAL      ) VisualizationHook                  
(BELOW_NORMAL) LoggerHook                         
 -------------------- 
after_test_epoch:
(VERY_HIGH   ) RuntimeInfoHook                    
(NORMAL      ) IterTimerHook                      
(BELOW_NORMAL) LoggerHook                         
 -------------------- 
after_run:
(BELOW_NORMAL) LoggerHook                         
 -------------------- 
2023/02/06 23:21:13 - mmengine - INFO - paramwise_options -- backbone.patch_embed.0.conv.bias:lr=3.125e-05
2023/02/06 23:21:13 - mmengine - INFO - paramwise_options -- backbone.patch_embed.0.conv.bias:weight_decay=0.0
2023/02/06 23:21:13 - mmengine - INFO - paramwise_options -- backbone.patch_embed.0.bn.weight:weight_decay=0.0
2023/02/06 23:21:13 - mmengine - INFO - paramwise_options -- backbone.patch_embed.0.bn.bias:weight_decay=0.0
2023/02/06 23:21:13 - mmengine - INFO - paramwise_options -- backbone.patch_embed.1.conv.bias:lr=3.125e-05
2023/02/06 23:21:13 - mmengine - INFO - paramwise_options -- backbone.patch_embed.1.conv.bias:weight_decay=0.0
2023/02/06 23:21:13 - mmengine - INFO - paramwise_options -- backbone.patch_embed.1.bn.weight:weight_decay=0.0
2023/02/06 23:21:13 - mmengine - INFO - paramwise_options -- backbone.patch_embed.1.bn.bias:weight_decay=0.0
2023/02/06 23:21:13 - mmengine - INFO - paramwise_options -- backbone.network.0.0.mlp.fc1.bias:lr=3.125e-05
2023/02/06 23:21:13 - mmengine - INFO - paramwise_options -- backbone.network.0.0.mlp.fc1.bias:weight_decay=0.0
2023/02/06 23:21:13 - mmengine - INFO - paramwise_options -- backbone.network.0.0.mlp.fc2.bias:lr=3.125e-05
2023/02/06 23:21:13 - mmengine - INFO - paramwise_options -- backbone.network.0.0.mlp.fc2.bias:weight_decay=0.0
2023/02/06 23:21:13 - mmengine - INFO - paramwise_options -- backbone.network.0.0.mlp.norm1.weight:weight_decay=0.0
2023/02/06 23:21:13 - mmengine - INFO - paramwise_options -- backbone.network.0.0.mlp.norm1.bias:weight_decay=0.0
2023/02/06 23:21:13 - mmengine - INFO - paramwise_options -- backbone.network.0.0.mlp.norm2.weight:weight_decay=0.0
2023/02/06 23:21:13 - mmengine - INFO - paramwise_options -- backbone.network.0.0.mlp.norm2.bias:weight_decay=0.0
2023/02/06 23:21:13 - mmengine - INFO - paramwise_options -- backbone.network.0.1.mlp.fc1.bias:lr=3.125e-05
2023/02/06 23:21:13 - mmengine - INFO - paramwise_options -- backbone.network.0.1.mlp.fc1.bias:weight_decay=0.0
2023/02/06 23:21:13 - mmengine - INFO - paramwise_options -- backbone.network.0.1.mlp.fc2.bias:lr=3.125e-05
2023/02/06 23:21:13 - mmengine - INFO - paramwise_options -- backbone.network.0.1.mlp.fc2.bias:weight_decay=0.0
2023/02/06 23:21:13 - mmengine - INFO - paramwise_options -- backbone.network.0.1.mlp.norm1.weight:weight_decay=0.0
2023/02/06 23:21:13 - mmengine - INFO - paramwise_options -- backbone.network.0.1.mlp.norm1.bias:weight_decay=0.0
2023/02/06 23:21:13 - mmengine - INFO - paramwise_options -- backbone.network.0.1.mlp.norm2.weight:weight_decay=0.0
2023/02/06 23:21:13 - mmengine - INFO - paramwise_options -- backbone.network.0.1.mlp.norm2.bias:weight_decay=0.0
2023/02/06 23:21:13 - mmengine - INFO - paramwise_options -- backbone.network.0.2.mlp.fc1.bias:lr=3.125e-05
2023/02/06 23:21:13 - mmengine - INFO - paramwise_options -- backbone.network.0.2.mlp.fc1.bias:weight_decay=0.0
2023/02/06 23:21:13 - mmengine - INFO - paramwise_options -- backbone.network.0.2.mlp.fc2.bias:lr=3.125e-05
2023/02/06 23:21:13 - mmengine - INFO - paramwise_options -- backbone.network.0.2.mlp.fc2.bias:weight_decay=0.0
2023/02/06 23:21:13 - mmengine - INFO - paramwise_options -- backbone.network.0.2.mlp.norm1.weight:weight_decay=0.0
2023/02/06 23:21:13 - mmengine - INFO - paramwise_options -- backbone.network.0.2.mlp.norm1.bias:weight_decay=0.0
2023/02/06 23:21:13 - mmengine - INFO - paramwise_options -- backbone.network.0.2.mlp.norm2.weight:weight_decay=0.0
2023/02/06 23:21:13 - mmengine - INFO - paramwise_options -- backbone.network.0.2.mlp.norm2.bias:weight_decay=0.0
2023/02/06 23:21:13 - mmengine - INFO - paramwise_options -- backbone.network.1.0.conv.bias:lr=3.125e-05
2023/02/06 23:21:13 - mmengine - INFO - paramwise_options -- backbone.network.1.0.conv.bias:weight_decay=0.0
2023/02/06 23:21:13 - mmengine - INFO - paramwise_options -- backbone.network.1.0.bn.weight:weight_decay=0.0
2023/02/06 23:21:13 - mmengine - INFO - paramwise_options -- backbone.network.1.0.bn.bias:weight_decay=0.0
2023/02/06 23:21:13 - mmengine - INFO - paramwise_options -- backbone.network.1.1.mlp.fc1.bias:lr=3.125e-05
2023/02/06 23:21:13 - mmengine - INFO - paramwise_options -- backbone.network.1.1.mlp.fc1.bias:weight_decay=0.0
2023/02/06 23:21:13 - mmengine - INFO - paramwise_options -- backbone.network.1.1.mlp.fc2.bias:lr=3.125e-05
2023/02/06 23:21:13 - mmengine - INFO - paramwise_options -- backbone.network.1.1.mlp.fc2.bias:weight_decay=0.0
2023/02/06 23:21:13 - mmengine - INFO - paramwise_options -- backbone.network.1.1.mlp.norm1.weight:weight_decay=0.0
2023/02/06 23:21:13 - mmengine - INFO - paramwise_options -- backbone.network.1.1.mlp.norm1.bias:weight_decay=0.0
2023/02/06 23:21:13 - mmengine - INFO - paramwise_options -- backbone.network.1.1.mlp.norm2.weight:weight_decay=0.0
2023/02/06 23:21:13 - mmengine - INFO - paramwise_options -- backbone.network.1.1.mlp.norm2.bias:weight_decay=0.0
2023/02/06 23:21:13 - mmengine - INFO - paramwise_options -- backbone.network.1.2.mlp.fc1.bias:lr=3.125e-05
2023/02/06 23:21:13 - mmengine - INFO - paramwise_options -- backbone.network.1.2.mlp.fc1.bias:weight_decay=0.0
2023/02/06 23:21:13 - mmengine - INFO - paramwise_options -- backbone.network.1.2.mlp.fc2.bias:lr=3.125e-05
2023/02/06 23:21:13 - mmengine - INFO - paramwise_options -- backbone.network.1.2.mlp.fc2.bias:weight_decay=0.0
2023/02/06 23:21:13 - mmengine - INFO - paramwise_options -- backbone.network.1.2.mlp.norm1.weight:weight_decay=0.0
2023/02/06 23:21:13 - mmengine - INFO - paramwise_options -- backbone.network.1.2.mlp.norm1.bias:weight_decay=0.0
2023/02/06 23:21:13 - mmengine - INFO - paramwise_options -- backbone.network.1.2.mlp.norm2.weight:weight_decay=0.0
2023/02/06 23:21:13 - mmengine - INFO - paramwise_options -- backbone.network.1.2.mlp.norm2.bias:weight_decay=0.0
2023/02/06 23:21:13 - mmengine - INFO - paramwise_options -- backbone.network.2.0.conv.bias:lr=3.125e-05
2023/02/06 23:21:13 - mmengine - INFO - paramwise_options -- backbone.network.2.0.conv.bias:weight_decay=0.0
2023/02/06 23:21:13 - mmengine - INFO - paramwise_options -- backbone.network.2.0.bn.weight:weight_decay=0.0
2023/02/06 23:21:13 - mmengine - INFO - paramwise_options -- backbone.network.2.0.bn.bias:weight_decay=0.0
2023/02/06 23:21:13 - mmengine - INFO - paramwise_options -- backbone.network.2.1.mlp.fc1.bias:lr=3.125e-05
2023/02/06 23:21:13 - mmengine - INFO - paramwise_options -- backbone.network.2.1.mlp.fc1.bias:weight_decay=0.0
2023/02/06 23:21:13 - mmengine - INFO - paramwise_options -- backbone.network.2.1.mlp.fc2.bias:lr=3.125e-05
2023/02/06 23:21:13 - mmengine - INFO - paramwise_options -- backbone.network.2.1.mlp.fc2.bias:weight_decay=0.0
2023/02/06 23:21:13 - mmengine - INFO - paramwise_options -- backbone.network.2.1.mlp.norm1.weight:weight_decay=0.0
2023/02/06 23:21:13 - mmengine - INFO - paramwise_options -- backbone.network.2.1.mlp.norm1.bias:weight_decay=0.0
2023/02/06 23:21:13 - mmengine - INFO - paramwise_options -- backbone.network.2.1.mlp.norm2.weight:weight_decay=0.0
2023/02/06 23:21:13 - mmengine - INFO - paramwise_options -- backbone.network.2.1.mlp.norm2.bias:weight_decay=0.0
2023/02/06 23:21:13 - mmengine - INFO - paramwise_options -- backbone.network.2.2.mlp.fc1.bias:lr=3.125e-05
2023/02/06 23:21:13 - mmengine - INFO - paramwise_options -- backbone.network.2.2.mlp.fc1.bias:weight_decay=0.0
2023/02/06 23:21:13 - mmengine - INFO - paramwise_options -- backbone.network.2.2.mlp.fc2.bias:lr=3.125e-05
2023/02/06 23:21:13 - mmengine - INFO - paramwise_options -- backbone.network.2.2.mlp.fc2.bias:weight_decay=0.0
2023/02/06 23:21:13 - mmengine - INFO - paramwise_options -- backbone.network.2.2.mlp.norm1.weight:weight_decay=0.0
2023/02/06 23:21:13 - mmengine - INFO - paramwise_options -- backbone.network.2.2.mlp.norm1.bias:weight_decay=0.0
2023/02/06 23:21:13 - mmengine - INFO - paramwise_options -- backbone.network.2.2.mlp.norm2.weight:weight_decay=0.0
2023/02/06 23:21:13 - mmengine - INFO - paramwise_options -- backbone.network.2.2.mlp.norm2.bias:weight_decay=0.0
2023/02/06 23:21:13 - mmengine - INFO - paramwise_options -- backbone.network.2.3.mlp.fc1.bias:lr=3.125e-05
2023/02/06 23:21:13 - mmengine - INFO - paramwise_options -- backbone.network.2.3.mlp.fc1.bias:weight_decay=0.0
2023/02/06 23:21:13 - mmengine - INFO - paramwise_options -- backbone.network.2.3.mlp.fc2.bias:lr=3.125e-05
2023/02/06 23:21:13 - mmengine - INFO - paramwise_options -- backbone.network.2.3.mlp.fc2.bias:weight_decay=0.0
2023/02/06 23:21:13 - mmengine - INFO - paramwise_options -- backbone.network.2.3.mlp.norm1.weight:weight_decay=0.0
2023/02/06 23:21:13 - mmengine - INFO - paramwise_options -- backbone.network.2.3.mlp.norm1.bias:weight_decay=0.0
2023/02/06 23:21:13 - mmengine - INFO - paramwise_options -- backbone.network.2.3.mlp.norm2.weight:weight_decay=0.0
2023/02/06 23:21:13 - mmengine - INFO - paramwise_options -- backbone.network.2.3.mlp.norm2.bias:weight_decay=0.0
2023/02/06 23:21:13 - mmengine - INFO - paramwise_options -- backbone.network.2.4.mlp.fc1.bias:lr=3.125e-05
2023/02/06 23:21:13 - mmengine - INFO - paramwise_options -- backbone.network.2.4.mlp.fc1.bias:weight_decay=0.0
2023/02/06 23:21:13 - mmengine - INFO - paramwise_options -- backbone.network.2.4.mlp.fc2.bias:lr=3.125e-05
2023/02/06 23:21:13 - mmengine - INFO - paramwise_options -- backbone.network.2.4.mlp.fc2.bias:weight_decay=0.0
2023/02/06 23:21:13 - mmengine - INFO - paramwise_options -- backbone.network.2.4.mlp.norm1.weight:weight_decay=0.0
2023/02/06 23:21:13 - mmengine - INFO - paramwise_options -- backbone.network.2.4.mlp.norm1.bias:weight_decay=0.0
2023/02/06 23:21:13 - mmengine - INFO - paramwise_options -- backbone.network.2.4.mlp.norm2.weight:weight_decay=0.0
2023/02/06 23:21:13 - mmengine - INFO - paramwise_options -- backbone.network.2.4.mlp.norm2.bias:weight_decay=0.0
2023/02/06 23:21:13 - mmengine - INFO - paramwise_options -- backbone.network.2.5.mlp.fc1.bias:lr=3.125e-05
2023/02/06 23:21:13 - mmengine - INFO - paramwise_options -- backbone.network.2.5.mlp.fc1.bias:weight_decay=0.0
2023/02/06 23:21:13 - mmengine - INFO - paramwise_options -- backbone.network.2.5.mlp.fc2.bias:lr=3.125e-05
2023/02/06 23:21:13 - mmengine - INFO - paramwise_options -- backbone.network.2.5.mlp.fc2.bias:weight_decay=0.0
2023/02/06 23:21:13 - mmengine - INFO - paramwise_options -- backbone.network.2.5.mlp.norm1.weight:weight_decay=0.0
2023/02/06 23:21:13 - mmengine - INFO - paramwise_options -- backbone.network.2.5.mlp.norm1.bias:weight_decay=0.0
2023/02/06 23:21:13 - mmengine - INFO - paramwise_options -- backbone.network.2.5.mlp.norm2.weight:weight_decay=0.0
2023/02/06 23:21:13 - mmengine - INFO - paramwise_options -- backbone.network.2.5.mlp.norm2.bias:weight_decay=0.0
2023/02/06 23:21:13 - mmengine - INFO - paramwise_options -- backbone.network.2.6.mlp.fc1.bias:lr=3.125e-05
2023/02/06 23:21:13 - mmengine - INFO - paramwise_options -- backbone.network.2.6.mlp.fc1.bias:weight_decay=0.0
2023/02/06 23:21:13 - mmengine - INFO - paramwise_options -- backbone.network.2.6.mlp.fc2.bias:lr=3.125e-05
2023/02/06 23:21:13 - mmengine - INFO - paramwise_options -- backbone.network.2.6.mlp.fc2.bias:weight_decay=0.0
2023/02/06 23:21:13 - mmengine - INFO - paramwise_options -- backbone.network.2.6.mlp.norm1.weight:weight_decay=0.0
2023/02/06 23:21:13 - mmengine - INFO - paramwise_options -- backbone.network.2.6.mlp.norm1.bias:weight_decay=0.0
2023/02/06 23:21:13 - mmengine - INFO - paramwise_options -- backbone.network.2.6.mlp.norm2.weight:weight_decay=0.0
2023/02/06 23:21:13 - mmengine - INFO - paramwise_options -- backbone.network.2.6.mlp.norm2.bias:weight_decay=0.0
2023/02/06 23:21:13 - mmengine - INFO - paramwise_options -- backbone.network.3.0.conv.bias:lr=3.125e-05
2023/02/06 23:21:13 - mmengine - INFO - paramwise_options -- backbone.network.3.0.conv.bias:weight_decay=0.0
2023/02/06 23:21:13 - mmengine - INFO - paramwise_options -- backbone.network.3.0.bn.weight:weight_decay=0.0
2023/02/06 23:21:13 - mmengine - INFO - paramwise_options -- backbone.network.3.0.bn.bias:weight_decay=0.0
2023/02/06 23:21:13 - mmengine - INFO - paramwise_options -- backbone.network.3.1.mlp.fc1.bias:lr=3.125e-05
2023/02/06 23:21:13 - mmengine - INFO - paramwise_options -- backbone.network.3.1.mlp.fc1.bias:weight_decay=0.0
2023/02/06 23:21:13 - mmengine - INFO - paramwise_options -- backbone.network.3.1.mlp.fc2.bias:lr=3.125e-05
2023/02/06 23:21:13 - mmengine - INFO - paramwise_options -- backbone.network.3.1.mlp.fc2.bias:weight_decay=0.0
2023/02/06 23:21:13 - mmengine - INFO - paramwise_options -- backbone.network.3.1.mlp.norm1.weight:weight_decay=0.0
2023/02/06 23:21:13 - mmengine - INFO - paramwise_options -- backbone.network.3.1.mlp.norm1.bias:weight_decay=0.0
2023/02/06 23:21:13 - mmengine - INFO - paramwise_options -- backbone.network.3.1.mlp.norm2.weight:weight_decay=0.0
2023/02/06 23:21:13 - mmengine - INFO - paramwise_options -- backbone.network.3.1.mlp.norm2.bias:weight_decay=0.0
2023/02/06 23:21:13 - mmengine - INFO - paramwise_options -- backbone.network.3.2.mlp.fc1.bias:lr=3.125e-05
2023/02/06 23:21:13 - mmengine - INFO - paramwise_options -- backbone.network.3.2.mlp.fc1.bias:weight_decay=0.0
2023/02/06 23:21:13 - mmengine - INFO - paramwise_options -- backbone.network.3.2.mlp.fc2.bias:lr=3.125e-05
2023/02/06 23:21:13 - mmengine - INFO - paramwise_options -- backbone.network.3.2.mlp.fc2.bias:weight_decay=0.0
2023/02/06 23:21:13 - mmengine - INFO - paramwise_options -- backbone.network.3.2.mlp.norm1.weight:weight_decay=0.0
2023/02/06 23:21:13 - mmengine - INFO - paramwise_options -- backbone.network.3.2.mlp.norm1.bias:weight_decay=0.0
2023/02/06 23:21:13 - mmengine - INFO - paramwise_options -- backbone.network.3.2.mlp.norm2.weight:weight_decay=0.0
2023/02/06 23:21:13 - mmengine - INFO - paramwise_options -- backbone.network.3.2.mlp.norm2.bias:weight_decay=0.0
2023/02/06 23:21:13 - mmengine - INFO - paramwise_options -- backbone.network.3.3.mlp.fc1.bias:lr=3.125e-05
2023/02/06 23:21:13 - mmengine - INFO - paramwise_options -- backbone.network.3.3.mlp.fc1.bias:weight_decay=0.0
2023/02/06 23:21:13 - mmengine - INFO - paramwise_options -- backbone.network.3.3.mlp.fc2.bias:lr=3.125e-05
2023/02/06 23:21:13 - mmengine - INFO - paramwise_options -- backbone.network.3.3.mlp.fc2.bias:weight_decay=0.0
2023/02/06 23:21:13 - mmengine - INFO - paramwise_options -- backbone.network.3.3.mlp.norm1.weight:weight_decay=0.0
2023/02/06 23:21:13 - mmengine - INFO - paramwise_options -- backbone.network.3.3.mlp.norm1.bias:weight_decay=0.0
2023/02/06 23:21:13 - mmengine - INFO - paramwise_options -- backbone.network.3.3.mlp.norm2.weight:weight_decay=0.0
2023/02/06 23:21:13 - mmengine - INFO - paramwise_options -- backbone.network.3.3.mlp.norm2.bias:weight_decay=0.0
2023/02/06 23:21:13 - mmengine - INFO - paramwise_options -- backbone.network.3.5.norm1.weight:weight_decay=0.0
2023/02/06 23:21:13 - mmengine - INFO - paramwise_options -- backbone.network.3.5.norm1.bias:weight_decay=0.0
2023/02/06 23:21:13 - mmengine - INFO - paramwise_options -- backbone.network.3.5.token_mixer.qkv.bias:lr=3.125e-05
2023/02/06 23:21:13 - mmengine - INFO - paramwise_options -- backbone.network.3.5.token_mixer.qkv.bias:weight_decay=0.0
2023/02/06 23:21:13 - mmengine - INFO - paramwise_options -- backbone.network.3.5.token_mixer.proj.bias:lr=3.125e-05
2023/02/06 23:21:13 - mmengine - INFO - paramwise_options -- backbone.network.3.5.token_mixer.proj.bias:weight_decay=0.0
2023/02/06 23:21:13 - mmengine - INFO - paramwise_options -- backbone.network.3.5.norm2.weight:weight_decay=0.0
2023/02/06 23:21:13 - mmengine - INFO - paramwise_options -- backbone.network.3.5.norm2.bias:weight_decay=0.0
2023/02/06 23:21:13 - mmengine - INFO - paramwise_options -- backbone.network.3.5.mlp.fc1.bias:lr=3.125e-05
2023/02/06 23:21:13 - mmengine - INFO - paramwise_options -- backbone.network.3.5.mlp.fc1.bias:weight_decay=0.0
2023/02/06 23:21:13 - mmengine - INFO - paramwise_options -- backbone.network.3.5.mlp.fc2.bias:lr=3.125e-05
2023/02/06 23:21:13 - mmengine - INFO - paramwise_options -- backbone.network.3.5.mlp.fc2.bias:weight_decay=0.0
2023/02/06 23:21:13 - mmengine - INFO - paramwise_options -- backbone.norm3.weight:weight_decay=0.0
2023/02/06 23:21:13 - mmengine - INFO - paramwise_options -- backbone.norm3.bias:weight_decay=0.0
2023/02/06 23:21:13 - mmengine - INFO - paramwise_options -- head.head.bias:lr=3.125e-05
2023/02/06 23:21:13 - mmengine - INFO - paramwise_options -- head.head.bias:weight_decay=0.0
2023/02/06 23:21:14 - mmengine - INFO - Checkpoints will be saved to E:\mmclassification\tools\work_dirs\efficientformer-l1_inflower.
2023/02/06 23:21:30 - mmengine - INFO - Epoch(train)   [1][40/72]  lr: 1.2330e-05  eta: 0:49:59  time: 0.1733  data_time: 0.0009  memory: 2365  loss: 1.5545
2023/02/06 23:21:36 - mmengine - INFO - Exp name: efficientformer-l1_inflower_20230206_232102
2023/02/06 23:21:36 - mmengine - INFO - Saving checkpoint at 1 epochs
2023/02/06 23:21:46 - mmengine - INFO - Epoch(val) [1][18/18]  accuracy/top1: 74.4718
2023/02/06 23:21:55 - mmengine - INFO - Epoch(train)   [2][40/72]  lr: 3.1250e-05  eta: 0:32:47  time: 0.1823  data_time: 0.0006  memory: 2365  loss: 0.9688
2023/02/06 23:22:01 - mmengine - INFO - Exp name: efficientformer-l1_inflower_20230206_232102
2023/02/06 23:22:01 - mmengine - INFO - Saving checkpoint at 2 epochs
2023/02/06 23:22:03 - mmengine - INFO - Epoch(val) [2][18/18]  accuracy/top1: 92.4296
2023/02/06 23:22:11 - mmengine - INFO - Epoch(train)   [3][40/72]  lr: 3.1250e-05  eta: 0:28:13  time: 0.1828  data_time: 0.0005  memory: 2365  loss: 0.3657
2023/02/06 23:22:17 - mmengine - INFO - Exp name: efficientformer-l1_inflower_20230206_232102
2023/02/06 23:22:17 - mmengine - INFO - Saving checkpoint at 3 epochs
2023/02/06 23:22:19 - mmengine - INFO - Epoch(val) [3][18/18]  accuracy/top1: 94.0141
2023/02/06 23:22:27 - mmengine - INFO - Epoch(train)   [4][40/72]  lr: 3.1250e-05  eta: 0:26:13  time: 0.2108  data_time: 0.0009  memory: 2365  loss: 0.2582
2023/02/06 23:22:33 - mmengine - INFO - Exp name: efficientformer-l1_inflower_20230206_232102
2023/02/06 23:22:33 - mmengine - INFO - Saving checkpoint at 4 epochs
2023/02/06 23:22:35 - mmengine - INFO - Epoch(val) [4][18/18]  accuracy/top1: 93.8380
2023/02/06 23:22:43 - mmengine - INFO - Epoch(train)   [5][40/72]  lr: 3.1250e-05  eta: 0:24:56  time: 0.1846  data_time: 0.0005  memory: 2365  loss: 0.2492
2023/02/06 23:22:49 - mmengine - INFO - Exp name: efficientformer-l1_inflower_20230206_232102
2023/02/06 23:22:49 - mmengine - INFO - Saving checkpoint at 5 epochs
2023/02/06 23:22:51 - mmengine - INFO - Epoch(val) [5][18/18]  accuracy/top1: 94.5423
2023/02/06 23:22:59 - mmengine - INFO - Epoch(train)   [6][40/72]  lr: 3.1250e-05  eta: 0:24:13  time: 0.2052  data_time: 0.0008  memory: 2365  loss: 0.2192
2023/02/06 23:23:05 - mmengine - INFO - Exp name: efficientformer-l1_inflower_20230206_232102
2023/02/06 23:23:05 - mmengine - INFO - Saving checkpoint at 6 epochs
2023/02/06 23:23:08 - mmengine - INFO - Epoch(val) [6][18/18]  accuracy/top1: 95.0704
2023/02/06 23:23:15 - mmengine - INFO - Epoch(train)   [7][40/72]  lr: 3.1244e-05  eta: 0:23:32  time: 0.1845  data_time: 0.0002  memory: 2365  loss: 0.2186
2023/02/06 23:23:21 - mmengine - INFO - Exp name: efficientformer-l1_inflower_20230206_232102
2023/02/06 23:23:21 - mmengine - INFO - Saving checkpoint at 7 epochs
2023/02/06 23:23:24 - mmengine - INFO - Epoch(val) [7][18/18]  accuracy/top1: 95.2465
2023/02/06 23:23:31 - mmengine - INFO - Epoch(train)   [8][40/72]  lr: 3.1227e-05  eta: 0:22:58  time: 0.1820  data_time: 0.0006  memory: 2365  loss: 0.1569
2023/02/06 23:23:37 - mmengine - INFO - Exp name: efficientformer-l1_inflower_20230206_232102
2023/02/06 23:23:37 - mmengine - INFO - Saving checkpoint at 8 epochs
2023/02/06 23:23:39 - mmengine - INFO - Epoch(val) [8][18/18]  accuracy/top1: 95.5986
2023/02/06 23:23:47 - mmengine - INFO - Epoch(train)   [9][40/72]  lr: 3.1198e-05  eta: 0:22:27  time: 0.1858  data_time: 0.0008  memory: 2365  loss: 0.1661
2023/02/06 23:23:53 - mmengine - INFO - Exp name: efficientformer-l1_inflower_20230206_232102
2023/02/06 23:23:53 - mmengine - INFO - Saving checkpoint at 9 epochs
2023/02/06 23:23:56 - mmengine - INFO - Epoch(val) [9][18/18]  accuracy/top1: 95.0704
2023/02/06 23:24:03 - mmengine - INFO - Epoch(train)  [10][40/72]  lr: 3.1157e-05  eta: 0:22:07  time: 0.1837  data_time: 0.0005  memory: 2365  loss: 0.1708
2023/02/06 23:24:09 - mmengine - INFO - Exp name: efficientformer-l1_inflower_20230206_232102
2023/02/06 23:24:09 - mmengine - INFO - Saving checkpoint at 10 epochs
2023/02/06 23:24:11 - mmengine - INFO - Epoch(val) [10][18/18]  accuracy/top1: 96.3028
2023/02/06 23:24:20 - mmengine - INFO - Epoch(train)  [11][40/72]  lr: 3.1105e-05  eta: 0:21:46  time: 0.1886  data_time: 0.0007  memory: 2365  loss: 0.1229
2023/02/06 23:24:25 - mmengine - INFO - Exp name: efficientformer-l1_inflower_20230206_232102
2023/02/06 23:24:25 - mmengine - INFO - Saving checkpoint at 11 epochs
2023/02/06 23:24:28 - mmengine - INFO - Epoch(val) [11][18/18]  accuracy/top1: 96.1268
2023/02/06 23:24:35 - mmengine - INFO - Epoch(train)  [12][40/72]  lr: 3.1042e-05  eta: 0:21:23  time: 0.1870  data_time: 0.0005  memory: 2365  loss: 0.1598
2023/02/06 23:24:41 - mmengine - INFO - Exp name: efficientformer-l1_inflower_20230206_232102
2023/02/06 23:24:41 - mmengine - INFO - Saving checkpoint at 12 epochs
2023/02/06 23:24:44 - mmengine - INFO - Epoch(val) [12][18/18]  accuracy/top1: 95.4225
2023/02/06 23:24:52 - mmengine - INFO - Epoch(train)  [13][40/72]  lr: 3.0967e-05  eta: 0:21:04  time: 0.1915  data_time: 0.0009  memory: 2365  loss: 0.1404
2023/02/06 23:24:58 - mmengine - INFO - Exp name: efficientformer-l1_inflower_20230206_232102
2023/02/06 23:24:58 - mmengine - INFO - Saving checkpoint at 13 epochs
2023/02/06 23:25:00 - mmengine - INFO - Epoch(val) [13][18/18]  accuracy/top1: 96.3028
2023/02/06 23:25:08 - mmengine - INFO - Epoch(train)  [14][40/72]  lr: 3.0880e-05  eta: 0:20:44  time: 0.1869  data_time: 0.0007  memory: 2365  loss: 0.1845
2023/02/06 23:25:12 - mmengine - INFO - Exp name: efficientformer-l1_inflower_20230206_232102
2023/02/06 23:25:13 - mmengine - INFO - Exp name: efficientformer-l1_inflower_20230206_232102
2023/02/06 23:25:13 - mmengine - INFO - Saving checkpoint at 14 epochs
2023/02/06 23:25:16 - mmengine - INFO - Epoch(val) [14][18/18]  accuracy/top1: 96.3028
2023/02/06 23:25:24 - mmengine - INFO - Epoch(train)  [15][40/72]  lr: 3.0783e-05  eta: 0:20:25  time: 0.1845  data_time: 0.0002  memory: 2365  loss: 0.1065
2023/02/06 23:25:30 - mmengine - INFO - Exp name: efficientformer-l1_inflower_20230206_232102
2023/02/06 23:25:30 - mmengine - INFO - Saving checkpoint at 15 epochs
2023/02/06 23:25:33 - mmengine - INFO - Epoch(val) [15][18/18]  accuracy/top1: 95.5986
2023/02/06 23:25:40 - mmengine - INFO - Epoch(train)  [16][40/72]  lr: 3.0674e-05  eta: 0:20:05  time: 0.1801  data_time: 0.0008  memory: 2365  loss: 0.1232
2023/02/06 23:25:46 - mmengine - INFO - Exp name: efficientformer-l1_inflower_20230206_232102
2023/02/06 23:25:46 - mmengine - INFO - Saving checkpoint at 16 epochs
2023/02/06 23:25:48 - mmengine - INFO - Epoch(val) [16][18/18]  accuracy/top1: 95.9507
2023/02/06 23:25:56 - mmengine - INFO - Epoch(train)  [17][40/72]  lr: 3.0555e-05  eta: 0:19:44  time: 0.1780  data_time: 0.0005  memory: 2365  loss: 0.1041
2023/02/06 23:26:01 - mmengine - INFO - Exp name: efficientformer-l1_inflower_20230206_232102
2023/02/06 23:26:01 - mmengine - INFO - Saving checkpoint at 17 epochs
2023/02/06 23:26:04 - mmengine - INFO - Epoch(val) [17][18/18]  accuracy/top1: 96.1268
2023/02/06 23:26:11 - mmengine - INFO - Epoch(train)  [18][40/72]  lr: 3.0424e-05  eta: 0:19:25  time: 0.1832  data_time: 0.0006  memory: 2365  loss: 0.1385
2023/02/06 23:26:17 - mmengine - INFO - Exp name: efficientformer-l1_inflower_20230206_232102
2023/02/06 23:26:17 - mmengine - INFO - Saving checkpoint at 18 epochs
2023/02/06 23:26:19 - mmengine - INFO - Epoch(val) [18][18/18]  accuracy/top1: 96.1268
2023/02/06 23:26:27 - mmengine - INFO - Epoch(train)  [19][40/72]  lr: 3.0283e-05  eta: 0:19:06  time: 0.1802  data_time: 0.0007  memory: 2365  loss: 0.1294
2023/02/06 23:26:32 - mmengine - INFO - Exp name: efficientformer-l1_inflower_20230206_232102
2023/02/06 23:26:32 - mmengine - INFO - Saving checkpoint at 19 epochs
2023/02/06 23:26:35 - mmengine - INFO - Epoch(val) [19][18/18]  accuracy/top1: 95.7747
2023/02/06 23:26:42 - mmengine - INFO - Epoch(train)  [20][40/72]  lr: 3.0131e-05  eta: 0:18:49  time: 0.1866  data_time: 0.0008  memory: 2365  loss: 0.1006
2023/02/06 23:26:48 - mmengine - INFO - Exp name: efficientformer-l1_inflower_20230206_232102
2023/02/06 23:26:48 - mmengine - INFO - Saving checkpoint at 20 epochs
2023/02/06 23:26:51 - mmengine - INFO - Epoch(val) [20][18/18]  accuracy/top1: 95.9507
2023/02/06 23:26:58 - mmengine - INFO - Epoch(train)  [21][40/72]  lr: 2.9969e-05  eta: 0:18:32  time: 0.1821  data_time: 0.0005  memory: 2365  loss: 0.1346
2023/02/06 23:27:04 - mmengine - INFO - Exp name: efficientformer-l1_inflower_20230206_232102
2023/02/06 23:27:04 - mmengine - INFO - Saving checkpoint at 21 epochs
2023/02/06 23:27:06 - mmengine - INFO - Epoch(val) [21][18/18]  accuracy/top1: 97.1831
2023/02/06 23:27:14 - mmengine - INFO - Epoch(train)  [22][40/72]  lr: 2.9797e-05  eta: 0:18:15  time: 0.1790  data_time: 0.0004  memory: 2365  loss: 0.1128
2023/02/06 23:27:20 - mmengine - INFO - Exp name: efficientformer-l1_inflower_20230206_232102
2023/02/06 23:27:20 - mmengine - INFO - Saving checkpoint at 22 epochs
2023/02/06 23:27:22 - mmengine - INFO - Epoch(val) [22][18/18]  accuracy/top1: 96.3028
2023/02/06 23:27:29 - mmengine - INFO - Epoch(train)  [23][40/72]  lr: 2.9615e-05  eta: 0:17:59  time: 0.1836  data_time: 0.0004  memory: 2365  loss: 0.1333
2023/02/06 23:27:35 - mmengine - INFO - Exp name: efficientformer-l1_inflower_20230206_232102
2023/02/06 23:27:35 - mmengine - INFO - Saving checkpoint at 23 epochs
2023/02/06 23:27:38 - mmengine - INFO - Epoch(val) [23][18/18]  accuracy/top1: 95.2465
2023/02/06 23:27:46 - mmengine - INFO - Epoch(train)  [24][40/72]  lr: 2.9423e-05  eta: 0:17:43  time: 0.1858  data_time: 0.0006  memory: 2365  loss: 0.0434
2023/02/06 23:27:51 - mmengine - INFO - Exp name: efficientformer-l1_inflower_20230206_232102
2023/02/06 23:27:51 - mmengine - INFO - Saving checkpoint at 24 epochs
2023/02/06 23:27:54 - mmengine - INFO - Epoch(val) [24][18/18]  accuracy/top1: 95.9507
2023/02/06 23:28:01 - mmengine - INFO - Epoch(train)  [25][40/72]  lr: 2.9221e-05  eta: 0:17:27  time: 0.1839  data_time: 0.0005  memory: 2365  loss: 0.1124
2023/02/06 23:28:07 - mmengine - INFO - Exp name: efficientformer-l1_inflower_20230206_232102
2023/02/06 23:28:07 - mmengine - INFO - Saving checkpoint at 25 epochs
2023/02/06 23:28:10 - mmengine - INFO - Epoch(val) [25][18/18]  accuracy/top1: 96.3028
2023/02/06 23:28:17 - mmengine - INFO - Epoch(train)  [26][40/72]  lr: 2.9010e-05  eta: 0:17:13  time: 0.1846  data_time: 0.0004  memory: 2365  loss: 0.1015
2023/02/06 23:28:23 - mmengine - INFO - Exp name: efficientformer-l1_inflower_20230206_232102
2023/02/06 23:28:23 - mmengine - INFO - Saving checkpoint at 26 epochs
2023/02/06 23:28:25 - mmengine - INFO - Epoch(val) [26][18/18]  accuracy/top1: 95.9507
2023/02/06 23:28:33 - mmengine - INFO - Epoch(train)  [27][40/72]  lr: 2.8789e-05  eta: 0:16:57  time: 0.1825  data_time: 0.0006  memory: 2365  loss: 0.0758
2023/02/06 23:28:39 - mmengine - INFO - Exp name: efficientformer-l1_inflower_20230206_232102
2023/02/06 23:28:39 - mmengine - INFO - Saving checkpoint at 27 epochs
2023/02/06 23:28:41 - mmengine - INFO - Epoch(val) [27][18/18]  accuracy/top1: 96.4789
2023/02/06 23:28:49 - mmengine - INFO - Epoch(train)  [28][40/72]  lr: 2.8560e-05  eta: 0:16:42  time: 0.1829  data_time: 0.0003  memory: 2365  loss: 0.0934
2023/02/06 23:28:52 - mmengine - INFO - Exp name: efficientformer-l1_inflower_20230206_232102
2023/02/06 23:28:55 - mmengine - INFO - Exp name: efficientformer-l1_inflower_20230206_232102
2023/02/06 23:28:55 - mmengine - INFO - Saving checkpoint at 28 epochs
2023/02/06 23:28:57 - mmengine - INFO - Epoch(val) [28][18/18]  accuracy/top1: 95.5986
2023/02/06 23:29:05 - mmengine - INFO - Epoch(train)  [29][40/72]  lr: 2.8322e-05  eta: 0:16:29  time: 0.1811  data_time: 0.0005  memory: 2365  loss: 0.0733
2023/02/06 23:29:11 - mmengine - INFO - Exp name: efficientformer-l1_inflower_20230206_232102
2023/02/06 23:29:11 - mmengine - INFO - Saving checkpoint at 29 epochs
2023/02/06 23:29:15 - mmengine - INFO - Epoch(val) [29][18/18]  accuracy/top1: 96.1268
2023/02/06 23:29:23 - mmengine - INFO - Epoch(train)  [30][40/72]  lr: 2.8076e-05  eta: 0:16:16  time: 0.2050  data_time: 0.0011  memory: 2365  loss: 0.1108
2023/02/06 23:29:30 - mmengine - INFO - Exp name: efficientformer-l1_inflower_20230206_232102
2023/02/06 23:29:30 - mmengine - INFO - Saving checkpoint at 30 epochs
2023/02/06 23:29:35 - mmengine - INFO - Epoch(val) [30][18/18]  accuracy/top1: 96.6549
2023/02/06 23:29:43 - mmengine - INFO - Epoch(train)  [31][40/72]  lr: 2.7821e-05  eta: 0:16:05  time: 0.1848  data_time: 0.0007  memory: 2365  loss: 0.0840
2023/02/06 23:29:49 - mmengine - INFO - Exp name: efficientformer-l1_inflower_20230206_232102
2023/02/06 23:29:49 - mmengine - INFO - Saving checkpoint at 31 epochs
2023/02/06 23:29:51 - mmengine - INFO - Epoch(val) [31][18/18]  accuracy/top1: 96.8310
2023/02/06 23:29:59 - mmengine - INFO - Epoch(train)  [32][40/72]  lr: 2.7559e-05  eta: 0:15:50  time: 0.1853  data_time: 0.0006  memory: 2365  loss: 0.0820
2023/02/06 23:30:05 - mmengine - INFO - Exp name: efficientformer-l1_inflower_20230206_232102
2023/02/06 23:30:05 - mmengine - INFO - Saving checkpoint at 32 epochs
2023/02/06 23:30:07 - mmengine - INFO - Epoch(val) [32][18/18]  accuracy/top1: 97.0070
2023/02/06 23:30:15 - mmengine - INFO - Epoch(train)  [33][40/72]  lr: 2.7289e-05  eta: 0:15:37  time: 0.2085  data_time: 0.0013  memory: 2365  loss: 0.0722
2023/02/06 23:30:22 - mmengine - INFO - Exp name: efficientformer-l1_inflower_20230206_232102
2023/02/06 23:30:22 - mmengine - INFO - Saving checkpoint at 33 epochs
2023/02/06 23:30:24 - mmengine - INFO - Epoch(val) [33][18/18]  accuracy/top1: 97.0070
2023/02/06 23:30:32 - mmengine - INFO - Epoch(train)  [34][40/72]  lr: 2.7011e-05  eta: 0:15:24  time: 0.1859  data_time: 0.0004  memory: 2365  loss: 0.0987
2023/02/06 23:30:38 - mmengine - INFO - Exp name: efficientformer-l1_inflower_20230206_232102
2023/02/06 23:30:38 - mmengine - INFO - Saving checkpoint at 34 epochs
2023/02/06 23:30:40 - mmengine - INFO - Epoch(val) [34][18/18]  accuracy/top1: 95.9507
2023/02/06 23:30:48 - mmengine - INFO - Epoch(train)  [35][40/72]  lr: 2.6727e-05  eta: 0:15:10  time: 0.1862  data_time: 0.0005  memory: 2365  loss: 0.0702
2023/02/06 23:30:54 - mmengine - INFO - Exp name: efficientformer-l1_inflower_20230206_232102
2023/02/06 23:30:54 - mmengine - INFO - Saving checkpoint at 35 epochs
2023/02/06 23:30:56 - mmengine - INFO - Epoch(val) [35][18/18]  accuracy/top1: 96.8310
2023/02/06 23:31:04 - mmengine - INFO - Epoch(train)  [36][40/72]  lr: 2.6436e-05  eta: 0:14:55  time: 0.1855  data_time: 0.0006  memory: 2365  loss: 0.0669
2023/02/06 23:31:10 - mmengine - INFO - Exp name: efficientformer-l1_inflower_20230206_232102
2023/02/06 23:31:10 - mmengine - INFO - Saving checkpoint at 36 epochs
2023/02/06 23:31:12 - mmengine - INFO - Epoch(val) [36][18/18]  accuracy/top1: 96.3028
2023/02/06 23:31:19 - mmengine - INFO - Epoch(train)  [37][40/72]  lr: 2.6139e-05  eta: 0:14:40  time: 0.1895  data_time: 0.0004  memory: 2365  loss: 0.0800
2023/02/06 23:31:26 - mmengine - INFO - Exp name: efficientformer-l1_inflower_20230206_232102
2023/02/06 23:31:26 - mmengine - INFO - Saving checkpoint at 37 epochs
2023/02/06 23:31:28 - mmengine - INFO - Epoch(val) [37][18/18]  accuracy/top1: 96.1268
2023/02/06 23:31:35 - mmengine - INFO - Epoch(train)  [38][40/72]  lr: 2.5836e-05  eta: 0:14:26  time: 0.1794  data_time: 0.0002  memory: 2365  loss: 0.0647
2023/02/06 23:31:41 - mmengine - INFO - Exp name: efficientformer-l1_inflower_20230206_232102
2023/02/06 23:31:41 - mmengine - INFO - Saving checkpoint at 38 epochs
2023/02/06 23:31:43 - mmengine - INFO - Epoch(val) [38][18/18]  accuracy/top1: 95.5986
2023/02/06 23:31:51 - mmengine - INFO - Epoch(train)  [39][40/72]  lr: 2.5527e-05  eta: 0:14:12  time: 0.1823  data_time: 0.0004  memory: 2365  loss: 0.1038
2023/02/06 23:31:57 - mmengine - INFO - Exp name: efficientformer-l1_inflower_20230206_232102
2023/02/06 23:31:57 - mmengine - INFO - Saving checkpoint at 39 epochs
2023/02/06 23:32:00 - mmengine - INFO - Epoch(val) [39][18/18]  accuracy/top1: 97.0070
2023/02/06 23:32:07 - mmengine - INFO - Epoch(train)  [40][40/72]  lr: 2.5212e-05  eta: 0:13:57  time: 0.1853  data_time: 0.0005  memory: 2365  loss: 0.0791
2023/02/06 23:32:13 - mmengine - INFO - Exp name: efficientformer-l1_inflower_20230206_232102
2023/02/06 23:32:13 - mmengine - INFO - Saving checkpoint at 40 epochs
2023/02/06 23:32:16 - mmengine - INFO - Epoch(val) [40][18/18]  accuracy/top1: 96.6549
2023/02/06 23:32:23 - mmengine - INFO - Epoch(train)  [41][40/72]  lr: 2.4893e-05  eta: 0:13:43  time: 0.1830  data_time: 0.0007  memory: 2365  loss: 0.0878
2023/02/06 23:32:30 - mmengine - INFO - Exp name: efficientformer-l1_inflower_20230206_232102
2023/02/06 23:32:30 - mmengine - INFO - Saving checkpoint at 41 epochs
2023/02/06 23:32:32 - mmengine - INFO - Epoch(val) [41][18/18]  accuracy/top1: 96.6549
2023/02/06 23:32:39 - mmengine - INFO - Epoch(train)  [42][40/72]  lr: 2.4569e-05  eta: 0:13:29  time: 0.1846  data_time: 0.0007  memory: 2365  loss: 0.1039
2023/02/06 23:32:41 - mmengine - INFO - Exp name: efficientformer-l1_inflower_20230206_232102
2023/02/06 23:32:45 - mmengine - INFO - Exp name: efficientformer-l1_inflower_20230206_232102
2023/02/06 23:32:45 - mmengine - INFO - Saving checkpoint at 42 epochs
2023/02/06 23:32:49 - mmengine - INFO - Epoch(val) [42][18/18]  accuracy/top1: 96.3028
2023/02/06 23:32:56 - mmengine - INFO - Epoch(train)  [43][40/72]  lr: 2.4241e-05  eta: 0:13:15  time: 0.1824  data_time: 0.0004  memory: 2365  loss: 0.0656
2023/02/06 23:33:02 - mmengine - INFO - Exp name: efficientformer-l1_inflower_20230206_232102
2023/02/06 23:33:02 - mmengine - INFO - Saving checkpoint at 43 epochs
2023/02/06 23:33:04 - mmengine - INFO - Epoch(val) [43][18/18]  accuracy/top1: 95.9507
2023/02/06 23:33:12 - mmengine - INFO - Epoch(train)  [44][40/72]  lr: 2.3908e-05  eta: 0:13:00  time: 0.1837  data_time: 0.0005  memory: 2365  loss: 0.0816
2023/02/06 23:33:18 - mmengine - INFO - Exp name: efficientformer-l1_inflower_20230206_232102
2023/02/06 23:33:18 - mmengine - INFO - Saving checkpoint at 44 epochs
2023/02/06 23:33:20 - mmengine - INFO - Epoch(val) [44][18/18]  accuracy/top1: 96.3028
2023/02/06 23:33:27 - mmengine - INFO - Epoch(train)  [45][40/72]  lr: 2.3572e-05  eta: 0:12:46  time: 0.1828  data_time: 0.0006  memory: 2365  loss: 0.0594
2023/02/06 23:33:33 - mmengine - INFO - Exp name: efficientformer-l1_inflower_20230206_232102
2023/02/06 23:33:33 - mmengine - INFO - Saving checkpoint at 45 epochs
2023/02/06 23:33:35 - mmengine - INFO - Epoch(val) [45][18/18]  accuracy/top1: 96.8310
2023/02/06 23:33:43 - mmengine - INFO - Epoch(train)  [46][40/72]  lr: 2.3233e-05  eta: 0:12:31  time: 0.1821  data_time: 0.0007  memory: 2365  loss: 0.1220
2023/02/06 23:33:49 - mmengine - INFO - Exp name: efficientformer-l1_inflower_20230206_232102
2023/02/06 23:33:49 - mmengine - INFO - Saving checkpoint at 46 epochs
2023/02/06 23:33:51 - mmengine - INFO - Epoch(val) [46][18/18]  accuracy/top1: 96.6549
2023/02/06 23:33:59 - mmengine - INFO - Epoch(train)  [47][40/72]  lr: 2.2891e-05  eta: 0:12:17  time: 0.1973  data_time: 0.0006  memory: 2365  loss: 0.0416
2023/02/06 23:34:05 - mmengine - INFO - Exp name: efficientformer-l1_inflower_20230206_232102
2023/02/06 23:34:05 - mmengine - INFO - Saving checkpoint at 47 epochs
2023/02/06 23:34:07 - mmengine - INFO - Epoch(val) [47][18/18]  accuracy/top1: 96.4789
2023/02/06 23:34:14 - mmengine - INFO - Epoch(train)  [48][40/72]  lr: 2.2547e-05  eta: 0:12:03  time: 0.1838  data_time: 0.0006  memory: 2365  loss: 0.1075
2023/02/06 23:34:20 - mmengine - INFO - Exp name: efficientformer-l1_inflower_20230206_232102
2023/02/06 23:34:20 - mmengine - INFO - Saving checkpoint at 48 epochs
2023/02/06 23:34:24 - mmengine - INFO - Epoch(val) [48][18/18]  accuracy/top1: 96.8310
2023/02/06 23:34:31 - mmengine - INFO - Epoch(train)  [49][40/72]  lr: 2.2200e-05  eta: 0:11:49  time: 0.1818  data_time: 0.0004  memory: 2365  loss: 0.0579
2023/02/06 23:34:37 - mmengine - INFO - Exp name: efficientformer-l1_inflower_20230206_232102
2023/02/06 23:34:37 - mmengine - INFO - Saving checkpoint at 49 epochs
2023/02/06 23:34:39 - mmengine - INFO - Epoch(val) [49][18/18]  accuracy/top1: 97.1831
2023/02/06 23:34:47 - mmengine - INFO - Epoch(train)  [50][40/72]  lr: 2.1852e-05  eta: 0:11:35  time: 0.1824  data_time: 0.0009  memory: 2365  loss: 0.0875
2023/02/06 23:34:53 - mmengine - INFO - Exp name: efficientformer-l1_inflower_20230206_232102
2023/02/06 23:34:53 - mmengine - INFO - Saving checkpoint at 50 epochs
2023/02/06 23:34:55 - mmengine - INFO - Epoch(val) [50][18/18]  accuracy/top1: 96.8310
2023/02/06 23:35:03 - mmengine - INFO - Epoch(train)  [51][40/72]  lr: 2.1502e-05  eta: 0:11:21  time: 0.1841  data_time: 0.0005  memory: 2365  loss: 0.0620
2023/02/06 23:35:09 - mmengine - INFO - Exp name: efficientformer-l1_inflower_20230206_232102
2023/02/06 23:35:09 - mmengine - INFO - Saving checkpoint at 51 epochs
2023/02/06 23:35:11 - mmengine - INFO - Epoch(val) [51][18/18]  accuracy/top1: 96.4789
2023/02/06 23:35:19 - mmengine - INFO - Epoch(train)  [52][40/72]  lr: 2.1152e-05  eta: 0:11:07  time: 0.1848  data_time: 0.0009  memory: 2365  loss: 0.0481
2023/02/06 23:35:25 - mmengine - INFO - Exp name: efficientformer-l1_inflower_20230206_232102
2023/02/06 23:35:25 - mmengine - INFO - Saving checkpoint at 52 epochs
2023/02/06 23:35:27 - mmengine - INFO - Epoch(val) [52][18/18]  accuracy/top1: 96.6549
2023/02/06 23:35:34 - mmengine - INFO - Epoch(train)  [53][40/72]  lr: 2.0801e-05  eta: 0:10:52  time: 0.1819  data_time: 0.0009  memory: 2365  loss: 0.0808
2023/02/06 23:35:40 - mmengine - INFO - Exp name: efficientformer-l1_inflower_20230206_232102
2023/02/06 23:35:40 - mmengine - INFO - Saving checkpoint at 53 epochs
2023/02/06 23:35:42 - mmengine - INFO - Epoch(val) [53][18/18]  accuracy/top1: 96.8310
2023/02/06 23:35:50 - mmengine - INFO - Epoch(train)  [54][40/72]  lr: 2.0449e-05  eta: 0:10:38  time: 0.1791  data_time: 0.0006  memory: 2365  loss: 0.0716
2023/02/06 23:35:55 - mmengine - INFO - Exp name: efficientformer-l1_inflower_20230206_232102
2023/02/06 23:35:55 - mmengine - INFO - Saving checkpoint at 54 epochs
2023/02/06 23:35:58 - mmengine - INFO - Epoch(val) [54][18/18]  accuracy/top1: 96.6549
2023/02/06 23:36:05 - mmengine - INFO - Epoch(train)  [55][40/72]  lr: 2.0098e-05  eta: 0:10:24  time: 0.1811  data_time: 0.0008  memory: 2365  loss: 0.0821
2023/02/06 23:36:11 - mmengine - INFO - Exp name: efficientformer-l1_inflower_20230206_232102
2023/02/06 23:36:11 - mmengine - INFO - Saving checkpoint at 55 epochs
2023/02/06 23:36:13 - mmengine - INFO - Epoch(val) [55][18/18]  accuracy/top1: 96.6549
2023/02/06 23:36:21 - mmengine - INFO - Exp name: efficientformer-l1_inflower_20230206_232102
2023/02/06 23:36:21 - mmengine - INFO - Epoch(train)  [56][40/72]  lr: 1.9748e-05  eta: 0:10:10  time: 0.1786  data_time: 0.0007  memory: 2365  loss: 0.0826
2023/02/06 23:36:26 - mmengine - INFO - Exp name: efficientformer-l1_inflower_20230206_232102
2023/02/06 23:36:26 - mmengine - INFO - Saving checkpoint at 56 epochs
2023/02/06 23:36:29 - mmengine - INFO - Epoch(val) [56][18/18]  accuracy/top1: 96.4789
2023/02/06 23:36:37 - mmengine - INFO - Epoch(train)  [57][40/72]  lr: 1.9398e-05  eta: 0:09:55  time: 0.1806  data_time: 0.0004  memory: 2365  loss: 0.0730
2023/02/06 23:36:42 - mmengine - INFO - Exp name: efficientformer-l1_inflower_20230206_232102
2023/02/06 23:36:42 - mmengine - INFO - Saving checkpoint at 57 epochs
2023/02/06 23:36:45 - mmengine - INFO - Epoch(val) [57][18/18]  accuracy/top1: 96.3028
2023/02/06 23:36:52 - mmengine - INFO - Epoch(train)  [58][40/72]  lr: 1.9050e-05  eta: 0:09:41  time: 0.1821  data_time: 0.0003  memory: 2365  loss: 0.0528
2023/02/06 23:36:58 - mmengine - INFO - Exp name: efficientformer-l1_inflower_20230206_232102
2023/02/06 23:36:58 - mmengine - INFO - Saving checkpoint at 58 epochs
2023/02/06 23:37:00 - mmengine - INFO - Epoch(val) [58][18/18]  accuracy/top1: 96.8310
2023/02/06 23:37:08 - mmengine - INFO - Epoch(train)  [59][40/72]  lr: 1.8703e-05  eta: 0:09:27  time: 0.1851  data_time: 0.0006  memory: 2365  loss: 0.0472
2023/02/06 23:37:14 - mmengine - INFO - Exp name: efficientformer-l1_inflower_20230206_232102
2023/02/06 23:37:14 - mmengine - INFO - Saving checkpoint at 59 epochs
2023/02/06 23:37:16 - mmengine - INFO - Epoch(val) [59][18/18]  accuracy/top1: 96.4789
2023/02/06 23:37:24 - mmengine - INFO - Epoch(train)  [60][40/72]  lr: 1.8359e-05  eta: 0:09:13  time: 0.1829  data_time: 0.0006  memory: 2365  loss: 0.1069
2023/02/06 23:37:30 - mmengine - INFO - Exp name: efficientformer-l1_inflower_20230206_232102
2023/02/06 23:37:30 - mmengine - INFO - Saving checkpoint at 60 epochs
2023/02/06 23:37:32 - mmengine - INFO - Epoch(val) [60][18/18]  accuracy/top1: 96.8310
2023/02/06 23:37:40 - mmengine - INFO - Epoch(train)  [61][40/72]  lr: 1.8017e-05  eta: 0:09:00  time: 0.1863  data_time: 0.0007  memory: 2365  loss: 0.0770
2023/02/06 23:37:45 - mmengine - INFO - Exp name: efficientformer-l1_inflower_20230206_232102
2023/02/06 23:37:45 - mmengine - INFO - Saving checkpoint at 61 epochs
2023/02/06 23:37:49 - mmengine - INFO - Epoch(val) [61][18/18]  accuracy/top1: 96.6549
2023/02/06 23:37:56 - mmengine - INFO - Epoch(train)  [62][40/72]  lr: 1.7678e-05  eta: 0:08:46  time: 0.1859  data_time: 0.0004  memory: 2365  loss: 0.0413
2023/02/06 23:38:02 - mmengine - INFO - Exp name: efficientformer-l1_inflower_20230206_232102
2023/02/06 23:38:02 - mmengine - INFO - Saving checkpoint at 62 epochs
2023/02/06 23:38:04 - mmengine - INFO - Epoch(val) [62][18/18]  accuracy/top1: 96.1268
2023/02/06 23:38:12 - mmengine - INFO - Epoch(train)  [63][40/72]  lr: 1.7342e-05  eta: 0:08:32  time: 0.1826  data_time: 0.0007  memory: 2365  loss: 0.0730
2023/02/06 23:38:18 - mmengine - INFO - Exp name: efficientformer-l1_inflower_20230206_232102
2023/02/06 23:38:18 - mmengine - INFO - Saving checkpoint at 63 epochs
2023/02/06 23:38:20 - mmengine - INFO - Epoch(val) [63][18/18]  accuracy/top1: 96.3028
2023/02/06 23:38:28 - mmengine - INFO - Epoch(train)  [64][40/72]  lr: 1.7009e-05  eta: 0:08:18  time: 0.1805  data_time: 0.0005  memory: 2365  loss: 0.0569
2023/02/06 23:38:34 - mmengine - INFO - Exp name: efficientformer-l1_inflower_20230206_232102
2023/02/06 23:38:34 - mmengine - INFO - Saving checkpoint at 64 epochs
2023/02/06 23:38:36 - mmengine - INFO - Epoch(val) [64][18/18]  accuracy/top1: 96.6549
2023/02/06 23:38:44 - mmengine - INFO - Epoch(train)  [65][40/72]  lr: 1.6681e-05  eta: 0:08:04  time: 0.1796  data_time: 0.0006  memory: 2365  loss: 0.0619
2023/02/06 23:38:50 - mmengine - INFO - Exp name: efficientformer-l1_inflower_20230206_232102
2023/02/06 23:38:50 - mmengine - INFO - Saving checkpoint at 65 epochs
2023/02/06 23:38:52 - mmengine - INFO - Epoch(val) [65][18/18]  accuracy/top1: 97.0070
2023/02/06 23:39:00 - mmengine - INFO - Epoch(train)  [66][40/72]  lr: 1.6357e-05  eta: 0:07:51  time: 0.1962  data_time: 0.0011  memory: 2365  loss: 0.0616
2023/02/06 23:39:07 - mmengine - INFO - Exp name: efficientformer-l1_inflower_20230206_232102
2023/02/06 23:39:07 - mmengine - INFO - Saving checkpoint at 66 epochs
2023/02/06 23:39:11 - mmengine - INFO - Epoch(val) [66][18/18]  accuracy/top1: 95.9507
2023/02/06 23:39:19 - mmengine - INFO - Epoch(train)  [67][40/72]  lr: 1.6038e-05  eta: 0:07:38  time: 0.1979  data_time: 0.0008  memory: 2365  loss: 0.0721
2023/02/06 23:39:26 - mmengine - INFO - Exp name: efficientformer-l1_inflower_20230206_232102
2023/02/06 23:39:26 - mmengine - INFO - Saving checkpoint at 67 epochs
2023/02/06 23:39:30 - mmengine - INFO - Epoch(val) [67][18/18]  accuracy/top1: 96.6549
2023/02/06 23:39:38 - mmengine - INFO - Epoch(train)  [68][40/72]  lr: 1.5723e-05  eta: 0:07:25  time: 0.1972  data_time: 0.0009  memory: 2365  loss: 0.0459
2023/02/06 23:39:44 - mmengine - INFO - Exp name: efficientformer-l1_inflower_20230206_232102
2023/02/06 23:39:44 - mmengine - INFO - Saving checkpoint at 68 epochs
2023/02/06 23:39:48 - mmengine - INFO - Epoch(val) [68][18/18]  accuracy/top1: 97.0070
2023/02/06 23:39:57 - mmengine - INFO - Epoch(train)  [69][40/72]  lr: 1.5414e-05  eta: 0:07:12  time: 0.1959  data_time: 0.0009  memory: 2365  loss: 0.0443
2023/02/06 23:40:03 - mmengine - INFO - Exp name: efficientformer-l1_inflower_20230206_232102
2023/02/06 23:40:03 - mmengine - INFO - Saving checkpoint at 69 epochs
2023/02/06 23:40:07 - mmengine - INFO - Epoch(val) [69][18/18]  accuracy/top1: 96.8310
2023/02/06 23:40:14 - mmengine - INFO - Exp name: efficientformer-l1_inflower_20230206_232102
2023/02/06 23:40:15 - mmengine - INFO - Epoch(train)  [70][40/72]  lr: 1.5111e-05  eta: 0:06:58  time: 0.1981  data_time: 0.0009  memory: 2365  loss: 0.0720
2023/02/06 23:40:21 - mmengine - INFO - Exp name: efficientformer-l1_inflower_20230206_232102
2023/02/06 23:40:21 - mmengine - INFO - Saving checkpoint at 70 epochs
2023/02/06 23:40:25 - mmengine - INFO - Epoch(val) [70][18/18]  accuracy/top1: 97.0070
2023/02/06 23:40:34 - mmengine - INFO - Epoch(train)  [71][40/72]  lr: 1.4814e-05  eta: 0:06:45  time: 0.1941  data_time: 0.0018  memory: 2365  loss: 0.0625
2023/02/06 23:40:40 - mmengine - INFO - Exp name: efficientformer-l1_inflower_20230206_232102
2023/02/06 23:40:40 - mmengine - INFO - Saving checkpoint at 71 epochs
2023/02/06 23:40:44 - mmengine - INFO - Epoch(val) [71][18/18]  accuracy/top1: 96.8310
2023/02/06 23:40:52 - mmengine - INFO - Epoch(train)  [72][40/72]  lr: 1.4523e-05  eta: 0:06:31  time: 0.1913  data_time: 0.0010  memory: 2365  loss: 0.0353
2023/02/06 23:40:58 - mmengine - INFO - Exp name: efficientformer-l1_inflower_20230206_232102
2023/02/06 23:40:58 - mmengine - INFO - Saving checkpoint at 72 epochs
2023/02/06 23:41:01 - mmengine - INFO - Epoch(val) [72][18/18]  accuracy/top1: 96.4789
2023/02/06 23:41:10 - mmengine - INFO - Epoch(train)  [73][40/72]  lr: 1.4239e-05  eta: 0:06:18  time: 0.2386  data_time: 0.0018  memory: 2365  loss: 0.0372
2023/02/06 23:41:16 - mmengine - INFO - Exp name: efficientformer-l1_inflower_20230206_232102
2023/02/06 23:41:16 - mmengine - INFO - Saving checkpoint at 73 epochs
2023/02/06 23:41:20 - mmengine - INFO - Epoch(val) [73][18/18]  accuracy/top1: 97.0070
2023/02/06 23:41:28 - mmengine - INFO - Epoch(train)  [74][40/72]  lr: 1.3961e-05  eta: 0:06:04  time: 0.1919  data_time: 0.0011  memory: 2365  loss: 0.0630
2023/02/06 23:41:34 - mmengine - INFO - Exp name: efficientformer-l1_inflower_20230206_232102
2023/02/06 23:41:34 - mmengine - INFO - Saving checkpoint at 74 epochs
2023/02/06 23:41:37 - mmengine - INFO - Epoch(val) [74][18/18]  accuracy/top1: 96.6549
2023/02/06 23:41:46 - mmengine - INFO - Epoch(train)  [75][40/72]  lr: 1.3691e-05  eta: 0:05:51  time: 0.2007  data_time: 0.0009  memory: 2365  loss: 0.0360
2023/02/06 23:41:52 - mmengine - INFO - Exp name: efficientformer-l1_inflower_20230206_232102
2023/02/06 23:41:52 - mmengine - INFO - Saving checkpoint at 75 epochs
2023/02/06 23:41:56 - mmengine - INFO - Epoch(val) [75][18/18]  accuracy/top1: 97.0070
2023/02/06 23:42:04 - mmengine - INFO - Epoch(train)  [76][40/72]  lr: 1.3429e-05  eta: 0:05:37  time: 0.1908  data_time: 0.0010  memory: 2365  loss: 0.0537
2023/02/06 23:42:10 - mmengine - INFO - Exp name: efficientformer-l1_inflower_20230206_232102
2023/02/06 23:42:10 - mmengine - INFO - Saving checkpoint at 76 epochs
2023/02/06 23:42:13 - mmengine - INFO - Epoch(val) [76][18/18]  accuracy/top1: 96.3028
2023/02/06 23:42:22 - mmengine - INFO - Epoch(train)  [77][40/72]  lr: 1.3174e-05  eta: 0:05:23  time: 0.2209  data_time: 0.0012  memory: 2365  loss: 0.0381
2023/02/06 23:42:28 - mmengine - INFO - Exp name: efficientformer-l1_inflower_20230206_232102
2023/02/06 23:42:28 - mmengine - INFO - Saving checkpoint at 77 epochs
2023/02/06 23:42:32 - mmengine - INFO - Epoch(val) [77][18/18]  accuracy/top1: 97.1831
2023/02/06 23:42:40 - mmengine - INFO - Epoch(train)  [78][40/72]  lr: 1.2928e-05  eta: 0:05:10  time: 0.2032  data_time: 0.0010  memory: 2365  loss: 0.0651
2023/02/06 23:42:46 - mmengine - INFO - Exp name: efficientformer-l1_inflower_20230206_232102
2023/02/06 23:42:46 - mmengine - INFO - Saving checkpoint at 78 epochs
2023/02/06 23:42:49 - mmengine - INFO - Epoch(val) [78][18/18]  accuracy/top1: 97.0070
2023/02/06 23:42:57 - mmengine - INFO - Epoch(train)  [79][40/72]  lr: 1.2690e-05  eta: 0:04:56  time: 0.1876  data_time: 0.0010  memory: 2365  loss: 0.0594
2023/02/06 23:43:03 - mmengine - INFO - Exp name: efficientformer-l1_inflower_20230206_232102
2023/02/06 23:43:03 - mmengine - INFO - Saving checkpoint at 79 epochs
2023/02/06 23:43:07 - mmengine - INFO - Epoch(val) [79][18/18]  accuracy/top1: 96.3028
2023/02/06 23:43:15 - mmengine - INFO - Epoch(train)  [80][40/72]  lr: 1.2461e-05  eta: 0:04:42  time: 0.1926  data_time: 0.0008  memory: 2365  loss: 0.0706
2023/02/06 23:43:21 - mmengine - INFO - Exp name: efficientformer-l1_inflower_20230206_232102
2023/02/06 23:43:21 - mmengine - INFO - Saving checkpoint at 80 epochs
2023/02/06 23:43:25 - mmengine - INFO - Epoch(val) [80][18/18]  accuracy/top1: 96.8310
2023/02/06 23:43:33 - mmengine - INFO - Epoch(train)  [81][40/72]  lr: 1.2240e-05  eta: 0:04:29  time: 0.1912  data_time: 0.0008  memory: 2365  loss: 0.0692
2023/02/06 23:43:39 - mmengine - INFO - Exp name: efficientformer-l1_inflower_20230206_232102
2023/02/06 23:43:39 - mmengine - INFO - Saving checkpoint at 81 epochs
2023/02/06 23:43:43 - mmengine - INFO - Epoch(val) [81][18/18]  accuracy/top1: 97.0070
2023/02/06 23:43:51 - mmengine - INFO - Epoch(train)  [82][40/72]  lr: 1.2029e-05  eta: 0:04:15  time: 0.1895  data_time: 0.0009  memory: 2365  loss: 0.0404
2023/02/06 23:43:57 - mmengine - INFO - Exp name: efficientformer-l1_inflower_20230206_232102
2023/02/06 23:43:57 - mmengine - INFO - Saving checkpoint at 82 epochs
2023/02/06 23:44:01 - mmengine - INFO - Epoch(val) [82][18/18]  accuracy/top1: 96.8310
2023/02/06 23:44:09 - mmengine - INFO - Epoch(train)  [83][40/72]  lr: 1.1827e-05  eta: 0:04:01  time: 0.1933  data_time: 0.0010  memory: 2365  loss: 0.0923
2023/02/06 23:44:15 - mmengine - INFO - Exp name: efficientformer-l1_inflower_20230206_232102
2023/02/06 23:44:15 - mmengine - INFO - Saving checkpoint at 83 epochs
2023/02/06 23:44:19 - mmengine - INFO - Epoch(val) [83][18/18]  accuracy/top1: 97.1831
2023/02/06 23:44:24 - mmengine - INFO - Exp name: efficientformer-l1_inflower_20230206_232102
2023/02/06 23:44:27 - mmengine - INFO - Epoch(train)  [84][40/72]  lr: 1.1635e-05  eta: 0:03:47  time: 0.2288  data_time: 0.0011  memory: 2365  loss: 0.0524
2023/02/06 23:44:33 - mmengine - INFO - Exp name: efficientformer-l1_inflower_20230206_232102
2023/02/06 23:44:33 - mmengine - INFO - Saving checkpoint at 84 epochs
2023/02/06 23:44:37 - mmengine - INFO - Epoch(val) [84][18/18]  accuracy/top1: 97.0070
2023/02/06 23:44:45 - mmengine - INFO - Epoch(train)  [85][40/72]  lr: 1.1453e-05  eta: 0:03:34  time: 0.1920  data_time: 0.0009  memory: 2365  loss: 0.0629
2023/02/06 23:44:51 - mmengine - INFO - Exp name: efficientformer-l1_inflower_20230206_232102
2023/02/06 23:44:51 - mmengine - INFO - Saving checkpoint at 85 epochs
2023/02/06 23:44:54 - mmengine - INFO - Epoch(val) [85][18/18]  accuracy/top1: 96.3028
2023/02/06 23:45:03 - mmengine - INFO - Epoch(train)  [86][40/72]  lr: 1.1281e-05  eta: 0:03:20  time: 0.1898  data_time: 0.0010  memory: 2365  loss: 0.0418
2023/02/06 23:45:09 - mmengine - INFO - Exp name: efficientformer-l1_inflower_20230206_232102
2023/02/06 23:45:09 - mmengine - INFO - Saving checkpoint at 86 epochs
2023/02/06 23:45:13 - mmengine - INFO - Epoch(val) [86][18/18]  accuracy/top1: 96.8310
2023/02/06 23:45:21 - mmengine - INFO - Epoch(train)  [87][40/72]  lr: 1.1119e-05  eta: 0:03:06  time: 0.1899  data_time: 0.0010  memory: 2365  loss: 0.0776
2023/02/06 23:45:27 - mmengine - INFO - Exp name: efficientformer-l1_inflower_20230206_232102
2023/02/06 23:45:27 - mmengine - INFO - Saving checkpoint at 87 epochs
2023/02/06 23:45:31 - mmengine - INFO - Epoch(val) [87][18/18]  accuracy/top1: 96.3028
2023/02/06 23:45:39 - mmengine - INFO - Epoch(train)  [88][40/72]  lr: 1.0967e-05  eta: 0:02:52  time: 0.1945  data_time: 0.0011  memory: 2365  loss: 0.0556
2023/02/06 23:45:45 - mmengine - INFO - Exp name: efficientformer-l1_inflower_20230206_232102
2023/02/06 23:45:45 - mmengine - INFO - Saving checkpoint at 88 epochs
2023/02/06 23:45:49 - mmengine - INFO - Epoch(val) [88][18/18]  accuracy/top1: 97.3592
2023/02/06 23:45:58 - mmengine - INFO - Epoch(train)  [89][40/72]  lr: 1.0826e-05  eta: 0:02:39  time: 0.1927  data_time: 0.0010  memory: 2365  loss: 0.0262
2023/02/06 23:46:04 - mmengine - INFO - Exp name: efficientformer-l1_inflower_20230206_232102
2023/02/06 23:46:04 - mmengine - INFO - Saving checkpoint at 89 epochs
2023/02/06 23:46:06 - mmengine - INFO - Epoch(val) [89][18/18]  accuracy/top1: 97.1831
2023/02/06 23:46:14 - mmengine - INFO - Epoch(train)  [90][40/72]  lr: 1.0695e-05  eta: 0:02:25  time: 0.1856  data_time: 0.0003  memory: 2365  loss: 0.0905
2023/02/06 23:46:20 - mmengine - INFO - Exp name: efficientformer-l1_inflower_20230206_232102
2023/02/06 23:46:20 - mmengine - INFO - Saving checkpoint at 90 epochs
2023/02/06 23:46:22 - mmengine - INFO - Epoch(val) [90][18/18]  accuracy/top1: 96.3028
2023/02/06 23:46:30 - mmengine - INFO - Epoch(train)  [91][40/72]  lr: 1.0576e-05  eta: 0:02:11  time: 0.1836  data_time: 0.0006  memory: 2365  loss: 0.0792
2023/02/06 23:46:36 - mmengine - INFO - Exp name: efficientformer-l1_inflower_20230206_232102
2023/02/06 23:46:36 - mmengine - INFO - Saving checkpoint at 91 epochs
2023/02/06 23:46:38 - mmengine - INFO - Epoch(val) [91][18/18]  accuracy/top1: 96.3028
2023/02/06 23:46:46 - mmengine - INFO - Epoch(train)  [92][40/72]  lr: 1.0467e-05  eta: 0:01:57  time: 0.1835  data_time: 0.0007  memory: 2365  loss: 0.0398
2023/02/06 23:46:52 - mmengine - INFO - Exp name: efficientformer-l1_inflower_20230206_232102
2023/02/06 23:46:52 - mmengine - INFO - Saving checkpoint at 92 epochs
2023/02/06 23:46:55 - mmengine - INFO - Epoch(val) [92][18/18]  accuracy/top1: 96.6549
2023/02/06 23:47:02 - mmengine - INFO - Epoch(train)  [93][40/72]  lr: 1.0370e-05  eta: 0:01:43  time: 0.1861  data_time: 0.0006  memory: 2365  loss: 0.0810
2023/02/06 23:47:08 - mmengine - INFO - Exp name: efficientformer-l1_inflower_20230206_232102
2023/02/06 23:47:08 - mmengine - INFO - Saving checkpoint at 93 epochs
2023/02/06 23:47:10 - mmengine - INFO - Epoch(val) [93][18/18]  accuracy/top1: 96.8310
2023/02/06 23:47:18 - mmengine - INFO - Epoch(train)  [94][40/72]  lr: 1.0283e-05  eta: 0:01:29  time: 0.1886  data_time: 0.0007  memory: 2365  loss: 0.0670
2023/02/06 23:47:24 - mmengine - INFO - Exp name: efficientformer-l1_inflower_20230206_232102
2023/02/06 23:47:24 - mmengine - INFO - Saving checkpoint at 94 epochs
2023/02/06 23:47:27 - mmengine - INFO - Epoch(val) [94][18/18]  accuracy/top1: 97.0070
2023/02/06 23:47:35 - mmengine - INFO - Epoch(train)  [95][40/72]  lr: 1.0208e-05  eta: 0:01:15  time: 0.2556  data_time: 0.0030  memory: 2365  loss: 0.0430
2023/02/06 23:47:41 - mmengine - INFO - Exp name: efficientformer-l1_inflower_20230206_232102
2023/02/06 23:47:41 - mmengine - INFO - Saving checkpoint at 95 epochs
2023/02/06 23:47:44 - mmengine - INFO - Epoch(val) [95][18/18]  accuracy/top1: 96.6549
2023/02/06 23:47:52 - mmengine - INFO - Epoch(train)  [96][40/72]  lr: 1.0145e-05  eta: 0:01:01  time: 0.1834  data_time: 0.0003  memory: 2365  loss: 0.0355
2023/02/06 23:47:58 - mmengine - INFO - Exp name: efficientformer-l1_inflower_20230206_232102
2023/02/06 23:47:58 - mmengine - INFO - Saving checkpoint at 96 epochs
2023/02/06 23:48:01 - mmengine - INFO - Epoch(val) [96][18/18]  accuracy/top1: 96.3028
2023/02/06 23:48:09 - mmengine - INFO - Epoch(train)  [97][40/72]  lr: 1.0093e-05  eta: 0:00:47  time: 0.1904  data_time: 0.0006  memory: 2365  loss: 0.0278
2023/02/06 23:48:15 - mmengine - INFO - Exp name: efficientformer-l1_inflower_20230206_232102
2023/02/06 23:48:15 - mmengine - INFO - Saving checkpoint at 97 epochs
2023/02/06 23:48:18 - mmengine - INFO - Epoch(val) [97][18/18]  accuracy/top1: 96.8310
2023/02/06 23:48:21 - mmengine - INFO - Exp name: efficientformer-l1_inflower_20230206_232102
2023/02/06 23:48:26 - mmengine - INFO - Epoch(train)  [98][40/72]  lr: 1.0052e-05  eta: 0:00:33  time: 0.1908  data_time: 0.0007  memory: 2365  loss: 0.0850
2023/02/06 23:48:32 - mmengine - INFO - Exp name: efficientformer-l1_inflower_20230206_232102
2023/02/06 23:48:32 - mmengine - INFO - Saving checkpoint at 98 epochs
2023/02/06 23:48:34 - mmengine - INFO - Epoch(val) [98][18/18]  accuracy/top1: 96.8310
2023/02/06 23:48:42 - mmengine - INFO - Epoch(train)  [99][40/72]  lr: 1.0023e-05  eta: 0:00:20  time: 0.1943  data_time: 0.0008  memory: 2365  loss: 0.0381
2023/02/06 23:48:48 - mmengine - INFO - Exp name: efficientformer-l1_inflower_20230206_232102
2023/02/06 23:48:48 - mmengine - INFO - Saving checkpoint at 99 epochs
2023/02/06 23:48:56 - mmengine - INFO - Epoch(val) [99][18/18]  accuracy/top1: 97.1831
2023/02/06 23:49:03 - mmengine - INFO - Epoch(train) [100][40/72]  lr: 1.0006e-05  eta: 0:00:06  time: 0.1904  data_time: 0.0006  memory: 2365  loss: 0.0514
2023/02/06 23:49:09 - mmengine - INFO - Exp name: efficientformer-l1_inflower_20230206_232102
2023/02/06 23:49:09 - mmengine - INFO - Saving checkpoint at 100 epochs
2023/02/06 23:49:12 - mmengine - INFO - Epoch(val) [100][18/18]  accuracy/top1: 97.3592
