2023/02/04 18:30:31 - mmengine - INFO - 
------------------------------------------------------------
System environment:
    sys.platform: win32
    Python: 3.7.15 (default, Nov 24 2022, 18:44:54) [MSC v.1916 64 bit (AMD64)]
    CUDA available: True
    numpy_random_seed: 548764073
    GPU 0: NVIDIA GeForce RTX 2060
    CUDA_HOME: C:\Program Files\NVIDIA GPU Computing Toolkit\CUDA\v10.2
    NVCC: Cuda compilation tools, release 10.2, V10.2.8
    MSVC: 用于 x64 的 Microsoft (R) C/C++ 优化编译器 19.28.29915 版
    GCC: n/a
    PyTorch: 1.8.1+cu101
    PyTorch compiling details: PyTorch built with:
  - C++ Version: 199711
  - MSVC 192829913
  - Intel(R) Math Kernel Library Version 2020.0.2 Product Build 20200624 for Intel(R) 64 architecture applications
  - Intel(R) MKL-DNN v1.7.0 (Git Hash 7aed236906b1f7a05c0917e5257a1af05e9ff683)
  - OpenMP 2019
  - CPU capability usage: AVX2
  - CUDA Runtime 10.1
  - NVCC architecture flags: -gencode;arch=compute_37,code=sm_37;-gencode;arch=compute_50,code=sm_50;-gencode;arch=compute_60,code=sm_60;-gencode;arch=compute_61,code=sm_61;-gencode;arch=compute_70,code=sm_70;-gencode;arch=compute_75,code=sm_75;-gencode;arch=compute_37,code=compute_37
  - CuDNN 7.6.4
  - Magma 2.5.4
  - Build settings: BLAS_INFO=mkl, BUILD_TYPE=Release, CUDA_VERSION=10.1, CUDNN_VERSION=7.6.4, CXX_COMPILER=C:/w/b/windows/tmp_bin/sccache-cl.exe, CXX_FLAGS=/DWIN32 /D_WINDOWS /GR /EHsc /w /bigobj -DUSE_PTHREADPOOL -openmp:experimental -DNDEBUG -DUSE_FBGEMM -DUSE_XNNPACK, LAPACK_INFO=mkl, PERF_WITH_AVX=1, PERF_WITH_AVX2=1, PERF_WITH_AVX512=1, TORCH_VERSION=1.8.1, USE_CUDA=ON, USE_CUDNN=ON, USE_EXCEPTION_PTR=1, USE_GFLAGS=OFF, USE_GLOG=OFF, USE_MKL=ON, USE_MKLDNN=ON, USE_MPI=OFF, USE_NCCL=OFF, USE_NNPACK=OFF, USE_OPENMP=ON, 

    TorchVision: 0.9.1+cu101
    OpenCV: 4.6.0
    MMEngine: 0.3.2

Runtime environment:
    cudnn_benchmark: False
    mp_cfg: {'mp_start_method': 'fork', 'opencv_num_threads': 0}
    dist_cfg: {'backend': 'nccl'}
    seed: None
    deterministic: False
    Distributed launcher: none
    Distributed training: False
    GPU number: 1
------------------------------------------------------------

2023/02/04 18:30:31 - mmengine - INFO - Config:
pretrained = '../pretrain_model/efficientnet-b3_3rdparty-ra-noisystudent_in1k_20221103-a4ab5fd6.pth'
model = dict(
    type='ImageClassifier',
    backbone=dict(
        type='EfficientNet',
        arch='b3',
        init_cfg=dict(
            type='Pretrained',
            checkpoint=
            '../pretrain_model/efficientnet-b3_3rdparty-ra-noisystudent_in1k_20221103-a4ab5fd6.pth',
            prefix='backbone')),
    neck=dict(type='GlobalAveragePooling'),
    head=dict(
        type='LinearClsHead',
        num_classes=10,
        in_channels=1536,
        loss=dict(type='CrossEntropyLoss', loss_weight=1.0),
        topk=(1, )))
dataset_type = 'CIFAR10'
data_preprocessor = dict(
    num_classes=10,
    mean=[125.307, 122.961, 113.8575],
    std=[51.5865, 50.847, 51.255],
    to_rgb=False)
train_pipeline = [
    dict(type='RandomCrop', crop_size=32, padding=4),
    dict(type='RandomFlip', prob=0.5, direction='horizontal'),
    dict(type='PackClsInputs')
]
test_pipeline = [dict(type='PackClsInputs')]
train_dataloader = dict(
    pin_memory=True,
    persistent_workers=True,
    collate_fn=dict(type='default_collate'),
    batch_size=512,
    num_workers=2,
    dataset=dict(
        type='CIFAR10',
        data_prefix='../cifar-10',
        test_mode=False,
        pipeline=[
            dict(type='RandomCrop', crop_size=32, padding=4),
            dict(type='RandomFlip', prob=0.5, direction='horizontal'),
            dict(type='PackClsInputs')
        ]),
    sampler=dict(type='DefaultSampler', shuffle=True))
val_dataloader = dict(
    pin_memory=True,
    persistent_workers=True,
    collate_fn=dict(type='default_collate'),
    batch_size=512,
    num_workers=2,
    dataset=dict(
        type='CIFAR10',
        data_prefix='../cifar-10/',
        test_mode=True,
        pipeline=[dict(type='PackClsInputs')]),
    sampler=dict(type='DefaultSampler', shuffle=False))
val_evaluator = dict(type='Accuracy', topk=(1, ))
test_dataloader = dict(
    pin_memory=True,
    persistent_workers=True,
    collate_fn=dict(type='default_collate'),
    batch_size=512,
    num_workers=2,
    dataset=dict(
        type='CIFAR10',
        data_prefix='../cifar-10/',
        test_mode=True,
        pipeline=[dict(type='PackClsInputs')]),
    sampler=dict(type='DefaultSampler', shuffle=False))
test_evaluator = dict(type='Accuracy', topk=(1, ))
optim_wrapper = dict(
    optimizer=dict(type='SGD', lr=0.4, momentum=0.9, weight_decay=0.0001))
param_scheduler = [
    dict(
        type='LinearLR',
        start_factor=0.001,
        by_epoch=False,
        end=100,
        convert_to_iter_based=False),
    dict(type='MultiStepLR', by_epoch=True, milestones=[100, 150], gamma=0.1)
]
train_cfg = dict(by_epoch=True, max_epochs=200, val_interval=1)
val_cfg = dict()
test_cfg = dict()
auto_scale_lr = dict(base_batch_size=512)
default_scope = 'mmcls'
default_hooks = dict(
    timer=dict(type='IterTimerHook'),
    logger=dict(type='LoggerHook', interval=50),
    param_scheduler=dict(type='ParamSchedulerHook'),
    checkpoint=dict(type='CheckpointHook', interval=1),
    sampler_seed=dict(type='DistSamplerSeedHook'),
    visualization=dict(type='VisualizationHook', enable=False))
env_cfg = dict(
    cudnn_benchmark=False,
    mp_cfg=dict(mp_start_method='fork', opencv_num_threads=0),
    dist_cfg=dict(backend='nccl'))
vis_backends = [dict(type='LocalVisBackend')]
visualizer = dict(
    type='ClsVisualizer', vis_backends=[dict(type='LocalVisBackend')])
log_level = 'INFO'
load_from = None
resume = False
randomness = dict(seed=None, deterministic=False)
launcher = 'none'
work_dir = './work_dirs\\efficientnet-b3_in_cifar10'

2023/02/04 18:30:31 - mmengine - INFO - Result has been saved to E:\mmclassification\tools\work_dirs\efficientnet-b3_in_cifar10\modules_statistic_results.json
2023/02/04 18:30:35 - mmengine - INFO - Distributed training is not used, all SyncBatchNorm (SyncBN) layers in the model will be automatically reverted to BatchNormXd layers if they are used.
2023/02/04 18:30:35 - mmengine - INFO - Hooks will be executed in the following order:
before_run:
(VERY_HIGH   ) RuntimeInfoHook                    
(BELOW_NORMAL) LoggerHook                         
 -------------------- 
before_train:
(VERY_HIGH   ) RuntimeInfoHook                    
(NORMAL      ) IterTimerHook                      
(VERY_LOW    ) CheckpointHook                     
 -------------------- 
before_train_epoch:
(VERY_HIGH   ) RuntimeInfoHook                    
(NORMAL      ) IterTimerHook                      
(NORMAL      ) DistSamplerSeedHook                
 -------------------- 
before_train_iter:
(VERY_HIGH   ) RuntimeInfoHook                    
(NORMAL      ) IterTimerHook                      
 -------------------- 
after_train_iter:
(VERY_HIGH   ) RuntimeInfoHook                    
(NORMAL      ) IterTimerHook                      
(BELOW_NORMAL) LoggerHook                         
(LOW         ) ParamSchedulerHook                 
(VERY_LOW    ) CheckpointHook                     
 -------------------- 
after_train_epoch:
(NORMAL      ) IterTimerHook                      
(LOW         ) ParamSchedulerHook                 
(VERY_LOW    ) CheckpointHook                     
 -------------------- 
before_val_epoch:
(NORMAL      ) IterTimerHook                      
 -------------------- 
before_val_iter:
(NORMAL      ) IterTimerHook                      
 -------------------- 
after_val_iter:
(NORMAL      ) IterTimerHook                      
(NORMAL      ) VisualizationHook                  
(BELOW_NORMAL) LoggerHook                         
 -------------------- 
after_val_epoch:
(VERY_HIGH   ) RuntimeInfoHook                    
(NORMAL      ) IterTimerHook                      
(BELOW_NORMAL) LoggerHook                         
(VERY_LOW    ) CheckpointHook                     
 -------------------- 
before_test_epoch:
(NORMAL      ) IterTimerHook                      
 -------------------- 
before_test_iter:
(NORMAL      ) IterTimerHook                      
 -------------------- 
after_test_iter:
(NORMAL      ) IterTimerHook                      
(NORMAL      ) VisualizationHook                  
(BELOW_NORMAL) LoggerHook                         
 -------------------- 
after_test_epoch:
(VERY_HIGH   ) RuntimeInfoHook                    
(NORMAL      ) IterTimerHook                      
(BELOW_NORMAL) LoggerHook                         
 -------------------- 
after_run:
(BELOW_NORMAL) LoggerHook                         
 -------------------- 
2023/02/04 18:30:39 - mmengine - INFO - Checkpoints will be saved to E:\mmclassification\tools\work_dirs\efficientnet-b3_in_cifar10.
2023/02/04 18:31:07 - mmengine - INFO - Epoch(train)   [1][50/98]  lr: 1.9818e-01  eta: 3:02:22  time: 0.3657  data_time: 0.0012  memory: 3263  loss: 1.4525
2023/02/04 18:31:25 - mmengine - INFO - Exp name: efficientnet-b3_in_cifar10_20230204_183028
2023/02/04 18:31:25 - mmengine - INFO - Saving checkpoint at 1 epochs
2023/02/04 18:31:34 - mmengine - INFO - Epoch(val) [1][20/20]  accuracy/top1: 26.0200
2023/02/04 18:31:53 - mmengine - INFO - Epoch(train)   [2][50/98]  lr: 4.0000e-01  eta: 2:20:14  time: 0.3668  data_time: 0.0013  memory: 3263  loss: 0.9598
2023/02/04 18:32:10 - mmengine - INFO - Exp name: efficientnet-b3_in_cifar10_20230204_183028
2023/02/04 18:32:10 - mmengine - INFO - Saving checkpoint at 2 epochs
2023/02/04 18:32:14 - mmengine - INFO - Epoch(val) [2][20/20]  accuracy/top1: 73.4100
2023/02/04 18:32:33 - mmengine - INFO - Epoch(train)   [3][50/98]  lr: 4.0000e-01  eta: 2:11:30  time: 0.3711  data_time: 0.0014  memory: 3263  loss: 0.6916
2023/02/04 18:32:50 - mmengine - INFO - Exp name: efficientnet-b3_in_cifar10_20230204_183028
2023/02/04 18:32:50 - mmengine - INFO - Saving checkpoint at 3 epochs
2023/02/04 18:32:53 - mmengine - INFO - Epoch(val) [3][20/20]  accuracy/top1: 78.5800
2023/02/04 18:33:12 - mmengine - INFO - Epoch(train)   [4][50/98]  lr: 4.0000e-01  eta: 2:07:23  time: 0.3680  data_time: 0.0013  memory: 3263  loss: 0.5606
2023/02/04 18:33:29 - mmengine - INFO - Exp name: efficientnet-b3_in_cifar10_20230204_183028
2023/02/04 18:33:29 - mmengine - INFO - Saving checkpoint at 4 epochs
2023/02/04 18:33:33 - mmengine - INFO - Epoch(val) [4][20/20]  accuracy/top1: 79.2600
2023/02/04 18:33:51 - mmengine - INFO - Epoch(train)   [5][50/98]  lr: 4.0000e-01  eta: 2:04:48  time: 0.3695  data_time: 0.0013  memory: 3263  loss: 0.5317
2023/02/04 18:34:09 - mmengine - INFO - Exp name: efficientnet-b3_in_cifar10_20230204_183028
2023/02/04 18:34:09 - mmengine - INFO - Saving checkpoint at 5 epochs
2023/02/04 18:34:12 - mmengine - INFO - Epoch(val) [5][20/20]  accuracy/top1: 81.0200
2023/02/04 18:34:31 - mmengine - INFO - Epoch(train)   [6][50/98]  lr: 4.0000e-01  eta: 2:02:56  time: 0.3682  data_time: 0.0013  memory: 3263  loss: 0.5020
2023/02/04 18:34:48 - mmengine - INFO - Exp name: efficientnet-b3_in_cifar10_20230204_183028
2023/02/04 18:34:48 - mmengine - INFO - Saving checkpoint at 6 epochs
2023/02/04 18:34:52 - mmengine - INFO - Epoch(val) [6][20/20]  accuracy/top1: 80.6600
2023/02/04 18:35:10 - mmengine - INFO - Epoch(train)   [7][50/98]  lr: 4.0000e-01  eta: 2:01:27  time: 0.3686  data_time: 0.0011  memory: 3263  loss: 0.4621
2023/02/04 18:35:28 - mmengine - INFO - Exp name: efficientnet-b3_in_cifar10_20230204_183028
2023/02/04 18:35:28 - mmengine - INFO - Saving checkpoint at 7 epochs
2023/02/04 18:35:31 - mmengine - INFO - Epoch(val) [7][20/20]  accuracy/top1: 81.7100
2023/02/04 18:35:50 - mmengine - INFO - Epoch(train)   [8][50/98]  lr: 4.0000e-01  eta: 2:00:17  time: 0.3690  data_time: 0.0012  memory: 3263  loss: 0.4464
2023/02/04 18:36:08 - mmengine - INFO - Exp name: efficientnet-b3_in_cifar10_20230204_183028
2023/02/04 18:36:08 - mmengine - INFO - Saving checkpoint at 8 epochs
2023/02/04 18:36:11 - mmengine - INFO - Epoch(val) [8][20/20]  accuracy/top1: 83.0600
2023/02/04 18:36:29 - mmengine - INFO - Epoch(train)   [9][50/98]  lr: 4.0000e-01  eta: 1:59:12  time: 0.3679  data_time: 0.0012  memory: 3263  loss: 0.4296
2023/02/04 18:36:47 - mmengine - INFO - Exp name: efficientnet-b3_in_cifar10_20230204_183028
2023/02/04 18:36:47 - mmengine - INFO - Saving checkpoint at 9 epochs
2023/02/04 18:36:50 - mmengine - INFO - Epoch(val) [9][20/20]  accuracy/top1: 82.7800
2023/02/04 18:37:09 - mmengine - INFO - Epoch(train)  [10][50/98]  lr: 4.0000e-01  eta: 1:58:14  time: 0.3692  data_time: 0.0011  memory: 3263  loss: 0.4084
2023/02/04 18:37:27 - mmengine - INFO - Exp name: efficientnet-b3_in_cifar10_20230204_183028
2023/02/04 18:37:27 - mmengine - INFO - Saving checkpoint at 10 epochs
2023/02/04 18:37:30 - mmengine - INFO - Epoch(val) [10][20/20]  accuracy/top1: 81.8800
2023/02/04 18:37:38 - mmengine - INFO - Exp name: efficientnet-b3_in_cifar10_20230204_183028
2023/02/04 18:37:49 - mmengine - INFO - Epoch(train)  [11][50/98]  lr: 4.0000e-01  eta: 1:57:20  time: 0.3674  data_time: 0.0013  memory: 3263  loss: 0.3795
2023/02/04 18:38:06 - mmengine - INFO - Exp name: efficientnet-b3_in_cifar10_20230204_183028
2023/02/04 18:38:06 - mmengine - INFO - Saving checkpoint at 11 epochs
2023/02/04 18:38:09 - mmengine - INFO - Epoch(val) [11][20/20]  accuracy/top1: 84.0100
2023/02/04 18:38:28 - mmengine - INFO - Epoch(train)  [12][50/98]  lr: 4.0000e-01  eta: 1:56:29  time: 0.3681  data_time: 0.0011  memory: 3263  loss: 0.3971
2023/02/04 18:38:46 - mmengine - INFO - Exp name: efficientnet-b3_in_cifar10_20230204_183028
2023/02/04 18:38:46 - mmengine - INFO - Saving checkpoint at 12 epochs
2023/02/04 18:38:49 - mmengine - INFO - Epoch(val) [12][20/20]  accuracy/top1: 83.0800
2023/02/04 18:39:08 - mmengine - INFO - Epoch(train)  [13][50/98]  lr: 4.0000e-01  eta: 1:55:42  time: 0.3698  data_time: 0.0011  memory: 3263  loss: 0.3573
2023/02/04 18:39:25 - mmengine - INFO - Exp name: efficientnet-b3_in_cifar10_20230204_183028
2023/02/04 18:39:25 - mmengine - INFO - Saving checkpoint at 13 epochs
2023/02/04 18:39:29 - mmengine - INFO - Epoch(val) [13][20/20]  accuracy/top1: 83.6000
2023/02/04 18:39:47 - mmengine - INFO - Epoch(train)  [14][50/98]  lr: 4.0000e-01  eta: 1:54:56  time: 0.3697  data_time: 0.0012  memory: 3263  loss: 0.3467
2023/02/04 18:40:05 - mmengine - INFO - Exp name: efficientnet-b3_in_cifar10_20230204_183028
2023/02/04 18:40:05 - mmengine - INFO - Saving checkpoint at 14 epochs
2023/02/04 18:40:08 - mmengine - INFO - Epoch(val) [14][20/20]  accuracy/top1: 83.0600
2023/02/04 18:40:27 - mmengine - INFO - Epoch(train)  [15][50/98]  lr: 4.0000e-01  eta: 1:54:10  time: 0.3686  data_time: 0.0015  memory: 3263  loss: 0.3465
2023/02/04 18:40:44 - mmengine - INFO - Exp name: efficientnet-b3_in_cifar10_20230204_183028
2023/02/04 18:40:44 - mmengine - INFO - Saving checkpoint at 15 epochs
2023/02/04 18:40:48 - mmengine - INFO - Epoch(val) [15][20/20]  accuracy/top1: 83.6300
2023/02/04 18:41:06 - mmengine - INFO - Epoch(train)  [16][50/98]  lr: 4.0000e-01  eta: 1:53:25  time: 0.3677  data_time: 0.0011  memory: 3263  loss: 0.3594
2023/02/04 18:41:24 - mmengine - INFO - Exp name: efficientnet-b3_in_cifar10_20230204_183028
2023/02/04 18:41:24 - mmengine - INFO - Saving checkpoint at 16 epochs
2023/02/04 18:41:27 - mmengine - INFO - Epoch(val) [16][20/20]  accuracy/top1: 81.3600
2023/02/04 18:41:46 - mmengine - INFO - Epoch(train)  [17][50/98]  lr: 4.0000e-01  eta: 1:52:42  time: 0.3678  data_time: 0.0012  memory: 3263  loss: 0.3274
2023/02/04 18:42:03 - mmengine - INFO - Exp name: efficientnet-b3_in_cifar10_20230204_183028
2023/02/04 18:42:03 - mmengine - INFO - Saving checkpoint at 17 epochs
2023/02/04 18:42:07 - mmengine - INFO - Epoch(val) [17][20/20]  accuracy/top1: 84.1800
2023/02/04 18:42:25 - mmengine - INFO - Epoch(train)  [18][50/98]  lr: 4.0000e-01  eta: 1:51:59  time: 0.3713  data_time: 0.0014  memory: 3263  loss: 0.3655
2023/02/04 18:42:43 - mmengine - INFO - Exp name: efficientnet-b3_in_cifar10_20230204_183028
2023/02/04 18:42:43 - mmengine - INFO - Saving checkpoint at 18 epochs
2023/02/04 18:42:46 - mmengine - INFO - Epoch(val) [18][20/20]  accuracy/top1: 84.5900
2023/02/04 18:43:05 - mmengine - INFO - Epoch(train)  [19][50/98]  lr: 4.0000e-01  eta: 1:51:17  time: 0.3696  data_time: 0.0012  memory: 3263  loss: 0.3533
2023/02/04 18:43:22 - mmengine - INFO - Exp name: efficientnet-b3_in_cifar10_20230204_183028
2023/02/04 18:43:22 - mmengine - INFO - Saving checkpoint at 19 epochs
2023/02/04 18:43:25 - mmengine - INFO - Epoch(val) [19][20/20]  accuracy/top1: 83.9000
2023/02/04 18:43:44 - mmengine - INFO - Epoch(train)  [20][50/98]  lr: 4.0000e-01  eta: 1:50:36  time: 0.3718  data_time: 0.0010  memory: 3263  loss: 0.3329
2023/02/04 18:44:02 - mmengine - INFO - Exp name: efficientnet-b3_in_cifar10_20230204_183028
2023/02/04 18:44:02 - mmengine - INFO - Saving checkpoint at 20 epochs
2023/02/04 18:44:05 - mmengine - INFO - Epoch(val) [20][20/20]  accuracy/top1: 83.7600
2023/02/04 18:44:20 - mmengine - INFO - Exp name: efficientnet-b3_in_cifar10_20230204_183028
2023/02/04 18:44:24 - mmengine - INFO - Epoch(train)  [21][50/98]  lr: 4.0000e-01  eta: 1:49:56  time: 0.3701  data_time: 0.0010  memory: 3263  loss: 0.3238
2023/02/04 18:44:41 - mmengine - INFO - Exp name: efficientnet-b3_in_cifar10_20230204_183028
2023/02/04 18:44:41 - mmengine - INFO - Saving checkpoint at 21 epochs
2023/02/04 18:44:45 - mmengine - INFO - Epoch(val) [21][20/20]  accuracy/top1: 79.6900
2023/02/04 18:45:03 - mmengine - INFO - Epoch(train)  [22][50/98]  lr: 4.0000e-01  eta: 1:49:15  time: 0.3696  data_time: 0.0012  memory: 3263  loss: 0.3649
2023/02/04 18:45:21 - mmengine - INFO - Exp name: efficientnet-b3_in_cifar10_20230204_183028
2023/02/04 18:45:21 - mmengine - INFO - Saving checkpoint at 22 epochs
2023/02/04 18:45:24 - mmengine - INFO - Epoch(val) [22][20/20]  accuracy/top1: 84.4200
2023/02/04 18:45:43 - mmengine - INFO - Epoch(train)  [23][50/98]  lr: 4.0000e-01  eta: 1:48:34  time: 0.3676  data_time: 0.0012  memory: 3263  loss: 0.3665
2023/02/04 18:46:00 - mmengine - INFO - Exp name: efficientnet-b3_in_cifar10_20230204_183028
2023/02/04 18:46:00 - mmengine - INFO - Saving checkpoint at 23 epochs
2023/02/04 18:46:03 - mmengine - INFO - Epoch(val) [23][20/20]  accuracy/top1: 83.8200
2023/02/04 18:46:22 - mmengine - INFO - Epoch(train)  [24][50/98]  lr: 4.0000e-01  eta: 1:47:55  time: 0.3692  data_time: 0.0012  memory: 3263  loss: 0.3335
2023/02/04 18:46:40 - mmengine - INFO - Exp name: efficientnet-b3_in_cifar10_20230204_183028
2023/02/04 18:46:40 - mmengine - INFO - Saving checkpoint at 24 epochs
2023/02/04 18:46:43 - mmengine - INFO - Epoch(val) [24][20/20]  accuracy/top1: 83.6900
2023/02/04 18:47:02 - mmengine - INFO - Epoch(train)  [25][50/98]  lr: 4.0000e-01  eta: 1:47:16  time: 0.3678  data_time: 0.0011  memory: 3263  loss: 0.3307
2023/02/04 18:47:19 - mmengine - INFO - Exp name: efficientnet-b3_in_cifar10_20230204_183028
2023/02/04 18:47:19 - mmengine - INFO - Saving checkpoint at 25 epochs
2023/02/04 18:47:23 - mmengine - INFO - Epoch(val) [25][20/20]  accuracy/top1: 83.9000
2023/02/04 18:47:41 - mmengine - INFO - Epoch(train)  [26][50/98]  lr: 4.0000e-01  eta: 1:46:37  time: 0.3692  data_time: 0.0013  memory: 3263  loss: 0.3171
2023/02/04 18:47:59 - mmengine - INFO - Exp name: efficientnet-b3_in_cifar10_20230204_183028
2023/02/04 18:47:59 - mmengine - INFO - Saving checkpoint at 26 epochs
2023/02/04 18:48:02 - mmengine - INFO - Epoch(val) [26][20/20]  accuracy/top1: 84.2100
2023/02/04 18:48:21 - mmengine - INFO - Epoch(train)  [27][50/98]  lr: 4.0000e-01  eta: 1:45:58  time: 0.3693  data_time: 0.0014  memory: 3263  loss: 0.3234
2023/02/04 18:48:39 - mmengine - INFO - Exp name: efficientnet-b3_in_cifar10_20230204_183028
2023/02/04 18:48:39 - mmengine - INFO - Saving checkpoint at 27 epochs
2023/02/04 18:48:42 - mmengine - INFO - Epoch(val) [27][20/20]  accuracy/top1: 83.3400
2023/02/04 18:49:00 - mmengine - INFO - Epoch(train)  [28][50/98]  lr: 4.0000e-01  eta: 1:45:19  time: 0.3693  data_time: 0.0013  memory: 3263  loss: 0.3351
2023/02/04 18:49:18 - mmengine - INFO - Exp name: efficientnet-b3_in_cifar10_20230204_183028
2023/02/04 18:49:18 - mmengine - INFO - Saving checkpoint at 28 epochs
2023/02/04 18:49:21 - mmengine - INFO - Epoch(val) [28][20/20]  accuracy/top1: 83.8300
2023/02/04 18:49:40 - mmengine - INFO - Epoch(train)  [29][50/98]  lr: 4.0000e-01  eta: 1:44:41  time: 0.3685  data_time: 0.0015  memory: 3263  loss: 0.3230
2023/02/04 18:49:58 - mmengine - INFO - Exp name: efficientnet-b3_in_cifar10_20230204_183028
2023/02/04 18:49:58 - mmengine - INFO - Saving checkpoint at 29 epochs
2023/02/04 18:50:01 - mmengine - INFO - Epoch(val) [29][20/20]  accuracy/top1: 84.3900
2023/02/04 18:50:20 - mmengine - INFO - Epoch(train)  [30][50/98]  lr: 4.0000e-01  eta: 1:44:03  time: 0.3681  data_time: 0.0014  memory: 3263  loss: 0.3176
2023/02/04 18:50:37 - mmengine - INFO - Exp name: efficientnet-b3_in_cifar10_20230204_183028
2023/02/04 18:50:37 - mmengine - INFO - Saving checkpoint at 30 epochs
2023/02/04 18:50:41 - mmengine - INFO - Epoch(val) [30][20/20]  accuracy/top1: 84.5700
2023/02/04 18:50:59 - mmengine - INFO - Epoch(train)  [31][50/98]  lr: 4.0000e-01  eta: 1:43:24  time: 0.3689  data_time: 0.0011  memory: 3263  loss: 0.3033
2023/02/04 18:51:03 - mmengine - INFO - Exp name: efficientnet-b3_in_cifar10_20230204_183028
2023/02/04 18:51:17 - mmengine - INFO - Exp name: efficientnet-b3_in_cifar10_20230204_183028
2023/02/04 18:51:17 - mmengine - INFO - Saving checkpoint at 31 epochs
2023/02/04 18:51:20 - mmengine - INFO - Epoch(val) [31][20/20]  accuracy/top1: 84.4200
2023/02/04 18:51:39 - mmengine - INFO - Epoch(train)  [32][50/98]  lr: 4.0000e-01  eta: 1:42:46  time: 0.3688  data_time: 0.0015  memory: 3263  loss: 0.3160
2023/02/04 18:51:56 - mmengine - INFO - Exp name: efficientnet-b3_in_cifar10_20230204_183028
2023/02/04 18:51:56 - mmengine - INFO - Saving checkpoint at 32 epochs
2023/02/04 18:52:00 - mmengine - INFO - Epoch(val) [32][20/20]  accuracy/top1: 85.4900
2023/02/04 18:52:18 - mmengine - INFO - Epoch(train)  [33][50/98]  lr: 4.0000e-01  eta: 1:42:08  time: 0.3698  data_time: 0.0013  memory: 3263  loss: 0.3151
2023/02/04 18:52:36 - mmengine - INFO - Exp name: efficientnet-b3_in_cifar10_20230204_183028
2023/02/04 18:52:36 - mmengine - INFO - Saving checkpoint at 33 epochs
2023/02/04 18:52:39 - mmengine - INFO - Epoch(val) [33][20/20]  accuracy/top1: 84.4900
2023/02/04 18:52:58 - mmengine - INFO - Epoch(train)  [34][50/98]  lr: 4.0000e-01  eta: 1:41:30  time: 0.3687  data_time: 0.0015  memory: 3263  loss: 0.3153
2023/02/04 18:53:16 - mmengine - INFO - Exp name: efficientnet-b3_in_cifar10_20230204_183028
2023/02/04 18:53:16 - mmengine - INFO - Saving checkpoint at 34 epochs
2023/02/04 18:53:19 - mmengine - INFO - Epoch(val) [34][20/20]  accuracy/top1: 85.2600
2023/02/04 18:53:38 - mmengine - INFO - Epoch(train)  [35][50/98]  lr: 4.0000e-01  eta: 1:40:53  time: 0.3707  data_time: 0.0012  memory: 3263  loss: 0.2872
2023/02/04 18:53:55 - mmengine - INFO - Exp name: efficientnet-b3_in_cifar10_20230204_183028
2023/02/04 18:53:55 - mmengine - INFO - Saving checkpoint at 35 epochs
2023/02/04 18:53:59 - mmengine - INFO - Epoch(val) [35][20/20]  accuracy/top1: 82.2100
2023/02/04 18:54:18 - mmengine - INFO - Epoch(train)  [36][50/98]  lr: 4.0000e-01  eta: 1:40:16  time: 0.3699  data_time: 0.0013  memory: 3263  loss: 0.3038
2023/02/04 18:54:35 - mmengine - INFO - Exp name: efficientnet-b3_in_cifar10_20230204_183028
2023/02/04 18:54:35 - mmengine - INFO - Saving checkpoint at 36 epochs
2023/02/04 18:54:38 - mmengine - INFO - Epoch(val) [36][20/20]  accuracy/top1: 84.2700
2023/02/04 18:54:57 - mmengine - INFO - Epoch(train)  [37][50/98]  lr: 4.0000e-01  eta: 1:39:39  time: 0.3684  data_time: 0.0013  memory: 3263  loss: 0.2872
2023/02/04 18:55:15 - mmengine - INFO - Exp name: efficientnet-b3_in_cifar10_20230204_183028
2023/02/04 18:55:15 - mmengine - INFO - Saving checkpoint at 37 epochs
2023/02/04 18:55:18 - mmengine - INFO - Epoch(val) [37][20/20]  accuracy/top1: 85.3500
2023/02/04 18:55:37 - mmengine - INFO - Epoch(train)  [38][50/98]  lr: 4.0000e-01  eta: 1:39:01  time: 0.3699  data_time: 0.0011  memory: 3263  loss: 0.3105
2023/02/04 18:55:54 - mmengine - INFO - Exp name: efficientnet-b3_in_cifar10_20230204_183028
2023/02/04 18:55:54 - mmengine - INFO - Saving checkpoint at 38 epochs
2023/02/04 18:55:57 - mmengine - INFO - Epoch(val) [38][20/20]  accuracy/top1: 84.9400
2023/02/04 18:56:16 - mmengine - INFO - Epoch(train)  [39][50/98]  lr: 4.0000e-01  eta: 1:38:24  time: 0.3697  data_time: 0.0014  memory: 3263  loss: 0.2997
2023/02/04 18:56:34 - mmengine - INFO - Exp name: efficientnet-b3_in_cifar10_20230204_183028
2023/02/04 18:56:34 - mmengine - INFO - Saving checkpoint at 39 epochs
2023/02/04 18:56:37 - mmengine - INFO - Epoch(val) [39][20/20]  accuracy/top1: 84.6700
2023/02/04 18:56:56 - mmengine - INFO - Epoch(train)  [40][50/98]  lr: 4.0000e-01  eta: 1:37:46  time: 0.3688  data_time: 0.0012  memory: 3263  loss: 0.3084
2023/02/04 18:57:13 - mmengine - INFO - Exp name: efficientnet-b3_in_cifar10_20230204_183028
2023/02/04 18:57:13 - mmengine - INFO - Saving checkpoint at 40 epochs
2023/02/04 18:57:17 - mmengine - INFO - Epoch(val) [40][20/20]  accuracy/top1: 85.1100
2023/02/04 18:57:36 - mmengine - INFO - Epoch(train)  [41][50/98]  lr: 4.0000e-01  eta: 1:37:10  time: 0.3718  data_time: 0.0011  memory: 3263  loss: 0.2852
2023/02/04 18:57:47 - mmengine - INFO - Exp name: efficientnet-b3_in_cifar10_20230204_183028
2023/02/04 18:57:53 - mmengine - INFO - Exp name: efficientnet-b3_in_cifar10_20230204_183028
2023/02/04 18:57:53 - mmengine - INFO - Saving checkpoint at 41 epochs
2023/02/04 18:57:57 - mmengine - INFO - Epoch(val) [41][20/20]  accuracy/top1: 84.7500
2023/02/04 18:58:16 - mmengine - INFO - Epoch(train)  [42][50/98]  lr: 4.0000e-01  eta: 1:36:33  time: 0.3701  data_time: 0.0011  memory: 3263  loss: 0.2593
2023/02/04 18:58:33 - mmengine - INFO - Exp name: efficientnet-b3_in_cifar10_20230204_183028
2023/02/04 18:58:33 - mmengine - INFO - Saving checkpoint at 42 epochs
2023/02/04 18:58:36 - mmengine - INFO - Epoch(val) [42][20/20]  accuracy/top1: 84.4900
2023/02/04 18:58:55 - mmengine - INFO - Epoch(train)  [43][50/98]  lr: 4.0000e-01  eta: 1:35:56  time: 0.3702  data_time: 0.0013  memory: 3263  loss: 0.2796
2023/02/04 18:59:13 - mmengine - INFO - Exp name: efficientnet-b3_in_cifar10_20230204_183028
2023/02/04 18:59:13 - mmengine - INFO - Saving checkpoint at 43 epochs
2023/02/04 18:59:16 - mmengine - INFO - Epoch(val) [43][20/20]  accuracy/top1: 85.5800
2023/02/04 18:59:35 - mmengine - INFO - Epoch(train)  [44][50/98]  lr: 4.0000e-01  eta: 1:35:18  time: 0.3686  data_time: 0.0012  memory: 3263  loss: 0.2960
2023/02/04 18:59:52 - mmengine - INFO - Exp name: efficientnet-b3_in_cifar10_20230204_183028
2023/02/04 18:59:52 - mmengine - INFO - Saving checkpoint at 44 epochs
2023/02/04 18:59:55 - mmengine - INFO - Epoch(val) [44][20/20]  accuracy/top1: 85.7100
2023/02/04 19:00:14 - mmengine - INFO - Epoch(train)  [45][50/98]  lr: 4.0000e-01  eta: 1:34:41  time: 0.3692  data_time: 0.0012  memory: 3263  loss: 0.2905
2023/02/04 19:00:32 - mmengine - INFO - Exp name: efficientnet-b3_in_cifar10_20230204_183028
2023/02/04 19:00:32 - mmengine - INFO - Saving checkpoint at 45 epochs
2023/02/04 19:00:35 - mmengine - INFO - Epoch(val) [45][20/20]  accuracy/top1: 86.4900
2023/02/04 19:00:54 - mmengine - INFO - Epoch(train)  [46][50/98]  lr: 4.0000e-01  eta: 1:34:03  time: 0.3701  data_time: 0.0011  memory: 3263  loss: 0.2874
2023/02/04 19:01:11 - mmengine - INFO - Exp name: efficientnet-b3_in_cifar10_20230204_183028
2023/02/04 19:01:11 - mmengine - INFO - Saving checkpoint at 46 epochs
2023/02/04 19:01:15 - mmengine - INFO - Epoch(val) [46][20/20]  accuracy/top1: 82.7600
2023/02/04 19:01:33 - mmengine - INFO - Epoch(train)  [47][50/98]  lr: 4.0000e-01  eta: 1:33:26  time: 0.3697  data_time: 0.0013  memory: 3263  loss: 0.2982
2023/02/04 19:01:51 - mmengine - INFO - Exp name: efficientnet-b3_in_cifar10_20230204_183028
2023/02/04 19:01:51 - mmengine - INFO - Saving checkpoint at 47 epochs
2023/02/04 19:01:54 - mmengine - INFO - Epoch(val) [47][20/20]  accuracy/top1: 86.1400
2023/02/04 19:02:13 - mmengine - INFO - Epoch(train)  [48][50/98]  lr: 4.0000e-01  eta: 1:32:49  time: 0.3698  data_time: 0.0013  memory: 3263  loss: 0.3053
2023/02/04 19:02:30 - mmengine - INFO - Exp name: efficientnet-b3_in_cifar10_20230204_183028
2023/02/04 19:02:30 - mmengine - INFO - Saving checkpoint at 48 epochs
2023/02/04 19:02:34 - mmengine - INFO - Epoch(val) [48][20/20]  accuracy/top1: 84.9700
2023/02/04 19:02:52 - mmengine - INFO - Epoch(train)  [49][50/98]  lr: 4.0000e-01  eta: 1:32:12  time: 0.3681  data_time: 0.0013  memory: 3263  loss: 0.2982
2023/02/04 19:03:10 - mmengine - INFO - Exp name: efficientnet-b3_in_cifar10_20230204_183028
2023/02/04 19:03:10 - mmengine - INFO - Saving checkpoint at 49 epochs
2023/02/04 19:03:13 - mmengine - INFO - Epoch(val) [49][20/20]  accuracy/top1: 85.5000
2023/02/04 19:03:32 - mmengine - INFO - Epoch(train)  [50][50/98]  lr: 4.0000e-01  eta: 1:31:34  time: 0.3694  data_time: 0.0013  memory: 3263  loss: 0.2694
2023/02/04 19:03:49 - mmengine - INFO - Exp name: efficientnet-b3_in_cifar10_20230204_183028
2023/02/04 19:03:49 - mmengine - INFO - Saving checkpoint at 50 epochs
2023/02/04 19:03:53 - mmengine - INFO - Epoch(val) [50][20/20]  accuracy/top1: 84.1800
2023/02/04 19:04:11 - mmengine - INFO - Epoch(train)  [51][50/98]  lr: 4.0000e-01  eta: 1:30:57  time: 0.3696  data_time: 0.0010  memory: 3263  loss: 0.2634
2023/02/04 19:04:29 - mmengine - INFO - Exp name: efficientnet-b3_in_cifar10_20230204_183028
2023/02/04 19:04:29 - mmengine - INFO - Saving checkpoint at 51 epochs
2023/02/04 19:04:32 - mmengine - INFO - Epoch(val) [51][20/20]  accuracy/top1: 86.0700
2023/02/04 19:04:33 - mmengine - INFO - Exp name: efficientnet-b3_in_cifar10_20230204_183028
2023/02/04 19:04:51 - mmengine - INFO - Epoch(train)  [52][50/98]  lr: 4.0000e-01  eta: 1:30:21  time: 0.3727  data_time: 0.0012  memory: 3263  loss: 0.2863
2023/02/04 19:05:09 - mmengine - INFO - Exp name: efficientnet-b3_in_cifar10_20230204_183028
2023/02/04 19:05:09 - mmengine - INFO - Saving checkpoint at 52 epochs
2023/02/04 19:05:12 - mmengine - INFO - Epoch(val) [52][20/20]  accuracy/top1: 84.0700
2023/02/04 19:05:31 - mmengine - INFO - Epoch(train)  [53][50/98]  lr: 4.0000e-01  eta: 1:29:44  time: 0.3733  data_time: 0.0011  memory: 3263  loss: 0.2957
2023/02/04 19:05:48 - mmengine - INFO - Exp name: efficientnet-b3_in_cifar10_20230204_183028
2023/02/04 19:05:48 - mmengine - INFO - Saving checkpoint at 53 epochs
2023/02/04 19:05:52 - mmengine - INFO - Epoch(val) [53][20/20]  accuracy/top1: 83.3200
2023/02/04 19:06:11 - mmengine - INFO - Epoch(train)  [54][50/98]  lr: 4.0000e-01  eta: 1:29:07  time: 0.3714  data_time: 0.0012  memory: 3263  loss: 0.2628
2023/02/04 19:06:28 - mmengine - INFO - Exp name: efficientnet-b3_in_cifar10_20230204_183028
2023/02/04 19:06:28 - mmengine - INFO - Saving checkpoint at 54 epochs
2023/02/04 19:06:31 - mmengine - INFO - Epoch(val) [54][20/20]  accuracy/top1: 85.3200
2023/02/04 19:06:50 - mmengine - INFO - Epoch(train)  [55][50/98]  lr: 4.0000e-01  eta: 1:28:31  time: 0.3698  data_time: 0.0015  memory: 3263  loss: 0.2989
2023/02/04 19:07:08 - mmengine - INFO - Exp name: efficientnet-b3_in_cifar10_20230204_183028
2023/02/04 19:07:08 - mmengine - INFO - Saving checkpoint at 55 epochs
2023/02/04 19:07:11 - mmengine - INFO - Epoch(val) [55][20/20]  accuracy/top1: 85.4000
2023/02/04 19:07:30 - mmengine - INFO - Epoch(train)  [56][50/98]  lr: 4.0000e-01  eta: 1:27:54  time: 0.3700  data_time: 0.0014  memory: 3263  loss: 0.2547
2023/02/04 19:07:47 - mmengine - INFO - Exp name: efficientnet-b3_in_cifar10_20230204_183028
2023/02/04 19:07:47 - mmengine - INFO - Saving checkpoint at 56 epochs
2023/02/04 19:07:51 - mmengine - INFO - Epoch(val) [56][20/20]  accuracy/top1: 82.2300
2023/02/04 19:08:10 - mmengine - INFO - Epoch(train)  [57][50/98]  lr: 4.0000e-01  eta: 1:27:17  time: 0.3691  data_time: 0.0010  memory: 3263  loss: 0.2784
2023/02/04 19:08:27 - mmengine - INFO - Exp name: efficientnet-b3_in_cifar10_20230204_183028
2023/02/04 19:08:27 - mmengine - INFO - Saving checkpoint at 57 epochs
2023/02/04 19:08:30 - mmengine - INFO - Epoch(val) [57][20/20]  accuracy/top1: 85.6900
2023/02/04 19:08:49 - mmengine - INFO - Epoch(train)  [58][50/98]  lr: 4.0000e-01  eta: 1:26:40  time: 0.3684  data_time: 0.0016  memory: 3263  loss: 0.2955
2023/02/04 19:09:07 - mmengine - INFO - Exp name: efficientnet-b3_in_cifar10_20230204_183028
2023/02/04 19:09:07 - mmengine - INFO - Saving checkpoint at 58 epochs
2023/02/04 19:09:10 - mmengine - INFO - Epoch(val) [58][20/20]  accuracy/top1: 85.6400
2023/02/04 19:09:29 - mmengine - INFO - Epoch(train)  [59][50/98]  lr: 4.0000e-01  eta: 1:26:03  time: 0.3687  data_time: 0.0012  memory: 3263  loss: 0.2857
2023/02/04 19:09:46 - mmengine - INFO - Exp name: efficientnet-b3_in_cifar10_20230204_183028
2023/02/04 19:09:46 - mmengine - INFO - Saving checkpoint at 59 epochs
2023/02/04 19:09:49 - mmengine - INFO - Epoch(val) [59][20/20]  accuracy/top1: 86.1400
2023/02/04 19:10:08 - mmengine - INFO - Epoch(train)  [60][50/98]  lr: 4.0000e-01  eta: 1:25:26  time: 0.3707  data_time: 0.0012  memory: 3263  loss: 0.2995
2023/02/04 19:10:26 - mmengine - INFO - Exp name: efficientnet-b3_in_cifar10_20230204_183028
2023/02/04 19:10:26 - mmengine - INFO - Saving checkpoint at 60 epochs
2023/02/04 19:10:29 - mmengine - INFO - Epoch(val) [60][20/20]  accuracy/top1: 86.2200
2023/02/04 19:10:48 - mmengine - INFO - Epoch(train)  [61][50/98]  lr: 4.0000e-01  eta: 1:24:50  time: 0.3711  data_time: 0.0012  memory: 3263  loss: 0.2931
2023/02/04 19:11:06 - mmengine - INFO - Exp name: efficientnet-b3_in_cifar10_20230204_183028
2023/02/04 19:11:06 - mmengine - INFO - Saving checkpoint at 61 epochs
2023/02/04 19:11:09 - mmengine - INFO - Epoch(val) [61][20/20]  accuracy/top1: 83.9700
2023/02/04 19:11:17 - mmengine - INFO - Exp name: efficientnet-b3_in_cifar10_20230204_183028
2023/02/04 19:11:28 - mmengine - INFO - Epoch(train)  [62][50/98]  lr: 4.0000e-01  eta: 1:24:14  time: 0.3718  data_time: 0.0013  memory: 3263  loss: 0.2894
2023/02/04 19:11:45 - mmengine - INFO - Exp name: efficientnet-b3_in_cifar10_20230204_183028
2023/02/04 19:11:45 - mmengine - INFO - Saving checkpoint at 62 epochs
2023/02/04 19:11:49 - mmengine - INFO - Epoch(val) [62][20/20]  accuracy/top1: 85.8300
2023/02/04 19:12:08 - mmengine - INFO - Epoch(train)  [63][50/98]  lr: 4.0000e-01  eta: 1:23:37  time: 0.3718  data_time: 0.0012  memory: 3263  loss: 0.2764
2023/02/04 19:12:25 - mmengine - INFO - Exp name: efficientnet-b3_in_cifar10_20230204_183028
2023/02/04 19:12:25 - mmengine - INFO - Saving checkpoint at 63 epochs
2023/02/04 19:12:29 - mmengine - INFO - Epoch(val) [63][20/20]  accuracy/top1: 84.9000
2023/02/04 19:12:47 - mmengine - INFO - Epoch(train)  [64][50/98]  lr: 4.0000e-01  eta: 1:23:01  time: 0.3690  data_time: 0.0011  memory: 3263  loss: 0.2757
2023/02/04 19:13:05 - mmengine - INFO - Exp name: efficientnet-b3_in_cifar10_20230204_183028
2023/02/04 19:13:05 - mmengine - INFO - Saving checkpoint at 64 epochs
2023/02/04 19:13:08 - mmengine - INFO - Epoch(val) [64][20/20]  accuracy/top1: 84.0900
2023/02/04 19:13:27 - mmengine - INFO - Epoch(train)  [65][50/98]  lr: 4.0000e-01  eta: 1:22:24  time: 0.3672  data_time: 0.0012  memory: 3263  loss: 0.2924
2023/02/04 19:13:44 - mmengine - INFO - Exp name: efficientnet-b3_in_cifar10_20230204_183028
2023/02/04 19:13:44 - mmengine - INFO - Saving checkpoint at 65 epochs
2023/02/04 19:13:48 - mmengine - INFO - Epoch(val) [65][20/20]  accuracy/top1: 85.1500
2023/02/04 19:14:06 - mmengine - INFO - Epoch(train)  [66][50/98]  lr: 4.0000e-01  eta: 1:21:47  time: 0.3687  data_time: 0.0016  memory: 3263  loss: 0.2523
2023/02/04 19:14:24 - mmengine - INFO - Exp name: efficientnet-b3_in_cifar10_20230204_183028
2023/02/04 19:14:24 - mmengine - INFO - Saving checkpoint at 66 epochs
2023/02/04 19:14:27 - mmengine - INFO - Epoch(val) [66][20/20]  accuracy/top1: 84.8200
2023/02/04 19:14:46 - mmengine - INFO - Epoch(train)  [67][50/98]  lr: 4.0000e-01  eta: 1:21:10  time: 0.3694  data_time: 0.0015  memory: 3263  loss: 0.2437
2023/02/04 19:15:04 - mmengine - INFO - Exp name: efficientnet-b3_in_cifar10_20230204_183028
2023/02/04 19:15:04 - mmengine - INFO - Saving checkpoint at 67 epochs
2023/02/04 19:15:07 - mmengine - INFO - Epoch(val) [67][20/20]  accuracy/top1: 84.2400
2023/02/04 19:15:26 - mmengine - INFO - Epoch(train)  [68][50/98]  lr: 4.0000e-01  eta: 1:20:34  time: 0.3701  data_time: 0.0012  memory: 3263  loss: 0.2518
2023/02/04 19:15:43 - mmengine - INFO - Exp name: efficientnet-b3_in_cifar10_20230204_183028
2023/02/04 19:15:43 - mmengine - INFO - Saving checkpoint at 68 epochs
2023/02/04 19:15:46 - mmengine - INFO - Epoch(val) [68][20/20]  accuracy/top1: 85.8400
2023/02/04 19:16:05 - mmengine - INFO - Epoch(train)  [69][50/98]  lr: 4.0000e-01  eta: 1:19:57  time: 0.3680  data_time: 0.0012  memory: 3263  loss: 0.2586
2023/02/04 19:16:23 - mmengine - INFO - Exp name: efficientnet-b3_in_cifar10_20230204_183028
2023/02/04 19:16:23 - mmengine - INFO - Saving checkpoint at 69 epochs
2023/02/04 19:16:26 - mmengine - INFO - Epoch(val) [69][20/20]  accuracy/top1: 83.6300
2023/02/04 19:16:45 - mmengine - INFO - Epoch(train)  [70][50/98]  lr: 4.0000e-01  eta: 1:19:20  time: 0.3705  data_time: 0.0014  memory: 3263  loss: 0.2575
2023/02/04 19:17:02 - mmengine - INFO - Exp name: efficientnet-b3_in_cifar10_20230204_183028
2023/02/04 19:17:02 - mmengine - INFO - Saving checkpoint at 70 epochs
2023/02/04 19:17:05 - mmengine - INFO - Epoch(val) [70][20/20]  accuracy/top1: 84.9700
2023/02/04 19:17:24 - mmengine - INFO - Epoch(train)  [71][50/98]  lr: 4.0000e-01  eta: 1:18:43  time: 0.3705  data_time: 0.0012  memory: 3263  loss: 0.2410
2023/02/04 19:17:42 - mmengine - INFO - Exp name: efficientnet-b3_in_cifar10_20230204_183028
2023/02/04 19:17:42 - mmengine - INFO - Saving checkpoint at 71 epochs
2023/02/04 19:17:45 - mmengine - INFO - Epoch(val) [71][20/20]  accuracy/top1: 85.2700
2023/02/04 19:18:01 - mmengine - INFO - Exp name: efficientnet-b3_in_cifar10_20230204_183028
2023/02/04 19:18:04 - mmengine - INFO - Epoch(train)  [72][50/98]  lr: 4.0000e-01  eta: 1:18:06  time: 0.3681  data_time: 0.0013  memory: 3263  loss: 0.2630
2023/02/04 19:18:21 - mmengine - INFO - Exp name: efficientnet-b3_in_cifar10_20230204_183028
2023/02/04 19:18:21 - mmengine - INFO - Saving checkpoint at 72 epochs
2023/02/04 19:18:24 - mmengine - INFO - Epoch(val) [72][20/20]  accuracy/top1: 86.3900
2023/02/04 19:18:43 - mmengine - INFO - Epoch(train)  [73][50/98]  lr: 4.0000e-01  eta: 1:17:30  time: 0.3701  data_time: 0.0013  memory: 3263  loss: 0.2647
2023/02/04 19:19:01 - mmengine - INFO - Exp name: efficientnet-b3_in_cifar10_20230204_183028
2023/02/04 19:19:01 - mmengine - INFO - Saving checkpoint at 73 epochs
2023/02/04 19:19:04 - mmengine - INFO - Epoch(val) [73][20/20]  accuracy/top1: 87.3400
2023/02/04 19:19:23 - mmengine - INFO - Epoch(train)  [74][50/98]  lr: 4.0000e-01  eta: 1:16:53  time: 0.3691  data_time: 0.0013  memory: 3263  loss: 0.2528
2023/02/04 19:19:40 - mmengine - INFO - Exp name: efficientnet-b3_in_cifar10_20230204_183028
2023/02/04 19:19:40 - mmengine - INFO - Saving checkpoint at 74 epochs
2023/02/04 19:19:43 - mmengine - INFO - Epoch(val) [74][20/20]  accuracy/top1: 85.5500
2023/02/04 19:20:02 - mmengine - INFO - Epoch(train)  [75][50/98]  lr: 4.0000e-01  eta: 1:16:16  time: 0.3668  data_time: 0.0013  memory: 3263  loss: 0.2629
2023/02/04 19:20:20 - mmengine - INFO - Exp name: efficientnet-b3_in_cifar10_20230204_183028
2023/02/04 19:20:20 - mmengine - INFO - Saving checkpoint at 75 epochs
2023/02/04 19:20:23 - mmengine - INFO - Epoch(val) [75][20/20]  accuracy/top1: 85.5900
2023/02/04 19:20:42 - mmengine - INFO - Epoch(train)  [76][50/98]  lr: 4.0000e-01  eta: 1:15:39  time: 0.3690  data_time: 0.0013  memory: 3263  loss: 0.2533
2023/02/04 19:20:59 - mmengine - INFO - Exp name: efficientnet-b3_in_cifar10_20230204_183028
2023/02/04 19:20:59 - mmengine - INFO - Saving checkpoint at 76 epochs
2023/02/04 19:21:03 - mmengine - INFO - Epoch(val) [76][20/20]  accuracy/top1: 86.1100
2023/02/04 19:21:21 - mmengine - INFO - Epoch(train)  [77][50/98]  lr: 4.0000e-01  eta: 1:15:03  time: 0.3709  data_time: 0.0014  memory: 3263  loss: 0.2686
2023/02/04 19:21:39 - mmengine - INFO - Exp name: efficientnet-b3_in_cifar10_20230204_183028
2023/02/04 19:21:39 - mmengine - INFO - Saving checkpoint at 77 epochs
2023/02/04 19:21:42 - mmengine - INFO - Epoch(val) [77][20/20]  accuracy/top1: 85.7000
2023/02/04 19:22:01 - mmengine - INFO - Epoch(train)  [78][50/98]  lr: 4.0000e-01  eta: 1:14:26  time: 0.3688  data_time: 0.0014  memory: 3263  loss: 0.2608
2023/02/04 19:22:19 - mmengine - INFO - Exp name: efficientnet-b3_in_cifar10_20230204_183028
2023/02/04 19:22:19 - mmengine - INFO - Saving checkpoint at 78 epochs
2023/02/04 19:22:22 - mmengine - INFO - Epoch(val) [78][20/20]  accuracy/top1: 86.0000
2023/02/04 19:22:41 - mmengine - INFO - Epoch(train)  [79][50/98]  lr: 4.0000e-01  eta: 1:13:50  time: 0.3694  data_time: 0.0014  memory: 3263  loss: 0.2555
2023/02/04 19:22:58 - mmengine - INFO - Exp name: efficientnet-b3_in_cifar10_20230204_183028
2023/02/04 19:22:58 - mmengine - INFO - Saving checkpoint at 79 epochs
2023/02/04 19:23:02 - mmengine - INFO - Epoch(val) [79][20/20]  accuracy/top1: 85.8100
2023/02/04 19:23:20 - mmengine - INFO - Epoch(train)  [80][50/98]  lr: 4.0000e-01  eta: 1:13:13  time: 0.3703  data_time: 0.0014  memory: 3263  loss: 0.2504
2023/02/04 19:23:38 - mmengine - INFO - Exp name: efficientnet-b3_in_cifar10_20230204_183028
2023/02/04 19:23:38 - mmengine - INFO - Saving checkpoint at 80 epochs
2023/02/04 19:23:41 - mmengine - INFO - Epoch(val) [80][20/20]  accuracy/top1: 85.5900
2023/02/04 19:24:00 - mmengine - INFO - Epoch(train)  [81][50/98]  lr: 4.0000e-01  eta: 1:12:36  time: 0.3686  data_time: 0.0016  memory: 3263  loss: 0.2488
2023/02/04 19:24:17 - mmengine - INFO - Exp name: efficientnet-b3_in_cifar10_20230204_183028
2023/02/04 19:24:17 - mmengine - INFO - Saving checkpoint at 81 epochs
2023/02/04 19:24:21 - mmengine - INFO - Epoch(val) [81][20/20]  accuracy/top1: 86.0000
2023/02/04 19:24:39 - mmengine - INFO - Epoch(train)  [82][50/98]  lr: 4.0000e-01  eta: 1:12:00  time: 0.3708  data_time: 0.0014  memory: 3263  loss: 0.2609
2023/02/04 19:24:44 - mmengine - INFO - Exp name: efficientnet-b3_in_cifar10_20230204_183028
2023/02/04 19:24:57 - mmengine - INFO - Exp name: efficientnet-b3_in_cifar10_20230204_183028
2023/02/04 19:24:57 - mmengine - INFO - Saving checkpoint at 82 epochs
2023/02/04 19:25:00 - mmengine - INFO - Epoch(val) [82][20/20]  accuracy/top1: 84.2800
2023/02/04 19:25:19 - mmengine - INFO - Epoch(train)  [83][50/98]  lr: 4.0000e-01  eta: 1:11:23  time: 0.3685  data_time: 0.0013  memory: 3263  loss: 0.2802
2023/02/04 19:25:37 - mmengine - INFO - Exp name: efficientnet-b3_in_cifar10_20230204_183028
2023/02/04 19:25:37 - mmengine - INFO - Saving checkpoint at 83 epochs
2023/02/04 19:25:40 - mmengine - INFO - Epoch(val) [83][20/20]  accuracy/top1: 83.6700
2023/02/04 19:25:59 - mmengine - INFO - Epoch(train)  [84][50/98]  lr: 4.0000e-01  eta: 1:10:47  time: 0.3689  data_time: 0.0011  memory: 3263  loss: 0.2619
2023/02/04 19:26:16 - mmengine - INFO - Exp name: efficientnet-b3_in_cifar10_20230204_183028
2023/02/04 19:26:16 - mmengine - INFO - Saving checkpoint at 84 epochs
2023/02/04 19:26:20 - mmengine - INFO - Epoch(val) [84][20/20]  accuracy/top1: 85.9300
2023/02/04 19:26:39 - mmengine - INFO - Epoch(train)  [85][50/98]  lr: 4.0000e-01  eta: 1:10:10  time: 0.3685  data_time: 0.0011  memory: 3263  loss: 0.2561
2023/02/04 19:26:56 - mmengine - INFO - Exp name: efficientnet-b3_in_cifar10_20230204_183028
2023/02/04 19:26:56 - mmengine - INFO - Saving checkpoint at 85 epochs
2023/02/04 19:26:59 - mmengine - INFO - Epoch(val) [85][20/20]  accuracy/top1: 85.2500
2023/02/04 19:27:18 - mmengine - INFO - Epoch(train)  [86][50/98]  lr: 4.0000e-01  eta: 1:09:33  time: 0.3690  data_time: 0.0012  memory: 3263  loss: 0.2591
2023/02/04 19:27:36 - mmengine - INFO - Exp name: efficientnet-b3_in_cifar10_20230204_183028
2023/02/04 19:27:36 - mmengine - INFO - Saving checkpoint at 86 epochs
2023/02/04 19:27:39 - mmengine - INFO - Epoch(val) [86][20/20]  accuracy/top1: 85.8400
2023/02/04 19:27:58 - mmengine - INFO - Epoch(train)  [87][50/98]  lr: 4.0000e-01  eta: 1:08:57  time: 0.3706  data_time: 0.0014  memory: 3263  loss: 0.2492
2023/02/04 19:28:15 - mmengine - INFO - Exp name: efficientnet-b3_in_cifar10_20230204_183028
2023/02/04 19:28:15 - mmengine - INFO - Saving checkpoint at 87 epochs
2023/02/04 19:28:19 - mmengine - INFO - Epoch(val) [87][20/20]  accuracy/top1: 84.6200
2023/02/04 19:28:37 - mmengine - INFO - Epoch(train)  [88][50/98]  lr: 4.0000e-01  eta: 1:08:20  time: 0.3711  data_time: 0.0013  memory: 3263  loss: 0.2737
2023/02/04 19:28:55 - mmengine - INFO - Exp name: efficientnet-b3_in_cifar10_20230204_183028
2023/02/04 19:28:55 - mmengine - INFO - Saving checkpoint at 88 epochs
2023/02/04 19:28:58 - mmengine - INFO - Epoch(val) [88][20/20]  accuracy/top1: 85.4600
2023/02/04 19:29:17 - mmengine - INFO - Epoch(train)  [89][50/98]  lr: 4.0000e-01  eta: 1:07:44  time: 0.3690  data_time: 0.0011  memory: 3263  loss: 0.2401
2023/02/04 19:29:35 - mmengine - INFO - Exp name: efficientnet-b3_in_cifar10_20230204_183028
2023/02/04 19:29:35 - mmengine - INFO - Saving checkpoint at 89 epochs
2023/02/04 19:29:38 - mmengine - INFO - Epoch(val) [89][20/20]  accuracy/top1: 85.2800
2023/02/04 19:29:57 - mmengine - INFO - Epoch(train)  [90][50/98]  lr: 4.0000e-01  eta: 1:07:07  time: 0.3703  data_time: 0.0010  memory: 3263  loss: 0.2510
2023/02/04 19:30:14 - mmengine - INFO - Exp name: efficientnet-b3_in_cifar10_20230204_183028
2023/02/04 19:30:14 - mmengine - INFO - Saving checkpoint at 90 epochs
2023/02/04 19:30:18 - mmengine - INFO - Epoch(val) [90][20/20]  accuracy/top1: 85.4200
2023/02/04 19:30:36 - mmengine - INFO - Epoch(train)  [91][50/98]  lr: 4.0000e-01  eta: 1:06:30  time: 0.3690  data_time: 0.0013  memory: 3263  loss: 0.2748
2023/02/04 19:30:54 - mmengine - INFO - Exp name: efficientnet-b3_in_cifar10_20230204_183028
2023/02/04 19:30:54 - mmengine - INFO - Saving checkpoint at 91 epochs
2023/02/04 19:30:57 - mmengine - INFO - Epoch(val) [91][20/20]  accuracy/top1: 86.0200
2023/02/04 19:31:16 - mmengine - INFO - Epoch(train)  [92][50/98]  lr: 4.0000e-01  eta: 1:05:54  time: 0.3685  data_time: 0.0011  memory: 3263  loss: 0.2525
2023/02/04 19:31:28 - mmengine - INFO - Exp name: efficientnet-b3_in_cifar10_20230204_183028
2023/02/04 19:31:33 - mmengine - INFO - Exp name: efficientnet-b3_in_cifar10_20230204_183028
2023/02/04 19:31:33 - mmengine - INFO - Saving checkpoint at 92 epochs
2023/02/04 19:31:37 - mmengine - INFO - Epoch(val) [92][20/20]  accuracy/top1: 85.4500
2023/02/04 19:31:55 - mmengine - INFO - Epoch(train)  [93][50/98]  lr: 4.0000e-01  eta: 1:05:17  time: 0.3694  data_time: 0.0012  memory: 3263  loss: 0.2695
2023/02/04 19:32:13 - mmengine - INFO - Exp name: efficientnet-b3_in_cifar10_20230204_183028
2023/02/04 19:32:13 - mmengine - INFO - Saving checkpoint at 93 epochs
2023/02/04 19:32:16 - mmengine - INFO - Epoch(val) [93][20/20]  accuracy/top1: 84.7800
2023/02/04 19:32:35 - mmengine - INFO - Epoch(train)  [94][50/98]  lr: 4.0000e-01  eta: 1:04:41  time: 0.3707  data_time: 0.0013  memory: 3263  loss: 0.2339
2023/02/04 19:32:53 - mmengine - INFO - Exp name: efficientnet-b3_in_cifar10_20230204_183028
2023/02/04 19:32:53 - mmengine - INFO - Saving checkpoint at 94 epochs
2023/02/04 19:32:56 - mmengine - INFO - Epoch(val) [94][20/20]  accuracy/top1: 86.1400
2023/02/04 19:33:15 - mmengine - INFO - Epoch(train)  [95][50/98]  lr: 4.0000e-01  eta: 1:04:04  time: 0.3686  data_time: 0.0011  memory: 3263  loss: 0.2348
2023/02/04 19:33:32 - mmengine - INFO - Exp name: efficientnet-b3_in_cifar10_20230204_183028
2023/02/04 19:33:32 - mmengine - INFO - Saving checkpoint at 95 epochs
2023/02/04 19:33:35 - mmengine - INFO - Epoch(val) [95][20/20]  accuracy/top1: 84.3100
2023/02/04 19:33:54 - mmengine - INFO - Epoch(train)  [96][50/98]  lr: 4.0000e-01  eta: 1:03:28  time: 0.3709  data_time: 0.0013  memory: 3263  loss: 0.2715
2023/02/04 19:34:12 - mmengine - INFO - Exp name: efficientnet-b3_in_cifar10_20230204_183028
2023/02/04 19:34:12 - mmengine - INFO - Saving checkpoint at 96 epochs
2023/02/04 19:34:15 - mmengine - INFO - Epoch(val) [96][20/20]  accuracy/top1: 83.7400
2023/02/04 19:34:34 - mmengine - INFO - Epoch(train)  [97][50/98]  lr: 4.0000e-01  eta: 1:02:51  time: 0.3691  data_time: 0.0010  memory: 3263  loss: 0.2531
2023/02/04 19:34:52 - mmengine - INFO - Exp name: efficientnet-b3_in_cifar10_20230204_183028
2023/02/04 19:34:52 - mmengine - INFO - Saving checkpoint at 97 epochs
2023/02/04 19:34:55 - mmengine - INFO - Epoch(val) [97][20/20]  accuracy/top1: 85.4500
2023/02/04 19:35:14 - mmengine - INFO - Epoch(train)  [98][50/98]  lr: 4.0000e-01  eta: 1:02:15  time: 0.3690  data_time: 0.0012  memory: 3263  loss: 0.2643
2023/02/04 19:35:31 - mmengine - INFO - Exp name: efficientnet-b3_in_cifar10_20230204_183028
2023/02/04 19:35:31 - mmengine - INFO - Saving checkpoint at 98 epochs
2023/02/04 19:35:34 - mmengine - INFO - Epoch(val) [98][20/20]  accuracy/top1: 85.3000
2023/02/04 19:35:53 - mmengine - INFO - Epoch(train)  [99][50/98]  lr: 4.0000e-01  eta: 1:01:38  time: 0.3686  data_time: 0.0013  memory: 3263  loss: 0.2616
2023/02/04 19:36:11 - mmengine - INFO - Exp name: efficientnet-b3_in_cifar10_20230204_183028
2023/02/04 19:36:11 - mmengine - INFO - Saving checkpoint at 99 epochs
2023/02/04 19:36:14 - mmengine - INFO - Epoch(val) [99][20/20]  accuracy/top1: 85.6300
2023/02/04 19:36:33 - mmengine - INFO - Epoch(train) [100][50/98]  lr: 4.0000e-01  eta: 1:01:02  time: 0.3662  data_time: 0.0014  memory: 3263  loss: 0.2395
2023/02/04 19:36:50 - mmengine - INFO - Exp name: efficientnet-b3_in_cifar10_20230204_183028
2023/02/04 19:36:50 - mmengine - INFO - Saving checkpoint at 100 epochs
2023/02/04 19:36:53 - mmengine - INFO - Epoch(val) [100][20/20]  accuracy/top1: 83.5900
2023/02/04 19:37:12 - mmengine - INFO - Epoch(train) [101][50/98]  lr: 4.0000e-02  eta: 1:00:25  time: 0.3667  data_time: 0.0015  memory: 3263  loss: 0.1469
2023/02/04 19:37:30 - mmengine - INFO - Exp name: efficientnet-b3_in_cifar10_20230204_183028
2023/02/04 19:37:30 - mmengine - INFO - Saving checkpoint at 101 epochs
2023/02/04 19:37:33 - mmengine - INFO - Epoch(val) [101][20/20]  accuracy/top1: 90.2700
2023/02/04 19:37:51 - mmengine - INFO - Epoch(train) [102][50/98]  lr: 4.0000e-02  eta: 0:59:48  time: 0.3670  data_time: 0.0013  memory: 3263  loss: 0.1146
2023/02/04 19:38:09 - mmengine - INFO - Exp name: efficientnet-b3_in_cifar10_20230204_183028
2023/02/04 19:38:09 - mmengine - INFO - Saving checkpoint at 102 epochs
2023/02/04 19:38:12 - mmengine - INFO - Epoch(val) [102][20/20]  accuracy/top1: 90.7500
2023/02/04 19:38:14 - mmengine - INFO - Exp name: efficientnet-b3_in_cifar10_20230204_183028
2023/02/04 19:38:31 - mmengine - INFO - Epoch(train) [103][50/98]  lr: 4.0000e-02  eta: 0:59:12  time: 0.3662  data_time: 0.0016  memory: 3263  loss: 0.0878
2023/02/04 19:38:48 - mmengine - INFO - Exp name: efficientnet-b3_in_cifar10_20230204_183028
2023/02/04 19:38:48 - mmengine - INFO - Saving checkpoint at 103 epochs
2023/02/04 19:38:51 - mmengine - INFO - Epoch(val) [103][20/20]  accuracy/top1: 91.0700
2023/02/04 19:39:10 - mmengine - INFO - Epoch(train) [104][50/98]  lr: 4.0000e-02  eta: 0:58:35  time: 0.3659  data_time: 0.0012  memory: 3263  loss: 0.0835
2023/02/04 19:39:27 - mmengine - INFO - Exp name: efficientnet-b3_in_cifar10_20230204_183028
2023/02/04 19:39:27 - mmengine - INFO - Saving checkpoint at 104 epochs
2023/02/04 19:39:31 - mmengine - INFO - Epoch(val) [104][20/20]  accuracy/top1: 91.1500
2023/02/04 19:39:49 - mmengine - INFO - Epoch(train) [105][50/98]  lr: 4.0000e-02  eta: 0:57:58  time: 0.3676  data_time: 0.0012  memory: 3263  loss: 0.0795
2023/02/04 19:40:07 - mmengine - INFO - Exp name: efficientnet-b3_in_cifar10_20230204_183028
2023/02/04 19:40:07 - mmengine - INFO - Saving checkpoint at 105 epochs
2023/02/04 19:40:10 - mmengine - INFO - Epoch(val) [105][20/20]  accuracy/top1: 91.1600
2023/02/04 19:40:29 - mmengine - INFO - Epoch(train) [106][50/98]  lr: 4.0000e-02  eta: 0:57:21  time: 0.3669  data_time: 0.0016  memory: 3263  loss: 0.0676
2023/02/04 19:40:46 - mmengine - INFO - Exp name: efficientnet-b3_in_cifar10_20230204_183028
2023/02/04 19:40:46 - mmengine - INFO - Saving checkpoint at 106 epochs
2023/02/04 19:40:49 - mmengine - INFO - Epoch(val) [106][20/20]  accuracy/top1: 91.0600
2023/02/04 19:41:08 - mmengine - INFO - Epoch(train) [107][50/98]  lr: 4.0000e-02  eta: 0:56:45  time: 0.3672  data_time: 0.0013  memory: 3263  loss: 0.0675
2023/02/04 19:41:25 - mmengine - INFO - Exp name: efficientnet-b3_in_cifar10_20230204_183028
2023/02/04 19:41:25 - mmengine - INFO - Saving checkpoint at 107 epochs
2023/02/04 19:41:28 - mmengine - INFO - Epoch(val) [107][20/20]  accuracy/top1: 91.2900
2023/02/04 19:41:47 - mmengine - INFO - Epoch(train) [108][50/98]  lr: 4.0000e-02  eta: 0:56:08  time: 0.3675  data_time: 0.0012  memory: 3263  loss: 0.0626
2023/02/04 19:42:05 - mmengine - INFO - Exp name: efficientnet-b3_in_cifar10_20230204_183028
2023/02/04 19:42:05 - mmengine - INFO - Saving checkpoint at 108 epochs
2023/02/04 19:42:08 - mmengine - INFO - Epoch(val) [108][20/20]  accuracy/top1: 91.2700
2023/02/04 19:42:26 - mmengine - INFO - Epoch(train) [109][50/98]  lr: 4.0000e-02  eta: 0:55:31  time: 0.3666  data_time: 0.0014  memory: 3263  loss: 0.0620
2023/02/04 19:42:44 - mmengine - INFO - Exp name: efficientnet-b3_in_cifar10_20230204_183028
2023/02/04 19:42:44 - mmengine - INFO - Saving checkpoint at 109 epochs
2023/02/04 19:42:47 - mmengine - INFO - Epoch(val) [109][20/20]  accuracy/top1: 91.1400
2023/02/04 19:43:06 - mmengine - INFO - Epoch(train) [110][50/98]  lr: 4.0000e-02  eta: 0:54:55  time: 0.3660  data_time: 0.0013  memory: 3263  loss: 0.0455
2023/02/04 19:43:23 - mmengine - INFO - Exp name: efficientnet-b3_in_cifar10_20230204_183028
2023/02/04 19:43:23 - mmengine - INFO - Saving checkpoint at 110 epochs
2023/02/04 19:43:26 - mmengine - INFO - Epoch(val) [110][20/20]  accuracy/top1: 91.3800
2023/02/04 19:43:45 - mmengine - INFO - Epoch(train) [111][50/98]  lr: 4.0000e-02  eta: 0:54:18  time: 0.3666  data_time: 0.0012  memory: 3263  loss: 0.0543
2023/02/04 19:44:03 - mmengine - INFO - Exp name: efficientnet-b3_in_cifar10_20230204_183028
2023/02/04 19:44:03 - mmengine - INFO - Saving checkpoint at 111 epochs
2023/02/04 19:44:06 - mmengine - INFO - Epoch(val) [111][20/20]  accuracy/top1: 91.1900
2023/02/04 19:44:24 - mmengine - INFO - Epoch(train) [112][50/98]  lr: 4.0000e-02  eta: 0:53:41  time: 0.3665  data_time: 0.0012  memory: 3263  loss: 0.0520
2023/02/04 19:44:42 - mmengine - INFO - Exp name: efficientnet-b3_in_cifar10_20230204_183028
2023/02/04 19:44:42 - mmengine - INFO - Saving checkpoint at 112 epochs
2023/02/04 19:44:45 - mmengine - INFO - Epoch(val) [112][20/20]  accuracy/top1: 90.9500
2023/02/04 19:44:54 - mmengine - INFO - Exp name: efficientnet-b3_in_cifar10_20230204_183028
2023/02/04 19:45:04 - mmengine - INFO - Epoch(train) [113][50/98]  lr: 4.0000e-02  eta: 0:53:05  time: 0.3659  data_time: 0.0011  memory: 3263  loss: 0.0482
2023/02/04 19:45:21 - mmengine - INFO - Exp name: efficientnet-b3_in_cifar10_20230204_183028
2023/02/04 19:45:21 - mmengine - INFO - Saving checkpoint at 113 epochs
2023/02/04 19:45:24 - mmengine - INFO - Epoch(val) [113][20/20]  accuracy/top1: 91.1600
2023/02/04 19:45:43 - mmengine - INFO - Epoch(train) [114][50/98]  lr: 4.0000e-02  eta: 0:52:28  time: 0.3650  data_time: 0.0016  memory: 3263  loss: 0.0449
2023/02/04 19:46:00 - mmengine - INFO - Exp name: efficientnet-b3_in_cifar10_20230204_183028
2023/02/04 19:46:00 - mmengine - INFO - Saving checkpoint at 114 epochs
2023/02/04 19:46:04 - mmengine - INFO - Epoch(val) [114][20/20]  accuracy/top1: 91.3800
2023/02/04 19:46:22 - mmengine - INFO - Epoch(train) [115][50/98]  lr: 4.0000e-02  eta: 0:51:51  time: 0.3674  data_time: 0.0014  memory: 3263  loss: 0.0475
2023/02/04 19:46:40 - mmengine - INFO - Exp name: efficientnet-b3_in_cifar10_20230204_183028
2023/02/04 19:46:40 - mmengine - INFO - Saving checkpoint at 115 epochs
2023/02/04 19:46:43 - mmengine - INFO - Epoch(val) [115][20/20]  accuracy/top1: 91.0300
2023/02/04 19:47:02 - mmengine - INFO - Epoch(train) [116][50/98]  lr: 4.0000e-02  eta: 0:51:15  time: 0.3655  data_time: 0.0013  memory: 3263  loss: 0.0364
2023/02/04 19:47:19 - mmengine - INFO - Exp name: efficientnet-b3_in_cifar10_20230204_183028
2023/02/04 19:47:19 - mmengine - INFO - Saving checkpoint at 116 epochs
2023/02/04 19:47:22 - mmengine - INFO - Epoch(val) [116][20/20]  accuracy/top1: 91.0100
2023/02/04 19:47:41 - mmengine - INFO - Epoch(train) [117][50/98]  lr: 4.0000e-02  eta: 0:50:38  time: 0.3660  data_time: 0.0014  memory: 3263  loss: 0.0421
2023/02/04 19:47:59 - mmengine - INFO - Exp name: efficientnet-b3_in_cifar10_20230204_183028
2023/02/04 19:47:59 - mmengine - INFO - Saving checkpoint at 117 epochs
2023/02/04 19:48:02 - mmengine - INFO - Epoch(val) [117][20/20]  accuracy/top1: 90.9600
2023/02/04 19:48:20 - mmengine - INFO - Epoch(train) [118][50/98]  lr: 4.0000e-02  eta: 0:50:02  time: 0.3678  data_time: 0.0014  memory: 3263  loss: 0.0384
2023/02/04 19:48:38 - mmengine - INFO - Exp name: efficientnet-b3_in_cifar10_20230204_183028
2023/02/04 19:48:38 - mmengine - INFO - Saving checkpoint at 118 epochs
2023/02/04 19:48:41 - mmengine - INFO - Epoch(val) [118][20/20]  accuracy/top1: 91.1400
2023/02/04 19:49:00 - mmengine - INFO - Epoch(train) [119][50/98]  lr: 4.0000e-02  eta: 0:49:25  time: 0.3664  data_time: 0.0013  memory: 3263  loss: 0.0401
2023/02/04 19:49:17 - mmengine - INFO - Exp name: efficientnet-b3_in_cifar10_20230204_183028
2023/02/04 19:49:17 - mmengine - INFO - Saving checkpoint at 119 epochs
2023/02/04 19:49:20 - mmengine - INFO - Epoch(val) [119][20/20]  accuracy/top1: 90.9100
2023/02/04 19:49:39 - mmengine - INFO - Epoch(train) [120][50/98]  lr: 4.0000e-02  eta: 0:48:48  time: 0.3662  data_time: 0.0012  memory: 3263  loss: 0.0374
2023/02/04 19:49:57 - mmengine - INFO - Exp name: efficientnet-b3_in_cifar10_20230204_183028
2023/02/04 19:49:57 - mmengine - INFO - Saving checkpoint at 120 epochs
2023/02/04 19:50:00 - mmengine - INFO - Epoch(val) [120][20/20]  accuracy/top1: 91.4100
2023/02/04 19:50:18 - mmengine - INFO - Epoch(train) [121][50/98]  lr: 4.0000e-02  eta: 0:48:12  time: 0.3655  data_time: 0.0014  memory: 3263  loss: 0.0326
2023/02/04 19:50:36 - mmengine - INFO - Exp name: efficientnet-b3_in_cifar10_20230204_183028
2023/02/04 19:50:36 - mmengine - INFO - Saving checkpoint at 121 epochs
2023/02/04 19:50:39 - mmengine - INFO - Epoch(val) [121][20/20]  accuracy/top1: 90.9800
2023/02/04 19:50:58 - mmengine - INFO - Epoch(train) [122][50/98]  lr: 4.0000e-02  eta: 0:47:35  time: 0.3673  data_time: 0.0012  memory: 3263  loss: 0.0394
2023/02/04 19:51:15 - mmengine - INFO - Exp name: efficientnet-b3_in_cifar10_20230204_183028
2023/02/04 19:51:15 - mmengine - INFO - Saving checkpoint at 122 epochs
2023/02/04 19:51:18 - mmengine - INFO - Epoch(val) [122][20/20]  accuracy/top1: 91.1700
2023/02/04 19:51:35 - mmengine - INFO - Exp name: efficientnet-b3_in_cifar10_20230204_183028
2023/02/04 19:51:37 - mmengine - INFO - Epoch(train) [123][50/98]  lr: 4.0000e-02  eta: 0:46:59  time: 0.3661  data_time: 0.0013  memory: 3263  loss: 0.0307
2023/02/04 19:51:54 - mmengine - INFO - Exp name: efficientnet-b3_in_cifar10_20230204_183028
2023/02/04 19:51:54 - mmengine - INFO - Saving checkpoint at 123 epochs
2023/02/04 19:51:58 - mmengine - INFO - Epoch(val) [123][20/20]  accuracy/top1: 91.0400
2023/02/04 19:52:16 - mmengine - INFO - Epoch(train) [124][50/98]  lr: 4.0000e-02  eta: 0:46:22  time: 0.3674  data_time: 0.0012  memory: 3263  loss: 0.0302
2023/02/04 19:52:34 - mmengine - INFO - Exp name: efficientnet-b3_in_cifar10_20230204_183028
2023/02/04 19:52:34 - mmengine - INFO - Saving checkpoint at 124 epochs
2023/02/04 19:52:37 - mmengine - INFO - Epoch(val) [124][20/20]  accuracy/top1: 91.1500
2023/02/04 19:52:56 - mmengine - INFO - Epoch(train) [125][50/98]  lr: 4.0000e-02  eta: 0:45:46  time: 0.3664  data_time: 0.0013  memory: 3263  loss: 0.0330
2023/02/04 19:53:13 - mmengine - INFO - Exp name: efficientnet-b3_in_cifar10_20230204_183028
2023/02/04 19:53:13 - mmengine - INFO - Saving checkpoint at 125 epochs
2023/02/04 19:53:16 - mmengine - INFO - Epoch(val) [125][20/20]  accuracy/top1: 91.1200
2023/02/04 19:53:35 - mmengine - INFO - Epoch(train) [126][50/98]  lr: 4.0000e-02  eta: 0:45:09  time: 0.3672  data_time: 0.0013  memory: 3263  loss: 0.0349
2023/02/04 19:53:52 - mmengine - INFO - Exp name: efficientnet-b3_in_cifar10_20230204_183028
2023/02/04 19:53:52 - mmengine - INFO - Saving checkpoint at 126 epochs
2023/02/04 19:53:55 - mmengine - INFO - Epoch(val) [126][20/20]  accuracy/top1: 90.8100
2023/02/04 19:54:14 - mmengine - INFO - Epoch(train) [127][50/98]  lr: 4.0000e-02  eta: 0:44:33  time: 0.3669  data_time: 0.0013  memory: 3263  loss: 0.0338
2023/02/04 19:54:32 - mmengine - INFO - Exp name: efficientnet-b3_in_cifar10_20230204_183028
2023/02/04 19:54:32 - mmengine - INFO - Saving checkpoint at 127 epochs
2023/02/04 19:54:35 - mmengine - INFO - Epoch(val) [127][20/20]  accuracy/top1: 90.9600
2023/02/04 19:54:53 - mmengine - INFO - Epoch(train) [128][50/98]  lr: 4.0000e-02  eta: 0:43:56  time: 0.3670  data_time: 0.0014  memory: 3263  loss: 0.0332
2023/02/04 19:55:11 - mmengine - INFO - Exp name: efficientnet-b3_in_cifar10_20230204_183028
2023/02/04 19:55:11 - mmengine - INFO - Saving checkpoint at 128 epochs
2023/02/04 19:55:14 - mmengine - INFO - Epoch(val) [128][20/20]  accuracy/top1: 91.0800
2023/02/04 19:55:33 - mmengine - INFO - Epoch(train) [129][50/98]  lr: 4.0000e-02  eta: 0:43:20  time: 0.3686  data_time: 0.0013  memory: 3263  loss: 0.0245
2023/02/04 19:55:50 - mmengine - INFO - Exp name: efficientnet-b3_in_cifar10_20230204_183028
2023/02/04 19:55:50 - mmengine - INFO - Saving checkpoint at 129 epochs
2023/02/04 19:55:54 - mmengine - INFO - Epoch(val) [129][20/20]  accuracy/top1: 90.8500
2023/02/04 19:56:12 - mmengine - INFO - Epoch(train) [130][50/98]  lr: 4.0000e-02  eta: 0:42:43  time: 0.3672  data_time: 0.0011  memory: 3263  loss: 0.0273
2023/02/04 19:56:30 - mmengine - INFO - Exp name: efficientnet-b3_in_cifar10_20230204_183028
2023/02/04 19:56:30 - mmengine - INFO - Saving checkpoint at 130 epochs
2023/02/04 19:56:33 - mmengine - INFO - Epoch(val) [130][20/20]  accuracy/top1: 91.1000
2023/02/04 19:56:51 - mmengine - INFO - Epoch(train) [131][50/98]  lr: 4.0000e-02  eta: 0:42:07  time: 0.3660  data_time: 0.0015  memory: 3263  loss: 0.0294
2023/02/04 19:57:09 - mmengine - INFO - Exp name: efficientnet-b3_in_cifar10_20230204_183028
2023/02/04 19:57:09 - mmengine - INFO - Saving checkpoint at 131 epochs
2023/02/04 19:57:12 - mmengine - INFO - Epoch(val) [131][20/20]  accuracy/top1: 90.9900
2023/02/04 19:57:31 - mmengine - INFO - Epoch(train) [132][50/98]  lr: 4.0000e-02  eta: 0:41:30  time: 0.3712  data_time: 0.0016  memory: 3263  loss: 0.0279
2023/02/04 19:57:48 - mmengine - INFO - Exp name: efficientnet-b3_in_cifar10_20230204_183028
2023/02/04 19:57:48 - mmengine - INFO - Saving checkpoint at 132 epochs
2023/02/04 19:57:52 - mmengine - INFO - Epoch(val) [132][20/20]  accuracy/top1: 90.8500
2023/02/04 19:58:10 - mmengine - INFO - Epoch(train) [133][50/98]  lr: 4.0000e-02  eta: 0:40:54  time: 0.3672  data_time: 0.0015  memory: 3263  loss: 0.0263
2023/02/04 19:58:15 - mmengine - INFO - Exp name: efficientnet-b3_in_cifar10_20230204_183028
2023/02/04 19:58:28 - mmengine - INFO - Exp name: efficientnet-b3_in_cifar10_20230204_183028
2023/02/04 19:58:28 - mmengine - INFO - Saving checkpoint at 133 epochs
2023/02/04 19:58:31 - mmengine - INFO - Epoch(val) [133][20/20]  accuracy/top1: 91.1900
2023/02/04 19:58:50 - mmengine - INFO - Epoch(train) [134][50/98]  lr: 4.0000e-02  eta: 0:40:17  time: 0.3674  data_time: 0.0013  memory: 3263  loss: 0.0249
2023/02/04 19:59:07 - mmengine - INFO - Exp name: efficientnet-b3_in_cifar10_20230204_183028
2023/02/04 19:59:07 - mmengine - INFO - Saving checkpoint at 134 epochs
2023/02/04 19:59:10 - mmengine - INFO - Epoch(val) [134][20/20]  accuracy/top1: 90.9000
2023/02/04 19:59:29 - mmengine - INFO - Epoch(train) [135][50/98]  lr: 4.0000e-02  eta: 0:39:41  time: 0.3679  data_time: 0.0010  memory: 3263  loss: 0.0258
2023/02/04 19:59:46 - mmengine - INFO - Exp name: efficientnet-b3_in_cifar10_20230204_183028
2023/02/04 19:59:46 - mmengine - INFO - Saving checkpoint at 135 epochs
2023/02/04 19:59:50 - mmengine - INFO - Epoch(val) [135][20/20]  accuracy/top1: 91.0000
2023/02/04 20:00:08 - mmengine - INFO - Epoch(train) [136][50/98]  lr: 4.0000e-02  eta: 0:39:04  time: 0.3659  data_time: 0.0014  memory: 3263  loss: 0.0263
2023/02/04 20:00:26 - mmengine - INFO - Exp name: efficientnet-b3_in_cifar10_20230204_183028
2023/02/04 20:00:26 - mmengine - INFO - Saving checkpoint at 136 epochs
2023/02/04 20:00:29 - mmengine - INFO - Epoch(val) [136][20/20]  accuracy/top1: 90.9300
2023/02/04 20:00:48 - mmengine - INFO - Epoch(train) [137][50/98]  lr: 4.0000e-02  eta: 0:38:28  time: 0.3677  data_time: 0.0014  memory: 3263  loss: 0.0212
2023/02/04 20:01:05 - mmengine - INFO - Exp name: efficientnet-b3_in_cifar10_20230204_183028
2023/02/04 20:01:05 - mmengine - INFO - Saving checkpoint at 137 epochs
2023/02/04 20:01:08 - mmengine - INFO - Epoch(val) [137][20/20]  accuracy/top1: 90.9700
2023/02/04 20:01:27 - mmengine - INFO - Epoch(train) [138][50/98]  lr: 4.0000e-02  eta: 0:37:51  time: 0.3651  data_time: 0.0011  memory: 3263  loss: 0.0232
2023/02/04 20:01:44 - mmengine - INFO - Exp name: efficientnet-b3_in_cifar10_20230204_183028
2023/02/04 20:01:44 - mmengine - INFO - Saving checkpoint at 138 epochs
2023/02/04 20:01:47 - mmengine - INFO - Epoch(val) [138][20/20]  accuracy/top1: 90.8200
2023/02/04 20:02:06 - mmengine - INFO - Epoch(train) [139][50/98]  lr: 4.0000e-02  eta: 0:37:15  time: 0.3668  data_time: 0.0015  memory: 3263  loss: 0.0245
2023/02/04 20:02:24 - mmengine - INFO - Exp name: efficientnet-b3_in_cifar10_20230204_183028
2023/02/04 20:02:24 - mmengine - INFO - Saving checkpoint at 139 epochs
2023/02/04 20:02:27 - mmengine - INFO - Epoch(val) [139][20/20]  accuracy/top1: 90.8500
2023/02/04 20:02:46 - mmengine - INFO - Epoch(train) [140][50/98]  lr: 4.0000e-02  eta: 0:36:38  time: 0.3684  data_time: 0.0015  memory: 3263  loss: 0.0228
2023/02/04 20:03:03 - mmengine - INFO - Exp name: efficientnet-b3_in_cifar10_20230204_183028
2023/02/04 20:03:03 - mmengine - INFO - Saving checkpoint at 140 epochs
2023/02/04 20:03:06 - mmengine - INFO - Epoch(val) [140][20/20]  accuracy/top1: 90.9200
2023/02/04 20:03:25 - mmengine - INFO - Epoch(train) [141][50/98]  lr: 4.0000e-02  eta: 0:36:02  time: 0.3678  data_time: 0.0013  memory: 3263  loss: 0.0215
2023/02/04 20:03:42 - mmengine - INFO - Exp name: efficientnet-b3_in_cifar10_20230204_183028
2023/02/04 20:03:42 - mmengine - INFO - Saving checkpoint at 141 epochs
2023/02/04 20:03:46 - mmengine - INFO - Epoch(val) [141][20/20]  accuracy/top1: 90.7400
2023/02/04 20:04:04 - mmengine - INFO - Epoch(train) [142][50/98]  lr: 4.0000e-02  eta: 0:35:25  time: 0.3661  data_time: 0.0014  memory: 3263  loss: 0.0221
2023/02/04 20:04:22 - mmengine - INFO - Exp name: efficientnet-b3_in_cifar10_20230204_183028
2023/02/04 20:04:22 - mmengine - INFO - Saving checkpoint at 142 epochs
2023/02/04 20:04:25 - mmengine - INFO - Epoch(val) [142][20/20]  accuracy/top1: 90.9500
2023/02/04 20:04:44 - mmengine - INFO - Epoch(train) [143][50/98]  lr: 4.0000e-02  eta: 0:34:49  time: 0.3670  data_time: 0.0014  memory: 3263  loss: 0.0262
2023/02/04 20:04:56 - mmengine - INFO - Exp name: efficientnet-b3_in_cifar10_20230204_183028
2023/02/04 20:05:01 - mmengine - INFO - Exp name: efficientnet-b3_in_cifar10_20230204_183028
2023/02/04 20:05:01 - mmengine - INFO - Saving checkpoint at 143 epochs
2023/02/04 20:05:04 - mmengine - INFO - Epoch(val) [143][20/20]  accuracy/top1: 90.7700
2023/02/04 20:05:23 - mmengine - INFO - Epoch(train) [144][50/98]  lr: 4.0000e-02  eta: 0:34:13  time: 0.3709  data_time: 0.0015  memory: 3263  loss: 0.0249
2023/02/04 20:05:41 - mmengine - INFO - Exp name: efficientnet-b3_in_cifar10_20230204_183028
2023/02/04 20:05:41 - mmengine - INFO - Saving checkpoint at 144 epochs
2023/02/04 20:05:44 - mmengine - INFO - Epoch(val) [144][20/20]  accuracy/top1: 90.4800
2023/02/04 20:06:02 - mmengine - INFO - Epoch(train) [145][50/98]  lr: 4.0000e-02  eta: 0:33:36  time: 0.3673  data_time: 0.0014  memory: 3263  loss: 0.0235
2023/02/04 20:06:20 - mmengine - INFO - Exp name: efficientnet-b3_in_cifar10_20230204_183028
2023/02/04 20:06:20 - mmengine - INFO - Saving checkpoint at 145 epochs
2023/02/04 20:06:23 - mmengine - INFO - Epoch(val) [145][20/20]  accuracy/top1: 90.8800
2023/02/04 20:06:42 - mmengine - INFO - Epoch(train) [146][50/98]  lr: 4.0000e-02  eta: 0:33:00  time: 0.3689  data_time: 0.0014  memory: 3263  loss: 0.0261
2023/02/04 20:06:59 - mmengine - INFO - Exp name: efficientnet-b3_in_cifar10_20230204_183028
2023/02/04 20:06:59 - mmengine - INFO - Saving checkpoint at 146 epochs
2023/02/04 20:07:02 - mmengine - INFO - Epoch(val) [146][20/20]  accuracy/top1: 91.0700
2023/02/04 20:07:21 - mmengine - INFO - Epoch(train) [147][50/98]  lr: 4.0000e-02  eta: 0:32:23  time: 0.3676  data_time: 0.0014  memory: 3263  loss: 0.0225
2023/02/04 20:07:39 - mmengine - INFO - Exp name: efficientnet-b3_in_cifar10_20230204_183028
2023/02/04 20:07:39 - mmengine - INFO - Saving checkpoint at 147 epochs
2023/02/04 20:07:42 - mmengine - INFO - Epoch(val) [147][20/20]  accuracy/top1: 90.6600
2023/02/04 20:08:00 - mmengine - INFO - Epoch(train) [148][50/98]  lr: 4.0000e-02  eta: 0:31:47  time: 0.3669  data_time: 0.0012  memory: 3263  loss: 0.0243
2023/02/04 20:08:18 - mmengine - INFO - Exp name: efficientnet-b3_in_cifar10_20230204_183028
2023/02/04 20:08:18 - mmengine - INFO - Saving checkpoint at 148 epochs
2023/02/04 20:08:21 - mmengine - INFO - Epoch(val) [148][20/20]  accuracy/top1: 90.6500
2023/02/04 20:08:40 - mmengine - INFO - Epoch(train) [149][50/98]  lr: 4.0000e-02  eta: 0:31:11  time: 0.3665  data_time: 0.0014  memory: 3263  loss: 0.0284
2023/02/04 20:08:57 - mmengine - INFO - Exp name: efficientnet-b3_in_cifar10_20230204_183028
2023/02/04 20:08:57 - mmengine - INFO - Saving checkpoint at 149 epochs
2023/02/04 20:09:01 - mmengine - INFO - Epoch(val) [149][20/20]  accuracy/top1: 90.8900
2023/02/04 20:09:19 - mmengine - INFO - Epoch(train) [150][50/98]  lr: 4.0000e-02  eta: 0:30:34  time: 0.3702  data_time: 0.0014  memory: 3263  loss: 0.0203
2023/02/04 20:09:37 - mmengine - INFO - Exp name: efficientnet-b3_in_cifar10_20230204_183028
2023/02/04 20:09:37 - mmengine - INFO - Saving checkpoint at 150 epochs
2023/02/04 20:09:40 - mmengine - INFO - Epoch(val) [150][20/20]  accuracy/top1: 90.8400
2023/02/04 20:09:58 - mmengine - INFO - Epoch(train) [151][50/98]  lr: 4.0000e-03  eta: 0:29:58  time: 0.3676  data_time: 0.0012  memory: 3263  loss: 0.0198
2023/02/04 20:10:16 - mmengine - INFO - Exp name: efficientnet-b3_in_cifar10_20230204_183028
2023/02/04 20:10:16 - mmengine - INFO - Saving checkpoint at 151 epochs
2023/02/04 20:10:19 - mmengine - INFO - Epoch(val) [151][20/20]  accuracy/top1: 90.9200
2023/02/04 20:10:38 - mmengine - INFO - Epoch(train) [152][50/98]  lr: 4.0000e-03  eta: 0:29:21  time: 0.3661  data_time: 0.0012  memory: 3263  loss: 0.0132
2023/02/04 20:10:55 - mmengine - INFO - Exp name: efficientnet-b3_in_cifar10_20230204_183028
2023/02/04 20:10:55 - mmengine - INFO - Saving checkpoint at 152 epochs
2023/02/04 20:10:59 - mmengine - INFO - Epoch(val) [152][20/20]  accuracy/top1: 91.0000
2023/02/04 20:11:17 - mmengine - INFO - Epoch(train) [153][50/98]  lr: 4.0000e-03  eta: 0:28:45  time: 0.3660  data_time: 0.0011  memory: 3263  loss: 0.0139
2023/02/04 20:11:35 - mmengine - INFO - Exp name: efficientnet-b3_in_cifar10_20230204_183028
2023/02/04 20:11:35 - mmengine - INFO - Saving checkpoint at 153 epochs
2023/02/04 20:11:38 - mmengine - INFO - Epoch(val) [153][20/20]  accuracy/top1: 91.0000
2023/02/04 20:11:40 - mmengine - INFO - Exp name: efficientnet-b3_in_cifar10_20230204_183028
2023/02/04 20:11:56 - mmengine - INFO - Epoch(train) [154][50/98]  lr: 4.0000e-03  eta: 0:28:09  time: 0.3686  data_time: 0.0013  memory: 3263  loss: 0.0151
2023/02/04 20:12:14 - mmengine - INFO - Exp name: efficientnet-b3_in_cifar10_20230204_183028
2023/02/04 20:12:14 - mmengine - INFO - Saving checkpoint at 154 epochs
2023/02/04 20:12:17 - mmengine - INFO - Epoch(val) [154][20/20]  accuracy/top1: 90.9700
2023/02/04 20:12:36 - mmengine - INFO - Epoch(train) [155][50/98]  lr: 4.0000e-03  eta: 0:27:32  time: 0.3677  data_time: 0.0014  memory: 3263  loss: 0.0118
2023/02/04 20:12:53 - mmengine - INFO - Exp name: efficientnet-b3_in_cifar10_20230204_183028
2023/02/04 20:12:53 - mmengine - INFO - Saving checkpoint at 155 epochs
2023/02/04 20:12:56 - mmengine - INFO - Epoch(val) [155][20/20]  accuracy/top1: 91.1900
2023/02/04 20:13:15 - mmengine - INFO - Epoch(train) [156][50/98]  lr: 4.0000e-03  eta: 0:26:56  time: 0.3672  data_time: 0.0011  memory: 3263  loss: 0.0169
2023/02/04 20:13:33 - mmengine - INFO - Exp name: efficientnet-b3_in_cifar10_20230204_183028
2023/02/04 20:13:33 - mmengine - INFO - Saving checkpoint at 156 epochs
2023/02/04 20:13:36 - mmengine - INFO - Epoch(val) [156][20/20]  accuracy/top1: 91.0800
2023/02/04 20:13:55 - mmengine - INFO - Epoch(train) [157][50/98]  lr: 4.0000e-03  eta: 0:26:19  time: 0.3670  data_time: 0.0015  memory: 3263  loss: 0.0132
2023/02/04 20:14:12 - mmengine - INFO - Exp name: efficientnet-b3_in_cifar10_20230204_183028
2023/02/04 20:14:12 - mmengine - INFO - Saving checkpoint at 157 epochs
2023/02/04 20:14:15 - mmengine - INFO - Epoch(val) [157][20/20]  accuracy/top1: 91.0600
2023/02/04 20:14:34 - mmengine - INFO - Epoch(train) [158][50/98]  lr: 4.0000e-03  eta: 0:25:43  time: 0.3692  data_time: 0.0013  memory: 3263  loss: 0.0151
2023/02/04 20:14:51 - mmengine - INFO - Exp name: efficientnet-b3_in_cifar10_20230204_183028
2023/02/04 20:14:51 - mmengine - INFO - Saving checkpoint at 158 epochs
2023/02/04 20:14:55 - mmengine - INFO - Epoch(val) [158][20/20]  accuracy/top1: 91.1000
2023/02/04 20:15:13 - mmengine - INFO - Epoch(train) [159][50/98]  lr: 4.0000e-03  eta: 0:25:07  time: 0.3684  data_time: 0.0013  memory: 3263  loss: 0.0114
2023/02/04 20:15:31 - mmengine - INFO - Exp name: efficientnet-b3_in_cifar10_20230204_183028
2023/02/04 20:15:31 - mmengine - INFO - Saving checkpoint at 159 epochs
2023/02/04 20:15:34 - mmengine - INFO - Epoch(val) [159][20/20]  accuracy/top1: 91.0100
2023/02/04 20:15:53 - mmengine - INFO - Epoch(train) [160][50/98]  lr: 4.0000e-03  eta: 0:24:30  time: 0.3674  data_time: 0.0012  memory: 3263  loss: 0.0097
2023/02/04 20:16:10 - mmengine - INFO - Exp name: efficientnet-b3_in_cifar10_20230204_183028
2023/02/04 20:16:10 - mmengine - INFO - Saving checkpoint at 160 epochs
2023/02/04 20:16:13 - mmengine - INFO - Epoch(val) [160][20/20]  accuracy/top1: 91.0100
2023/02/04 20:16:32 - mmengine - INFO - Epoch(train) [161][50/98]  lr: 4.0000e-03  eta: 0:23:54  time: 0.3669  data_time: 0.0013  memory: 3263  loss: 0.0117
2023/02/04 20:16:49 - mmengine - INFO - Exp name: efficientnet-b3_in_cifar10_20230204_183028
2023/02/04 20:16:49 - mmengine - INFO - Saving checkpoint at 161 epochs
2023/02/04 20:16:53 - mmengine - INFO - Epoch(val) [161][20/20]  accuracy/top1: 91.1600
2023/02/04 20:17:11 - mmengine - INFO - Epoch(train) [162][50/98]  lr: 4.0000e-03  eta: 0:23:18  time: 0.3675  data_time: 0.0011  memory: 3263  loss: 0.0119
2023/02/04 20:17:29 - mmengine - INFO - Exp name: efficientnet-b3_in_cifar10_20230204_183028
2023/02/04 20:17:29 - mmengine - INFO - Saving checkpoint at 162 epochs
2023/02/04 20:17:32 - mmengine - INFO - Epoch(val) [162][20/20]  accuracy/top1: 91.0500
2023/02/04 20:17:51 - mmengine - INFO - Epoch(train) [163][50/98]  lr: 4.0000e-03  eta: 0:22:41  time: 0.3677  data_time: 0.0011  memory: 3263  loss: 0.0115
2023/02/04 20:18:08 - mmengine - INFO - Exp name: efficientnet-b3_in_cifar10_20230204_183028
2023/02/04 20:18:08 - mmengine - INFO - Saving checkpoint at 163 epochs
2023/02/04 20:18:11 - mmengine - INFO - Epoch(val) [163][20/20]  accuracy/top1: 91.0700
2023/02/04 20:18:21 - mmengine - INFO - Exp name: efficientnet-b3_in_cifar10_20230204_183028
2023/02/04 20:18:30 - mmengine - INFO - Epoch(train) [164][50/98]  lr: 4.0000e-03  eta: 0:22:05  time: 0.3675  data_time: 0.0015  memory: 3263  loss: 0.0109
2023/02/04 20:18:48 - mmengine - INFO - Exp name: efficientnet-b3_in_cifar10_20230204_183028
2023/02/04 20:18:48 - mmengine - INFO - Saving checkpoint at 164 epochs
2023/02/04 20:18:51 - mmengine - INFO - Epoch(val) [164][20/20]  accuracy/top1: 91.2100
2023/02/04 20:19:09 - mmengine - INFO - Epoch(train) [165][50/98]  lr: 4.0000e-03  eta: 0:21:28  time: 0.3660  data_time: 0.0013  memory: 3263  loss: 0.0143
2023/02/04 20:19:27 - mmengine - INFO - Exp name: efficientnet-b3_in_cifar10_20230204_183028
2023/02/04 20:19:27 - mmengine - INFO - Saving checkpoint at 165 epochs
2023/02/04 20:19:30 - mmengine - INFO - Epoch(val) [165][20/20]  accuracy/top1: 91.1300
2023/02/04 20:19:49 - mmengine - INFO - Epoch(train) [166][50/98]  lr: 4.0000e-03  eta: 0:20:52  time: 0.3680  data_time: 0.0012  memory: 3263  loss: 0.0102
2023/02/04 20:20:06 - mmengine - INFO - Exp name: efficientnet-b3_in_cifar10_20230204_183028
2023/02/04 20:20:06 - mmengine - INFO - Saving checkpoint at 166 epochs
2023/02/04 20:20:09 - mmengine - INFO - Epoch(val) [166][20/20]  accuracy/top1: 91.1100
2023/02/04 20:20:28 - mmengine - INFO - Epoch(train) [167][50/98]  lr: 4.0000e-03  eta: 0:20:16  time: 0.3702  data_time: 0.0012  memory: 3263  loss: 0.0121
2023/02/04 20:20:46 - mmengine - INFO - Exp name: efficientnet-b3_in_cifar10_20230204_183028
2023/02/04 20:20:46 - mmengine - INFO - Saving checkpoint at 167 epochs
2023/02/04 20:20:49 - mmengine - INFO - Epoch(val) [167][20/20]  accuracy/top1: 91.1000
2023/02/04 20:21:08 - mmengine - INFO - Epoch(train) [168][50/98]  lr: 4.0000e-03  eta: 0:19:39  time: 0.3668  data_time: 0.0011  memory: 3263  loss: 0.0115
2023/02/04 20:21:25 - mmengine - INFO - Exp name: efficientnet-b3_in_cifar10_20230204_183028
2023/02/04 20:21:25 - mmengine - INFO - Saving checkpoint at 168 epochs
2023/02/04 20:21:28 - mmengine - INFO - Epoch(val) [168][20/20]  accuracy/top1: 91.1300
2023/02/04 20:21:47 - mmengine - INFO - Epoch(train) [169][50/98]  lr: 4.0000e-03  eta: 0:19:03  time: 0.3675  data_time: 0.0012  memory: 3263  loss: 0.0087
2023/02/04 20:22:05 - mmengine - INFO - Exp name: efficientnet-b3_in_cifar10_20230204_183028
2023/02/04 20:22:05 - mmengine - INFO - Saving checkpoint at 169 epochs
2023/02/04 20:22:08 - mmengine - INFO - Epoch(val) [169][20/20]  accuracy/top1: 91.1100
2023/02/04 20:22:26 - mmengine - INFO - Epoch(train) [170][50/98]  lr: 4.0000e-03  eta: 0:18:27  time: 0.3677  data_time: 0.0014  memory: 3263  loss: 0.0120
2023/02/04 20:22:44 - mmengine - INFO - Exp name: efficientnet-b3_in_cifar10_20230204_183028
2023/02/04 20:22:44 - mmengine - INFO - Saving checkpoint at 170 epochs
2023/02/04 20:22:47 - mmengine - INFO - Epoch(val) [170][20/20]  accuracy/top1: 91.1500
2023/02/04 20:23:06 - mmengine - INFO - Epoch(train) [171][50/98]  lr: 4.0000e-03  eta: 0:17:50  time: 0.3673  data_time: 0.0015  memory: 3263  loss: 0.0105
2023/02/04 20:23:23 - mmengine - INFO - Exp name: efficientnet-b3_in_cifar10_20230204_183028
2023/02/04 20:23:23 - mmengine - INFO - Saving checkpoint at 171 epochs
2023/02/04 20:23:26 - mmengine - INFO - Epoch(val) [171][20/20]  accuracy/top1: 91.1200
2023/02/04 20:23:45 - mmengine - INFO - Epoch(train) [172][50/98]  lr: 4.0000e-03  eta: 0:17:14  time: 0.3679  data_time: 0.0012  memory: 3263  loss: 0.0110
2023/02/04 20:24:02 - mmengine - INFO - Exp name: efficientnet-b3_in_cifar10_20230204_183028
2023/02/04 20:24:02 - mmengine - INFO - Saving checkpoint at 172 epochs
2023/02/04 20:24:06 - mmengine - INFO - Epoch(val) [172][20/20]  accuracy/top1: 91.1400
2023/02/04 20:24:24 - mmengine - INFO - Epoch(train) [173][50/98]  lr: 4.0000e-03  eta: 0:16:38  time: 0.3679  data_time: 0.0013  memory: 3263  loss: 0.0130
2023/02/04 20:24:42 - mmengine - INFO - Exp name: efficientnet-b3_in_cifar10_20230204_183028
2023/02/04 20:24:42 - mmengine - INFO - Saving checkpoint at 173 epochs
2023/02/04 20:24:45 - mmengine - INFO - Epoch(val) [173][20/20]  accuracy/top1: 91.0600
2023/02/04 20:25:02 - mmengine - INFO - Exp name: efficientnet-b3_in_cifar10_20230204_183028
2023/02/04 20:25:04 - mmengine - INFO - Epoch(train) [174][50/98]  lr: 4.0000e-03  eta: 0:16:01  time: 0.3670  data_time: 0.0015  memory: 3263  loss: 0.0086
2023/02/04 20:25:21 - mmengine - INFO - Exp name: efficientnet-b3_in_cifar10_20230204_183028
2023/02/04 20:25:21 - mmengine - INFO - Saving checkpoint at 174 epochs
2023/02/04 20:25:24 - mmengine - INFO - Epoch(val) [174][20/20]  accuracy/top1: 91.1000
2023/02/04 20:25:43 - mmengine - INFO - Epoch(train) [175][50/98]  lr: 4.0000e-03  eta: 0:15:25  time: 0.3678  data_time: 0.0012  memory: 3263  loss: 0.0104
2023/02/04 20:26:01 - mmengine - INFO - Exp name: efficientnet-b3_in_cifar10_20230204_183028
2023/02/04 20:26:01 - mmengine - INFO - Saving checkpoint at 175 epochs
2023/02/04 20:26:04 - mmengine - INFO - Epoch(val) [175][20/20]  accuracy/top1: 91.1900
2023/02/04 20:26:22 - mmengine - INFO - Epoch(train) [176][50/98]  lr: 4.0000e-03  eta: 0:14:49  time: 0.3683  data_time: 0.0013  memory: 3263  loss: 0.0067
2023/02/04 20:26:40 - mmengine - INFO - Exp name: efficientnet-b3_in_cifar10_20230204_183028
2023/02/04 20:26:40 - mmengine - INFO - Saving checkpoint at 176 epochs
2023/02/04 20:26:43 - mmengine - INFO - Epoch(val) [176][20/20]  accuracy/top1: 91.1400
2023/02/04 20:27:02 - mmengine - INFO - Epoch(train) [177][50/98]  lr: 4.0000e-03  eta: 0:14:12  time: 0.3670  data_time: 0.0015  memory: 3263  loss: 0.0088
2023/02/04 20:27:20 - mmengine - INFO - Exp name: efficientnet-b3_in_cifar10_20230204_183028
2023/02/04 20:27:20 - mmengine - INFO - Saving checkpoint at 177 epochs
2023/02/04 20:27:23 - mmengine - INFO - Epoch(val) [177][20/20]  accuracy/top1: 90.9600
2023/02/04 20:27:41 - mmengine - INFO - Epoch(train) [178][50/98]  lr: 4.0000e-03  eta: 0:13:36  time: 0.3672  data_time: 0.0016  memory: 3263  loss: 0.0094
2023/02/04 20:27:59 - mmengine - INFO - Exp name: efficientnet-b3_in_cifar10_20230204_183028
2023/02/04 20:27:59 - mmengine - INFO - Saving checkpoint at 178 epochs
2023/02/04 20:28:02 - mmengine - INFO - Epoch(val) [178][20/20]  accuracy/top1: 91.1100
2023/02/04 20:28:21 - mmengine - INFO - Epoch(train) [179][50/98]  lr: 4.0000e-03  eta: 0:13:00  time: 0.3684  data_time: 0.0012  memory: 3263  loss: 0.0096
2023/02/04 20:28:38 - mmengine - INFO - Exp name: efficientnet-b3_in_cifar10_20230204_183028
2023/02/04 20:28:38 - mmengine - INFO - Saving checkpoint at 179 epochs
2023/02/04 20:28:41 - mmengine - INFO - Epoch(val) [179][20/20]  accuracy/top1: 91.0300
2023/02/04 20:29:00 - mmengine - INFO - Epoch(train) [180][50/98]  lr: 4.0000e-03  eta: 0:12:23  time: 0.3683  data_time: 0.0013  memory: 3263  loss: 0.0075
2023/02/04 20:29:18 - mmengine - INFO - Exp name: efficientnet-b3_in_cifar10_20230204_183028
2023/02/04 20:29:18 - mmengine - INFO - Saving checkpoint at 180 epochs
2023/02/04 20:29:21 - mmengine - INFO - Epoch(val) [180][20/20]  accuracy/top1: 91.1300
2023/02/04 20:29:39 - mmengine - INFO - Epoch(train) [181][50/98]  lr: 4.0000e-03  eta: 0:11:47  time: 0.3669  data_time: 0.0012  memory: 3263  loss: 0.0102
2023/02/04 20:29:57 - mmengine - INFO - Exp name: efficientnet-b3_in_cifar10_20230204_183028
2023/02/04 20:29:57 - mmengine - INFO - Saving checkpoint at 181 epochs
2023/02/04 20:30:00 - mmengine - INFO - Epoch(val) [181][20/20]  accuracy/top1: 91.1700
2023/02/04 20:30:19 - mmengine - INFO - Epoch(train) [182][50/98]  lr: 4.0000e-03  eta: 0:11:11  time: 0.3674  data_time: 0.0014  memory: 3263  loss: 0.0093
2023/02/04 20:30:36 - mmengine - INFO - Exp name: efficientnet-b3_in_cifar10_20230204_183028
2023/02/04 20:30:36 - mmengine - INFO - Saving checkpoint at 182 epochs
2023/02/04 20:30:40 - mmengine - INFO - Epoch(val) [182][20/20]  accuracy/top1: 91.0500
2023/02/04 20:30:58 - mmengine - INFO - Epoch(train) [183][50/98]  lr: 4.0000e-03  eta: 0:10:34  time: 0.3668  data_time: 0.0015  memory: 3263  loss: 0.0070
2023/02/04 20:31:16 - mmengine - INFO - Exp name: efficientnet-b3_in_cifar10_20230204_183028
2023/02/04 20:31:16 - mmengine - INFO - Saving checkpoint at 183 epochs
2023/02/04 20:31:19 - mmengine - INFO - Epoch(val) [183][20/20]  accuracy/top1: 91.0900
2023/02/04 20:31:38 - mmengine - INFO - Epoch(train) [184][50/98]  lr: 4.0000e-03  eta: 0:09:58  time: 0.3663  data_time: 0.0012  memory: 3263  loss: 0.0085
2023/02/04 20:31:44 - mmengine - INFO - Exp name: efficientnet-b3_in_cifar10_20230204_183028
2023/02/04 20:31:55 - mmengine - INFO - Exp name: efficientnet-b3_in_cifar10_20230204_183028
2023/02/04 20:31:55 - mmengine - INFO - Saving checkpoint at 184 epochs
2023/02/04 20:31:58 - mmengine - INFO - Epoch(val) [184][20/20]  accuracy/top1: 91.1600
2023/02/04 20:32:17 - mmengine - INFO - Epoch(train) [185][50/98]  lr: 4.0000e-03  eta: 0:09:22  time: 0.3664  data_time: 0.0014  memory: 3263  loss: 0.0099
2023/02/04 20:32:35 - mmengine - INFO - Exp name: efficientnet-b3_in_cifar10_20230204_183028
2023/02/04 20:32:35 - mmengine - INFO - Saving checkpoint at 185 epochs
2023/02/04 20:32:38 - mmengine - INFO - Epoch(val) [185][20/20]  accuracy/top1: 91.2100
2023/02/04 20:32:56 - mmengine - INFO - Epoch(train) [186][50/98]  lr: 4.0000e-03  eta: 0:08:46  time: 0.3690  data_time: 0.0012  memory: 3263  loss: 0.0090
2023/02/04 20:33:14 - mmengine - INFO - Exp name: efficientnet-b3_in_cifar10_20230204_183028
2023/02/04 20:33:14 - mmengine - INFO - Saving checkpoint at 186 epochs
2023/02/04 20:33:17 - mmengine - INFO - Epoch(val) [186][20/20]  accuracy/top1: 91.2000
2023/02/04 20:33:36 - mmengine - INFO - Epoch(train) [187][50/98]  lr: 4.0000e-03  eta: 0:08:09  time: 0.3680  data_time: 0.0015  memory: 3263  loss: 0.0081
2023/02/04 20:33:54 - mmengine - INFO - Exp name: efficientnet-b3_in_cifar10_20230204_183028
2023/02/04 20:33:54 - mmengine - INFO - Saving checkpoint at 187 epochs
2023/02/04 20:33:57 - mmengine - INFO - Epoch(val) [187][20/20]  accuracy/top1: 91.1700
2023/02/04 20:34:15 - mmengine - INFO - Epoch(train) [188][50/98]  lr: 4.0000e-03  eta: 0:07:33  time: 0.3667  data_time: 0.0012  memory: 3263  loss: 0.0078
2023/02/04 20:34:33 - mmengine - INFO - Exp name: efficientnet-b3_in_cifar10_20230204_183028
2023/02/04 20:34:33 - mmengine - INFO - Saving checkpoint at 188 epochs
2023/02/04 20:34:36 - mmengine - INFO - Epoch(val) [188][20/20]  accuracy/top1: 91.0900
2023/02/04 20:34:55 - mmengine - INFO - Epoch(train) [189][50/98]  lr: 4.0000e-03  eta: 0:06:57  time: 0.3679  data_time: 0.0016  memory: 3263  loss: 0.0081
2023/02/04 20:35:12 - mmengine - INFO - Exp name: efficientnet-b3_in_cifar10_20230204_183028
2023/02/04 20:35:12 - mmengine - INFO - Saving checkpoint at 189 epochs
2023/02/04 20:35:16 - mmengine - INFO - Epoch(val) [189][20/20]  accuracy/top1: 91.2300
2023/02/04 20:35:34 - mmengine - INFO - Epoch(train) [190][50/98]  lr: 4.0000e-03  eta: 0:06:20  time: 0.3669  data_time: 0.0012  memory: 3263  loss: 0.0115
2023/02/04 20:35:52 - mmengine - INFO - Exp name: efficientnet-b3_in_cifar10_20230204_183028
2023/02/04 20:35:52 - mmengine - INFO - Saving checkpoint at 190 epochs
2023/02/04 20:35:55 - mmengine - INFO - Epoch(val) [190][20/20]  accuracy/top1: 91.1500
2023/02/04 20:36:14 - mmengine - INFO - Epoch(train) [191][50/98]  lr: 4.0000e-03  eta: 0:05:44  time: 0.3682  data_time: 0.0014  memory: 3263  loss: 0.0077
2023/02/04 20:36:31 - mmengine - INFO - Exp name: efficientnet-b3_in_cifar10_20230204_183028
2023/02/04 20:36:31 - mmengine - INFO - Saving checkpoint at 191 epochs
2023/02/04 20:36:34 - mmengine - INFO - Epoch(val) [191][20/20]  accuracy/top1: 91.2200
2023/02/04 20:36:53 - mmengine - INFO - Epoch(train) [192][50/98]  lr: 4.0000e-03  eta: 0:05:08  time: 0.3689  data_time: 0.0015  memory: 3263  loss: 0.0085
2023/02/04 20:37:11 - mmengine - INFO - Exp name: efficientnet-b3_in_cifar10_20230204_183028
2023/02/04 20:37:11 - mmengine - INFO - Saving checkpoint at 192 epochs
2023/02/04 20:37:14 - mmengine - INFO - Epoch(val) [192][20/20]  accuracy/top1: 91.2500
2023/02/04 20:37:32 - mmengine - INFO - Epoch(train) [193][50/98]  lr: 4.0000e-03  eta: 0:04:31  time: 0.3671  data_time: 0.0012  memory: 3263  loss: 0.0061
2023/02/04 20:37:50 - mmengine - INFO - Exp name: efficientnet-b3_in_cifar10_20230204_183028
2023/02/04 20:37:50 - mmengine - INFO - Saving checkpoint at 193 epochs
2023/02/04 20:37:53 - mmengine - INFO - Epoch(val) [193][20/20]  accuracy/top1: 91.1200
2023/02/04 20:38:12 - mmengine - INFO - Epoch(train) [194][50/98]  lr: 4.0000e-03  eta: 0:03:55  time: 0.3681  data_time: 0.0014  memory: 3263  loss: 0.0096
2023/02/04 20:38:25 - mmengine - INFO - Exp name: efficientnet-b3_in_cifar10_20230204_183028
2023/02/04 20:38:29 - mmengine - INFO - Exp name: efficientnet-b3_in_cifar10_20230204_183028
2023/02/04 20:38:29 - mmengine - INFO - Saving checkpoint at 194 epochs
2023/02/04 20:38:33 - mmengine - INFO - Epoch(val) [194][20/20]  accuracy/top1: 91.2400
2023/02/04 20:38:51 - mmengine - INFO - Epoch(train) [195][50/98]  lr: 4.0000e-03  eta: 0:03:19  time: 0.3704  data_time: 0.0017  memory: 3263  loss: 0.0076
2023/02/04 20:39:09 - mmengine - INFO - Exp name: efficientnet-b3_in_cifar10_20230204_183028
2023/02/04 20:39:09 - mmengine - INFO - Saving checkpoint at 195 epochs
2023/02/04 20:39:12 - mmengine - INFO - Epoch(val) [195][20/20]  accuracy/top1: 91.1800
2023/02/04 20:39:31 - mmengine - INFO - Epoch(train) [196][50/98]  lr: 4.0000e-03  eta: 0:02:42  time: 0.3705  data_time: 0.0012  memory: 3263  loss: 0.0105
2023/02/04 20:39:49 - mmengine - INFO - Exp name: efficientnet-b3_in_cifar10_20230204_183028
2023/02/04 20:39:49 - mmengine - INFO - Saving checkpoint at 196 epochs
2023/02/04 20:39:52 - mmengine - INFO - Epoch(val) [196][20/20]  accuracy/top1: 91.1400
2023/02/04 20:40:11 - mmengine - INFO - Epoch(train) [197][50/98]  lr: 4.0000e-03  eta: 0:02:06  time: 0.3686  data_time: 0.0013  memory: 3263  loss: 0.0067
2023/02/04 20:40:28 - mmengine - INFO - Exp name: efficientnet-b3_in_cifar10_20230204_183028
2023/02/04 20:40:28 - mmengine - INFO - Saving checkpoint at 197 epochs
2023/02/04 20:40:31 - mmengine - INFO - Epoch(val) [197][20/20]  accuracy/top1: 91.0200
2023/02/04 20:40:50 - mmengine - INFO - Epoch(train) [198][50/98]  lr: 4.0000e-03  eta: 0:01:30  time: 0.3677  data_time: 0.0013  memory: 3263  loss: 0.0077
2023/02/04 20:41:07 - mmengine - INFO - Exp name: efficientnet-b3_in_cifar10_20230204_183028
2023/02/04 20:41:07 - mmengine - INFO - Saving checkpoint at 198 epochs
2023/02/04 20:41:11 - mmengine - INFO - Epoch(val) [198][20/20]  accuracy/top1: 91.1500
2023/02/04 20:41:29 - mmengine - INFO - Epoch(train) [199][50/98]  lr: 4.0000e-03  eta: 0:00:54  time: 0.3680  data_time: 0.0012  memory: 3263  loss: 0.0087
2023/02/04 20:41:47 - mmengine - INFO - Exp name: efficientnet-b3_in_cifar10_20230204_183028
2023/02/04 20:41:47 - mmengine - INFO - Saving checkpoint at 199 epochs
2023/02/04 20:41:50 - mmengine - INFO - Epoch(val) [199][20/20]  accuracy/top1: 91.1800
2023/02/04 20:42:09 - mmengine - INFO - Epoch(train) [200][50/98]  lr: 4.0000e-03  eta: 0:00:17  time: 0.3689  data_time: 0.0011  memory: 3263  loss: 0.0082
2023/02/04 20:42:26 - mmengine - INFO - Exp name: efficientnet-b3_in_cifar10_20230204_183028
2023/02/04 20:42:26 - mmengine - INFO - Saving checkpoint at 200 epochs
2023/02/04 20:42:29 - mmengine - INFO - Epoch(val) [200][20/20]  accuracy/top1: 91.1000
